Using pre-set license
Built from '2022.3/staging' branch; Version is '2022.3.31f1 (4ede2d13e8b4) revision 5168685'; Using compiler version '192829333'; Build Type 'Release'
OS: 'Windows 11  (10.0.22631) 64bit Core' Language: 'en' Physical Memory: 32530 MB
BatchMode: 1, IsHumanControllingUs: 0, StartBugReporterOnCrash: 0, Is64bit: 1, IsPro: 1

COMMAND LINE ARGUMENTS:
C:\Program Files\Unity\Hub\Editor\2022.3.31f1\Editor\Unity.exe
-adb2
-batchMode
-noUpm
-name
AssetImportWorker6
-projectPath
C:/Users/jianu/Documents/College/PracticasEmpresas/HL2.0
-logFile
Logs/AssetImportWorker6.log
-srvPort
52629
Successfully changed project path to: C:/Users/jianu/Documents/College/PracticasEmpresas/HL2.0
C:/Users/jianu/Documents/College/PracticasEmpresas/HL2.0
[UnityMemory] Configuration Parameters - Can be set up in boot.config
    "memorysetup-bucket-allocator-granularity=16"
    "memorysetup-bucket-allocator-bucket-count=8"
    "memorysetup-bucket-allocator-block-size=33554432"
    "memorysetup-bucket-allocator-block-count=8"
    "memorysetup-main-allocator-block-size=16777216"
    "memorysetup-thread-allocator-block-size=16777216"
    "memorysetup-gfx-main-allocator-block-size=16777216"
    "memorysetup-gfx-thread-allocator-block-size=16777216"
    "memorysetup-cache-allocator-block-size=4194304"
    "memorysetup-typetree-allocator-block-size=2097152"
    "memorysetup-profiler-bucket-allocator-granularity=16"
    "memorysetup-profiler-bucket-allocator-bucket-count=8"
    "memorysetup-profiler-bucket-allocator-block-size=33554432"
    "memorysetup-profiler-bucket-allocator-block-count=8"
    "memorysetup-profiler-allocator-block-size=16777216"
    "memorysetup-profiler-editor-allocator-block-size=1048576"
    "memorysetup-temp-allocator-size-main=16777216"
    "memorysetup-job-temp-allocator-block-size=2097152"
    "memorysetup-job-temp-allocator-block-size-background=1048576"
    "memorysetup-job-temp-allocator-reduction-small-platforms=262144"
    "memorysetup-allocator-temp-initial-block-size-main=262144"
    "memorysetup-allocator-temp-initial-block-size-worker=262144"
    "memorysetup-temp-allocator-size-background-worker=32768"
    "memorysetup-temp-allocator-size-job-worker=262144"
    "memorysetup-temp-allocator-size-preload-manager=33554432"
    "memorysetup-temp-allocator-size-nav-mesh-worker=65536"
    "memorysetup-temp-allocator-size-audio-worker=65536"
    "memorysetup-temp-allocator-size-cloud-worker=32768"
    "memorysetup-temp-allocator-size-gi-baking-worker=262144"
    "memorysetup-temp-allocator-size-gfx=262144"
Player connection [11748] Host "[IP] 192.168.1.135 [Port] 0 [Flags] 2 [Guid] 3369212481 [EditorId] 3369212481 [Version] 1048832 [Id] WindowsEditor(7,DESKTOP-20P5S6B) [Debug] 1 [PackageName] WindowsEditor [ProjectName] Editor" joined multi-casting on [225.0.0.222:54997]...

Player connection [11748] Host "[IP] 192.168.1.135 [Port] 0 [Flags] 2 [Guid] 3369212481 [EditorId] 3369212481 [Version] 1048832 [Id] WindowsEditor(7,DESKTOP-20P5S6B) [Debug] 1 [PackageName] WindowsEditor [ProjectName] Editor" joined alternative multi-casting on [225.0.0.222:34997]...

[PhysX] Initialized MultithreadedTaskDispatcher with 20 workers.
Refreshing native plugins compatible for Editor in 8.40 ms, found 2 plugins.
Preloading 0 native plugins for Editor in 0.00 ms.
Initialize engine version: 2022.3.31f1 (4ede2d13e8b4)
[Subsystems] Discovering subsystems at path C:/Program Files/Unity/Hub/Editor/2022.3.31f1/Editor/Data/Resources/UnitySubsystems
[Subsystems] Discovering subsystems at path C:/Users/jianu/Documents/College/PracticasEmpresas/HL2.0/Assets
GfxDevice: creating device client; threaded=0; jobified=0
Direct3D:
    Version:  Direct3D 11.0 [level 11.1]
    Renderer: AMD Radeon RX 6800 XT (ID=0x73bf)
    Vendor:   ATI
    VRAM:     16337 MB
    Driver:   31.0.21031.1005
Initialize mono
Mono path[0] = 'C:/Program Files/Unity/Hub/Editor/2022.3.31f1/Editor/Data/Managed'
Mono path[1] = 'C:/Program Files/Unity/Hub/Editor/2022.3.31f1/Editor/Data/MonoBleedingEdge/lib/mono/unityjit-win32'
Mono config path = 'C:/Program Files/Unity/Hub/Editor/2022.3.31f1/Editor/Data/MonoBleedingEdge/etc'
Using monoOptions --debugger-agent=transport=dt_socket,embedding=1,server=y,suspend=n,address=127.0.0.1:56724
Begin MonoManager ReloadAssembly
Registering precompiled unity dll's ...
Register platform support module: C:/Program Files/Unity/Hub/Editor/2022.3.31f1/Editor/Data/PlaybackEngines/WindowsStandaloneSupport/UnityEditor.WindowsStandalone.Extensions.dll
Registered in 0.004431 seconds.
- Loaded All Assemblies, in  0.215 seconds
Native extension for WindowsStandalone target not found
Mono: successfully reloaded assembly
- Finished resetting the current domain, in  0.169 seconds
Domain Reload Profiling: 383ms
	BeginReloadAssembly (67ms)
		ExecutionOrderSort (0ms)
		DisableScriptedObjects (0ms)
		BackupInstance (0ms)
		ReleaseScriptingObjects (0ms)
		CreateAndSetChildDomain (1ms)
	RebuildCommonClasses (20ms)
	RebuildNativeTypeToScriptingClass (6ms)
	initialDomainReloadingComplete (37ms)
	LoadAllAssembliesAndSetupDomain (84ms)
		LoadAssemblies (66ms)
		RebuildTransferFunctionScriptingTraits (0ms)
		AnalyzeDomain (82ms)
			TypeCache.Refresh (82ms)
				TypeCache.ScanAssembly (74ms)
			ScanForSourceGeneratedMonoScriptInfo (0ms)
			ResolveRequiredComponents (0ms)
	FinalizeReload (169ms)
		ReleaseScriptCaches (0ms)
		RebuildScriptCaches (0ms)
		SetupLoadedEditorAssemblies (131ms)
			LogAssemblyErrors (0ms)
			InitializePlatformSupportModulesInManaged (6ms)
			SetLoadedEditorAssemblies (5ms)
			RefreshPlugins (0ms)
			BeforeProcessingInitializeOnLoad (1ms)
			ProcessInitializeOnLoadAttributes (90ms)
			ProcessInitializeOnLoadMethodAttributes (29ms)
			AfterProcessingInitializeOnLoad (0ms)
			EditorAssembliesLoaded (0ms)
		ExecutionOrderSort2 (0ms)
		AwakeInstancesAfterBackupRestoration (0ms)
========================================================================
Worker process is ready to serve import requests
Begin MonoManager ReloadAssembly
Symbol file LoadedFromMemory is not a mono symbol file
- Loaded All Assemblies, in  0.377 seconds
Refreshing native plugins compatible for Editor in 5.47 ms, found 2 plugins.
Native extension for WindowsStandalone target not found
Package Manager log level set to [2]
[Package Manager] Server::EnsureServerProcessIsRunning -- launch failed, reason: Unity was launched with the -noUpm command-line argument
[Package Manager] UpmClient::Send -- Unable to send message (not connected to UPM process).
[Package Manager] Cannot connect to Unity Package Manager local server
Mono: successfully reloaded assembly
- Finished resetting the current domain, in  0.426 seconds
Domain Reload Profiling: 801ms
	BeginReloadAssembly (92ms)
		ExecutionOrderSort (0ms)
		DisableScriptedObjects (3ms)
		BackupInstance (0ms)
		ReleaseScriptingObjects (0ms)
		CreateAndSetChildDomain (13ms)
	RebuildCommonClasses (20ms)
	RebuildNativeTypeToScriptingClass (6ms)
	initialDomainReloadingComplete (26ms)
	LoadAllAssembliesAndSetupDomain (230ms)
		LoadAssemblies (210ms)
		RebuildTransferFunctionScriptingTraits (0ms)
		AnalyzeDomain (73ms)
			TypeCache.Refresh (60ms)
				TypeCache.ScanAssembly (50ms)
			ScanForSourceGeneratedMonoScriptInfo (11ms)
			ResolveRequiredComponents (2ms)
	FinalizeReload (427ms)
		ReleaseScriptCaches (0ms)
		RebuildScriptCaches (0ms)
		SetupLoadedEditorAssemblies (334ms)
			LogAssemblyErrors (0ms)
			InitializePlatformSupportModulesInManaged (5ms)
			SetLoadedEditorAssemblies (3ms)
			RefreshPlugins (0ms)
			BeforeProcessingInitializeOnLoad (39ms)
			ProcessInitializeOnLoadAttributes (193ms)
			ProcessInitializeOnLoadMethodAttributes (90ms)
			AfterProcessingInitializeOnLoad (4ms)
			EditorAssembliesLoaded (0ms)
		ExecutionOrderSort2 (0ms)
		AwakeInstancesAfterBackupRestoration (4ms)
Launched and connected shader compiler UnityShaderCompiler.exe after 0.03 seconds
Refreshing native plugins compatible for Editor in 5.21 ms, found 2 plugins.
Preloading 0 native plugins for Editor in 0.00 ms.
Unloading 2535 Unused Serialized files (Serialized files now loaded: 0)
Unloading 66 unused Assets / (72.6 KB). Loaded Objects now: 2974.
Memory consumption went from 107.3 MB to 107.3 MB.
Total: 4.502800 ms (FindLiveObjects: 0.127400 ms CreateObjectMapping: 0.039500 ms MarkObjects: 4.239600 ms  DeleteObjects: 0.095600 ms)

AssetImportParameters requested are different than current active one (requested -> active):
  custom:video-decoder-webm-vp8: 9c59270c3fd7afecdb556c50c9e8de78 -> 
  custom:scripting/monoscript/fileName/AssetManager.cs: 2b8749f5b94569975d472b5d20812787 -> 
  custom:scripting/monoscript/fileName/ActorXApiException.cs: 7fe7f0dede163a8484c4632f27aea59d -> 
  custom:scripting/monoscript/fileName/IWebServiceRequest.cs: 8622d5b914365b6a16e97ca6508d0a73 -> 
  custom:scripting/monoscript/fileName/TraceException.cs: 772bde6351e95f21e2d2ecebfce363f4 -> 
  custom:scripting/monoscript/fileName/Tracker.cs: a5be636750c3798cd02f09599a462662 -> 4c0b57620ab3ff043c5873c365f0e670
  custom:SearchIndexIgnoredProperties: e643bd26f0fe6173181afceb89e7c659 -> 
  custom:scripting/monoscript/fileName/SimpleJSON.cs: 854a6f2fe34cc0b6194ac82bb7b08943 -> 70c028a07c79c166db015acda1282d86
  custom:container-demuxer-ogg: 62fdf1f143b41e24485cea50d1cbac27 -> 
  custom:AudioImporter_EditorPlatform: d09bf68614088b80899f8185d706f6e7 -> 
  custom:scripting/monoscript/fileName/IBridge.cs: 32457dec32e97313c41f53c0accc2686 -> 
  custom:scripting/monoscript/fileName/TrackerAssetSettings.cs: 70a6058392f63e12402b11b84d1a1549 -> 
  custom:scripting/monoscript/fileName/ILog.cs: 6f2137e3b6623583aabb0c2fb100ff62 -> 
  custom:scripting/monoscript/fileName/IDefaultSettings.cs: 4db81ce6ffef35675e0c3b02f39fcdb4 -> 
  custom:video-decoder-ogg-theora: a1e56fd34408186e4bbccfd4996cb3dc -> 
  custom:scripting/monoscript/fileName/XApiException.cs: 5d0ff04588b0bc9f0cc88132ef409a51 -> 
  custom:framework-win-MediaFoundation: 216162199b28c13a410421893ffa2e32 -> 
  custom:scripting/monoscript/fileName/TargetXApiException.cs: adc7580ff01aba7428bd81451a1da61a -> 
  custom:scripting/monoscript/fileName/TrackerAssetUtils.cs: 6d485ad9961a73e7d344e7f39bc87d7b -> 
  custom:scripting/monoscript/fileName/IWebServiceRequestAsync.cs: dc6dca6add60f3d2a8c63f6c983bbd76 -> 
  custom:video-encoder-webm-vp8: eb34c28f22e8b96e1ab97ce403110664 -> 
  custom:scripting/monoscript/fileName/IAsset.cs: 06fad4d88d1228ea8f2608340109f7f8 -> 
  custom:scripting/monoscript/fileName/ExtensionXApiException.cs: 9a0daa22d9c21a18a38e23624c495cc4 -> 
  custom:audio-decoder-ogg-vorbis: bf7c407c2cedff20999df2af8eb42d56 -> 
  custom:scripting/monoscript/fileName/BaseAsset.cs: 50332eb09fde9a4746057be2ed404339 -> 
  custom:CustomObjectIndexerAttribute: 9a22284fe3817be447336de3de66b15e -> 
  custom:scripting/monoscript/fileName/TrackerAsset.cs: c18efb8e51dd29addd833a5d9a8f006b -> 
  custom:scripting/monoscript/fileName/VerbXApiException.cs: 3c2163b8f11428726cd27e339e1463ad -> 
  custom:scripting/monoscript/fileName/AccessibleTracker.cs: eb21079763ac04eee63314f4f3805ee1 -> 
  custom:scripting/monoscript/fileName/Messages.cs: e87a1e160e1707f77a4bc0fa0e5f7b4b -> 
  custom:scripting/monoscript/fileName/ConcurrentQueue.cs: 90647cc400823b41df847a6cbfc29026 -> 
  custom:scripting/monoscript/fileName/IDataStorage.cs: e3c8816fe5f5d539a27cff355fe3234a -> 
  custom:container-demuxer-webm: 4f35f7cbe854078d1ac9338744f61a02 -> 
  custom:scripting/monoscript/fileName/KeyExtensionException.cs: eea9973bfe05f3f56a1e408109d901c1 -> 
  custom:scripting/monoscript/fileName/RageVersionInfo.cs: c69b16abffa576f6810d336b85dd521f -> 
  custom:scripting/monoscript/fileName/GameObjectTracker.cs: 13d6ebee78eb69496005ae26cfb6798f -> 
  custom:scripting/monoscript/fileName/TrackerException.cs: fe1d9d9bf7d9815178e0a4dab50f8126 -> 
  custom:scripting/monoscript/fileName/ExtensionException.cs: 8b5dcb05962dfd55f355da6d1c4d1ca4 -> 
  custom:audio-encoder-webm-vorbis: bf7c407c2cedff20999df2af8eb42d56 -> 
  custom:scripting/monoscript/fileName/AlternativeTracker.cs: 6e7ee74b24aa0cbb0bbc186d7f468d5f -> 
  custom:scripting/monoscript/fileName/BaseSettings.cs: 0442d71ad0a6c7eb18ab844ef77193e7 -> 
  custom:scripting/monoscript/fileName/RageExtensions.cs: ecbb6a01ed8a8ea9c58246c78df2f45f -> 
  custom:scripting/monoscript/fileName/CompletableTracker.cs: 1ede3f8cd9ae60b9873298839c6d92da -> 
  custom:scripting/monoscript/fileName/UnityBridge.cs: fd5d9725a25d3d37df36ee8e2cc9ef16 -> 7177b8a7457b0afb5bc1b4da59bdad06
  custom:container-muxer-webm: aa71ff27fc2769a1b78a27578f13a17b -> 
  custom:scripting/monoscript/fileName/ValueExtensionException.cs: 5b7afaac55392dc878612093f55c2204 -> 
  custom:scripting/monoscript/fileName/ISettings.cs: dd6b2a632258d554449ffb39c1990761 -> 
========================================================================
Received Prepare
Begin MonoManager ReloadAssembly
Symbol file LoadedFromMemory is not a mono symbol file
- Loaded All Assemblies, in  0.402 seconds
Refreshing native plugins compatible for Editor in 6.99 ms, found 2 plugins.
Native extension for WindowsStandalone target not found
[Package Manager] Server::EnsureServerProcessIsRunning -- launch failed, reason: Unity was launched with the -noUpm command-line argument
[Package Manager] UpmClient::Send -- Unable to send message (not connected to UPM process).
[Package Manager] Cannot connect to Unity Package Manager local server
Mono: successfully reloaded assembly
- Finished resetting the current domain, in  0.593 seconds
Domain Reload Profiling: 993ms
	BeginReloadAssembly (202ms)
		ExecutionOrderSort (0ms)
		DisableScriptedObjects (3ms)
		BackupInstance (0ms)
		ReleaseScriptingObjects (0ms)
		CreateAndSetChildDomain (21ms)
	RebuildCommonClasses (19ms)
	RebuildNativeTypeToScriptingClass (12ms)
	initialDomainReloadingComplete (20ms)
	LoadAllAssembliesAndSetupDomain (148ms)
		LoadAssemblies (195ms)
		RebuildTransferFunctionScriptingTraits (0ms)
		AnalyzeDomain (7ms)
			TypeCache.Refresh (4ms)
				TypeCache.ScanAssembly (0ms)
			ScanForSourceGeneratedMonoScriptInfo (0ms)
			ResolveRequiredComponents (2ms)
	FinalizeReload (593ms)
		ReleaseScriptCaches (0ms)
		RebuildScriptCaches (0ms)
		SetupLoadedEditorAssemblies (338ms)
			LogAssemblyErrors (0ms)
			InitializePlatformSupportModulesInManaged (5ms)
			SetLoadedEditorAssemblies (3ms)
			RefreshPlugins (0ms)
			BeforeProcessingInitializeOnLoad (41ms)
			ProcessInitializeOnLoadAttributes (199ms)
			ProcessInitializeOnLoadMethodAttributes (85ms)
			AfterProcessingInitializeOnLoad (4ms)
			EditorAssembliesLoaded (0ms)
		ExecutionOrderSort2 (0ms)
		AwakeInstancesAfterBackupRestoration (5ms)
Refreshing native plugins compatible for Editor in 4.98 ms, found 2 plugins.
Preloading 0 native plugins for Editor in 0.00 ms.
Unloading 2529 Unused Serialized files (Serialized files now loaded: 0)
Unloading 57 unused Assets / (46.7 KB). Loaded Objects now: 2977.
Memory consumption went from 106.5 MB to 106.4 MB.
Total: 4.348800 ms (FindLiveObjects: 0.134500 ms CreateObjectMapping: 0.040000 ms MarkObjects: 4.094900 ms  DeleteObjects: 0.077900 ms)

Prepare: number of updated asset objects reloaded= 0
AssetImportParameters requested are different than current active one (requested -> active):
  custom:video-decoder-webm-vp8: 9c59270c3fd7afecdb556c50c9e8de78 -> 
  custom:scripting/monoscript/fileName/AssetManager.cs: 2b8749f5b94569975d472b5d20812787 -> 
  custom:scripting/monoscript/fileName/ActorXApiException.cs: 7fe7f0dede163a8484c4632f27aea59d -> 
  custom:scripting/monoscript/fileName/IWebServiceRequest.cs: 8622d5b914365b6a16e97ca6508d0a73 -> 
  custom:scripting/monoscript/fileName/TraceException.cs: 772bde6351e95f21e2d2ecebfce363f4 -> 
  custom:scripting/monoscript/fileName/Tracker.cs: a5be636750c3798cd02f09599a462662 -> 4c0b57620ab3ff043c5873c365f0e670
  custom:SearchIndexIgnoredProperties: e643bd26f0fe6173181afceb89e7c659 -> 
  custom:scripting/monoscript/fileName/SimpleJSON.cs: 854a6f2fe34cc0b6194ac82bb7b08943 -> 70c028a07c79c166db015acda1282d86
  custom:container-demuxer-ogg: 62fdf1f143b41e24485cea50d1cbac27 -> 
  custom:AudioImporter_EditorPlatform: d09bf68614088b80899f8185d706f6e7 -> 
  custom:scripting/monoscript/fileName/IBridge.cs: 32457dec32e97313c41f53c0accc2686 -> 
  custom:scripting/monoscript/fileName/TrackerAssetSettings.cs: 70a6058392f63e12402b11b84d1a1549 -> 
  custom:scripting/monoscript/fileName/ILog.cs: 6f2137e3b6623583aabb0c2fb100ff62 -> 
  custom:scripting/monoscript/fileName/IDefaultSettings.cs: 4db81ce6ffef35675e0c3b02f39fcdb4 -> 
  custom:video-decoder-ogg-theora: a1e56fd34408186e4bbccfd4996cb3dc -> 
  custom:scripting/monoscript/fileName/XApiException.cs: 5d0ff04588b0bc9f0cc88132ef409a51 -> 
  custom:framework-win-MediaFoundation: 216162199b28c13a410421893ffa2e32 -> 
  custom:scripting/monoscript/fileName/TargetXApiException.cs: adc7580ff01aba7428bd81451a1da61a -> 
  custom:scripting/monoscript/fileName/TrackerAssetUtils.cs: 6d485ad9961a73e7d344e7f39bc87d7b -> 
  custom:scripting/monoscript/fileName/IWebServiceRequestAsync.cs: dc6dca6add60f3d2a8c63f6c983bbd76 -> 
  custom:video-encoder-webm-vp8: eb34c28f22e8b96e1ab97ce403110664 -> 
  custom:scripting/monoscript/fileName/IAsset.cs: 06fad4d88d1228ea8f2608340109f7f8 -> 
  custom:scripting/monoscript/fileName/ExtensionXApiException.cs: 9a0daa22d9c21a18a38e23624c495cc4 -> 
  custom:audio-decoder-ogg-vorbis: bf7c407c2cedff20999df2af8eb42d56 -> 
  custom:scripting/monoscript/fileName/BaseAsset.cs: 50332eb09fde9a4746057be2ed404339 -> 
  custom:CustomObjectIndexerAttribute: 9a22284fe3817be447336de3de66b15e -> 
  custom:scripting/monoscript/fileName/TrackerAsset.cs: c18efb8e51dd29addd833a5d9a8f006b -> 
  custom:scripting/monoscript/fileName/VerbXApiException.cs: 3c2163b8f11428726cd27e339e1463ad -> 
  custom:scripting/monoscript/fileName/AccessibleTracker.cs: eb21079763ac04eee63314f4f3805ee1 -> 
  custom:scripting/monoscript/fileName/Messages.cs: e87a1e160e1707f77a4bc0fa0e5f7b4b -> 
  custom:scripting/monoscript/fileName/ConcurrentQueue.cs: 90647cc400823b41df847a6cbfc29026 -> 
  custom:scripting/monoscript/fileName/IDataStorage.cs: e3c8816fe5f5d539a27cff355fe3234a -> 
  custom:container-demuxer-webm: 4f35f7cbe854078d1ac9338744f61a02 -> 
  custom:scripting/monoscript/fileName/KeyExtensionException.cs: eea9973bfe05f3f56a1e408109d901c1 -> 
  custom:scripting/monoscript/fileName/RageVersionInfo.cs: c69b16abffa576f6810d336b85dd521f -> 
  custom:scripting/monoscript/fileName/GameObjectTracker.cs: 13d6ebee78eb69496005ae26cfb6798f -> 
  custom:scripting/monoscript/fileName/TrackerException.cs: fe1d9d9bf7d9815178e0a4dab50f8126 -> 
  custom:scripting/monoscript/fileName/ExtensionException.cs: 8b5dcb05962dfd55f355da6d1c4d1ca4 -> 
  custom:audio-encoder-webm-vorbis: bf7c407c2cedff20999df2af8eb42d56 -> 
  custom:scripting/monoscript/fileName/AlternativeTracker.cs: 6e7ee74b24aa0cbb0bbc186d7f468d5f -> 
  custom:scripting/monoscript/fileName/BaseSettings.cs: 0442d71ad0a6c7eb18ab844ef77193e7 -> 
  custom:scripting/monoscript/fileName/RageExtensions.cs: ecbb6a01ed8a8ea9c58246c78df2f45f -> 
  custom:scripting/monoscript/fileName/CompletableTracker.cs: 1ede3f8cd9ae60b9873298839c6d92da -> 
  custom:scripting/monoscript/fileName/UnityBridge.cs: fd5d9725a25d3d37df36ee8e2cc9ef16 -> 7177b8a7457b0afb5bc1b4da59bdad06
  custom:container-muxer-webm: aa71ff27fc2769a1b78a27578f13a17b -> 
  custom:scripting/monoscript/fileName/ValueExtensionException.cs: 5b7afaac55392dc878612093f55c2204 -> 
  custom:scripting/monoscript/fileName/ISettings.cs: dd6b2a632258d554449ffb39c1990761 -> 
========================================================================
Received Import Request.
  Time since last request: 4765.521897 seconds.
  path: Assets/Antiguo/Scenes/CoverPage.unity
  artifactKey: Guid(d7c090e4d97e45042bfd65010c5a9a7c) Importer(815301076,1909f56bfc062723c751e8b465ee728b)
Start importing Assets/Antiguo/Scenes/CoverPage.unity using Guid(d7c090e4d97e45042bfd65010c5a9a7c) Importer(815301076,1909f56bfc062723c751e8b465ee728b) [PhysX] Initialized MultithreadedTaskDispatcher with 20 workers.
 -> (artifact id: 'a7e8b49416ac1b460e8e65cbd2979478') in 0.001798 seconds
Number of updated asset objects reloaded before import = 0
Number of asset objects unloaded after import = 0
========================================================================
Received Prepare
Begin MonoManager ReloadAssembly
Symbol file LoadedFromMemory is not a mono symbol file
- Loaded All Assemblies, in  0.389 seconds
Refreshing native plugins compatible for Editor in 4.91 ms, found 2 plugins.
Native extension for WindowsStandalone target not found
[Package Manager] Server::EnsureServerProcessIsRunning -- launch failed, reason: Unity was launched with the -noUpm command-line argument
[Package Manager] UpmClient::Send -- Unable to send message (not connected to UPM process).
[Package Manager] Cannot connect to Unity Package Manager local server
Mono: successfully reloaded assembly
- Finished resetting the current domain, in  0.613 seconds
Domain Reload Profiling: 1000ms
	BeginReloadAssembly (201ms)
		ExecutionOrderSort (0ms)
		DisableScriptedObjects (3ms)
		BackupInstance (0ms)
		ReleaseScriptingObjects (0ms)
		CreateAndSetChildDomain (21ms)
	RebuildCommonClasses (19ms)
	RebuildNativeTypeToScriptingClass (10ms)
	initialDomainReloadingComplete (22ms)
	LoadAllAssembliesAndSetupDomain (136ms)
		LoadAssemblies (182ms)
		RebuildTransferFunctionScriptingTraits (0ms)
		AnalyzeDomain (6ms)
			TypeCache.Refresh (3ms)
				TypeCache.ScanAssembly (0ms)
			ScanForSourceGeneratedMonoScriptInfo (0ms)
			ResolveRequiredComponents (2ms)
	FinalizeReload (613ms)
		ReleaseScriptCaches (0ms)
		RebuildScriptCaches (0ms)
		SetupLoadedEditorAssemblies (358ms)
			LogAssemblyErrors (0ms)
			InitializePlatformSupportModulesInManaged (4ms)
			SetLoadedEditorAssemblies (3ms)
			RefreshPlugins (0ms)
			BeforeProcessingInitializeOnLoad (43ms)
			ProcessInitializeOnLoadAttributes (205ms)
			ProcessInitializeOnLoadMethodAttributes (98ms)
			AfterProcessingInitializeOnLoad (5ms)
			EditorAssembliesLoaded (0ms)
		ExecutionOrderSort2 (0ms)
		AwakeInstancesAfterBackupRestoration (5ms)
Refreshing native plugins compatible for Editor in 5.89 ms, found 2 plugins.
Preloading 0 native plugins for Editor in 0.00 ms.
Unloading 2528 Unused Serialized files (Serialized files now loaded: 0)
Unloading 57 unused Assets / (46.6 KB). Loaded Objects now: 2980.
Memory consumption went from 106.2 MB to 106.2 MB.
Total: 3.570100 ms (FindLiveObjects: 0.108900 ms CreateObjectMapping: 0.031700 ms MarkObjects: 3.379500 ms  DeleteObjects: 0.049500 ms)

Prepare: number of updated asset objects reloaded= 0
AssetImportParameters requested are different than current active one (requested -> active):
  custom:video-decoder-webm-vp8: 9c59270c3fd7afecdb556c50c9e8de78 -> 
  custom:scripting/monoscript/fileName/AssetManager.cs: 2b8749f5b94569975d472b5d20812787 -> 
  custom:scripting/monoscript/fileName/ActorXApiException.cs: 7fe7f0dede163a8484c4632f27aea59d -> 
  custom:scripting/monoscript/fileName/IWebServiceRequest.cs: 8622d5b914365b6a16e97ca6508d0a73 -> 
  custom:scripting/monoscript/fileName/TraceException.cs: 772bde6351e95f21e2d2ecebfce363f4 -> 
  custom:scripting/monoscript/fileName/Tracker.cs: a5be636750c3798cd02f09599a462662 -> 4c0b57620ab3ff043c5873c365f0e670
  custom:SearchIndexIgnoredProperties: e643bd26f0fe6173181afceb89e7c659 -> 
  custom:scripting/monoscript/fileName/SimpleJSON.cs: 854a6f2fe34cc0b6194ac82bb7b08943 -> 70c028a07c79c166db015acda1282d86
  custom:container-demuxer-ogg: 62fdf1f143b41e24485cea50d1cbac27 -> 
  custom:AudioImporter_EditorPlatform: d09bf68614088b80899f8185d706f6e7 -> 
  custom:scripting/monoscript/fileName/IBridge.cs: 32457dec32e97313c41f53c0accc2686 -> 
  custom:scripting/monoscript/fileName/TrackerAssetSettings.cs: 70a6058392f63e12402b11b84d1a1549 -> 
  custom:scripting/monoscript/fileName/ILog.cs: 6f2137e3b6623583aabb0c2fb100ff62 -> 
  custom:scripting/monoscript/fileName/IDefaultSettings.cs: 4db81ce6ffef35675e0c3b02f39fcdb4 -> 
  custom:video-decoder-ogg-theora: a1e56fd34408186e4bbccfd4996cb3dc -> 
  custom:scripting/monoscript/fileName/XApiException.cs: 5d0ff04588b0bc9f0cc88132ef409a51 -> 
  custom:framework-win-MediaFoundation: 216162199b28c13a410421893ffa2e32 -> 
  custom:scripting/monoscript/fileName/TargetXApiException.cs: adc7580ff01aba7428bd81451a1da61a -> 
  custom:scripting/monoscript/fileName/TrackerAssetUtils.cs: 6d485ad9961a73e7d344e7f39bc87d7b -> 
  custom:scripting/monoscript/fileName/IWebServiceRequestAsync.cs: dc6dca6add60f3d2a8c63f6c983bbd76 -> 
  custom:video-encoder-webm-vp8: eb34c28f22e8b96e1ab97ce403110664 -> 
  custom:scripting/monoscript/fileName/IAsset.cs: 06fad4d88d1228ea8f2608340109f7f8 -> 
  custom:scripting/monoscript/fileName/ExtensionXApiException.cs: 9a0daa22d9c21a18a38e23624c495cc4 -> 
  custom:audio-decoder-ogg-vorbis: bf7c407c2cedff20999df2af8eb42d56 -> 
  custom:scripting/monoscript/fileName/BaseAsset.cs: 50332eb09fde9a4746057be2ed404339 -> 
  custom:CustomObjectIndexerAttribute: 9a22284fe3817be447336de3de66b15e -> 
  custom:scripting/monoscript/fileName/TrackerAsset.cs: c18efb8e51dd29addd833a5d9a8f006b -> 
  custom:scripting/monoscript/fileName/VerbXApiException.cs: 3c2163b8f11428726cd27e339e1463ad -> 
  custom:scripting/monoscript/fileName/AccessibleTracker.cs: eb21079763ac04eee63314f4f3805ee1 -> 
  custom:scripting/monoscript/fileName/Messages.cs: e87a1e160e1707f77a4bc0fa0e5f7b4b -> 
  custom:scripting/monoscript/fileName/ConcurrentQueue.cs: 90647cc400823b41df847a6cbfc29026 -> 
  custom:scripting/monoscript/fileName/IDataStorage.cs: e3c8816fe5f5d539a27cff355fe3234a -> 
  custom:container-demuxer-webm: 4f35f7cbe854078d1ac9338744f61a02 -> 
  custom:scripting/monoscript/fileName/KeyExtensionException.cs: eea9973bfe05f3f56a1e408109d901c1 -> 
  custom:scripting/monoscript/fileName/RageVersionInfo.cs: c69b16abffa576f6810d336b85dd521f -> 
  custom:scripting/monoscript/fileName/GameObjectTracker.cs: 13d6ebee78eb69496005ae26cfb6798f -> 
  custom:scripting/monoscript/fileName/TrackerException.cs: fe1d9d9bf7d9815178e0a4dab50f8126 -> 
  custom:scripting/monoscript/fileName/ExtensionException.cs: 8b5dcb05962dfd55f355da6d1c4d1ca4 -> 
  custom:audio-encoder-webm-vorbis: bf7c407c2cedff20999df2af8eb42d56 -> 
  custom:scripting/monoscript/fileName/AlternativeTracker.cs: 6e7ee74b24aa0cbb0bbc186d7f468d5f -> 
  custom:scripting/monoscript/fileName/BaseSettings.cs: 0442d71ad0a6c7eb18ab844ef77193e7 -> 
  custom:scripting/monoscript/fileName/RageExtensions.cs: ecbb6a01ed8a8ea9c58246c78df2f45f -> 
  custom:scripting/monoscript/fileName/CompletableTracker.cs: 1ede3f8cd9ae60b9873298839c6d92da -> 
  custom:scripting/monoscript/fileName/UnityBridge.cs: fd5d9725a25d3d37df36ee8e2cc9ef16 -> 7177b8a7457b0afb5bc1b4da59bdad06
  custom:container-muxer-webm: aa71ff27fc2769a1b78a27578f13a17b -> 
  custom:scripting/monoscript/fileName/ValueExtensionException.cs: 5b7afaac55392dc878612093f55c2204 -> 
  custom:scripting/monoscript/fileName/ISettings.cs: dd6b2a632258d554449ffb39c1990761 -> 
========================================================================
Received Prepare
Begin MonoManager ReloadAssembly
Symbol file LoadedFromMemory is not a mono symbol file
- Loaded All Assemblies, in  0.443 seconds
Refreshing native plugins compatible for Editor in 5.19 ms, found 2 plugins.
Native extension for WindowsStandalone target not found
[Package Manager] Server::EnsureServerProcessIsRunning -- launch failed, reason: Unity was launched with the -noUpm command-line argument
[Package Manager] UpmClient::Send -- Unable to send message (not connected to UPM process).
[Package Manager] Cannot connect to Unity Package Manager local server
Mono: successfully reloaded assembly
- Finished resetting the current domain, in  0.575 seconds
Domain Reload Profiling: 1016ms
	BeginReloadAssembly (223ms)
		ExecutionOrderSort (0ms)
		DisableScriptedObjects (3ms)
		BackupInstance (0ms)
		ReleaseScriptingObjects (0ms)
		CreateAndSetChildDomain (20ms)
	RebuildCommonClasses (19ms)
	RebuildNativeTypeToScriptingClass (7ms)
	initialDomainReloadingComplete (18ms)
	LoadAllAssembliesAndSetupDomain (175ms)
		LoadAssemblies (190ms)
		RebuildTransferFunctionScriptingTraits (0ms)
		AnalyzeDomain (41ms)
			TypeCache.Refresh (28ms)
				TypeCache.ScanAssembly (22ms)
			ScanForSourceGeneratedMonoScriptInfo (10ms)
			ResolveRequiredComponents (2ms)
	FinalizeReload (576ms)
		ReleaseScriptCaches (0ms)
		RebuildScriptCaches (0ms)
		SetupLoadedEditorAssemblies (334ms)
			LogAssemblyErrors (0ms)
			InitializePlatformSupportModulesInManaged (4ms)
			SetLoadedEditorAssemblies (3ms)
			RefreshPlugins (0ms)
			BeforeProcessingInitializeOnLoad (42ms)
			ProcessInitializeOnLoadAttributes (192ms)
			ProcessInitializeOnLoadMethodAttributes (88ms)
			AfterProcessingInitializeOnLoad (5ms)
			EditorAssembliesLoaded (0ms)
		ExecutionOrderSort2 (0ms)
		AwakeInstancesAfterBackupRestoration (6ms)
Refreshing native plugins compatible for Editor in 5.63 ms, found 2 plugins.
Preloading 0 native plugins for Editor in 0.00 ms.
Unloading 2529 Unused Serialized files (Serialized files now loaded: 0)
Unloading 57 unused Assets / (46.7 KB). Loaded Objects now: 2983.
Memory consumption went from 106.5 MB to 106.5 MB.
Total: 4.764800 ms (FindLiveObjects: 0.212500 ms CreateObjectMapping: 0.071000 ms MarkObjects: 4.420300 ms  DeleteObjects: 0.059400 ms)

Prepare: number of updated asset objects reloaded= 0
AssetImportParameters requested are different than current active one (requested -> active):
  custom:video-decoder-webm-vp8: 9c59270c3fd7afecdb556c50c9e8de78 -> 
  custom:scripting/monoscript/fileName/AssetManager.cs: 2b8749f5b94569975d472b5d20812787 -> 
  custom:scripting/monoscript/fileName/ActorXApiException.cs: 7fe7f0dede163a8484c4632f27aea59d -> 
  custom:scripting/monoscript/fileName/IWebServiceRequest.cs: 8622d5b914365b6a16e97ca6508d0a73 -> 
  custom:scripting/monoscript/fileName/TraceException.cs: 772bde6351e95f21e2d2ecebfce363f4 -> 
  custom:scripting/monoscript/fileName/Tracker.cs: a5be636750c3798cd02f09599a462662 -> 4c0b57620ab3ff043c5873c365f0e670
  custom:SearchIndexIgnoredProperties: e643bd26f0fe6173181afceb89e7c659 -> 
  custom:scripting/monoscript/fileName/SimpleJSON.cs: 854a6f2fe34cc0b6194ac82bb7b08943 -> 70c028a07c79c166db015acda1282d86
  custom:container-demuxer-ogg: 62fdf1f143b41e24485cea50d1cbac27 -> 
  custom:AudioImporter_EditorPlatform: d09bf68614088b80899f8185d706f6e7 -> 
  custom:scripting/monoscript/fileName/IBridge.cs: 32457dec32e97313c41f53c0accc2686 -> 
  custom:scripting/monoscript/fileName/TrackerAssetSettings.cs: 70a6058392f63e12402b11b84d1a1549 -> 
  custom:scripting/monoscript/fileName/ILog.cs: 6f2137e3b6623583aabb0c2fb100ff62 -> 
  custom:scripting/monoscript/fileName/IDefaultSettings.cs: 4db81ce6ffef35675e0c3b02f39fcdb4 -> 
  custom:video-decoder-ogg-theora: a1e56fd34408186e4bbccfd4996cb3dc -> 
  custom:scripting/monoscript/fileName/XApiException.cs: 5d0ff04588b0bc9f0cc88132ef409a51 -> 
  custom:framework-win-MediaFoundation: 216162199b28c13a410421893ffa2e32 -> 
  custom:scripting/monoscript/fileName/TargetXApiException.cs: adc7580ff01aba7428bd81451a1da61a -> 
  custom:scripting/monoscript/fileName/TrackerAssetUtils.cs: 6d485ad9961a73e7d344e7f39bc87d7b -> 
  custom:scripting/monoscript/fileName/IWebServiceRequestAsync.cs: dc6dca6add60f3d2a8c63f6c983bbd76 -> 
  custom:video-encoder-webm-vp8: eb34c28f22e8b96e1ab97ce403110664 -> 
  custom:scripting/monoscript/fileName/IAsset.cs: 06fad4d88d1228ea8f2608340109f7f8 -> 
  custom:scripting/monoscript/fileName/ExtensionXApiException.cs: 9a0daa22d9c21a18a38e23624c495cc4 -> 
  custom:audio-decoder-ogg-vorbis: bf7c407c2cedff20999df2af8eb42d56 -> 
  custom:scripting/monoscript/fileName/BaseAsset.cs: 50332eb09fde9a4746057be2ed404339 -> 
  custom:CustomObjectIndexerAttribute: 9a22284fe3817be447336de3de66b15e -> 
  custom:scripting/monoscript/fileName/TrackerAsset.cs: c18efb8e51dd29addd833a5d9a8f006b -> 
  custom:scripting/monoscript/fileName/VerbXApiException.cs: 3c2163b8f11428726cd27e339e1463ad -> 
  custom:scripting/monoscript/fileName/AccessibleTracker.cs: eb21079763ac04eee63314f4f3805ee1 -> 
  custom:scripting/monoscript/fileName/Messages.cs: e87a1e160e1707f77a4bc0fa0e5f7b4b -> 
  custom:scripting/monoscript/fileName/ConcurrentQueue.cs: 90647cc400823b41df847a6cbfc29026 -> 
  custom:scripting/monoscript/fileName/IDataStorage.cs: e3c8816fe5f5d539a27cff355fe3234a -> 
  custom:container-demuxer-webm: 4f35f7cbe854078d1ac9338744f61a02 -> 
  custom:scripting/monoscript/fileName/KeyExtensionException.cs: eea9973bfe05f3f56a1e408109d901c1 -> 
  custom:scripting/monoscript/fileName/RageVersionInfo.cs: c69b16abffa576f6810d336b85dd521f -> 
  custom:scripting/monoscript/fileName/GameObjectTracker.cs: 13d6ebee78eb69496005ae26cfb6798f -> 
  custom:scripting/monoscript/fileName/TrackerException.cs: fe1d9d9bf7d9815178e0a4dab50f8126 -> 
  custom:scripting/monoscript/fileName/ExtensionException.cs: 8b5dcb05962dfd55f355da6d1c4d1ca4 -> 
  custom:audio-encoder-webm-vorbis: bf7c407c2cedff20999df2af8eb42d56 -> 
  custom:scripting/monoscript/fileName/AlternativeTracker.cs: 6e7ee74b24aa0cbb0bbc186d7f468d5f -> 
  custom:scripting/monoscript/fileName/BaseSettings.cs: 0442d71ad0a6c7eb18ab844ef77193e7 -> 
  custom:scripting/monoscript/fileName/RageExtensions.cs: ecbb6a01ed8a8ea9c58246c78df2f45f -> 
  custom:scripting/monoscript/fileName/CompletableTracker.cs: 1ede3f8cd9ae60b9873298839c6d92da -> 
  custom:scripting/monoscript/fileName/UnityBridge.cs: fd5d9725a25d3d37df36ee8e2cc9ef16 -> 7177b8a7457b0afb5bc1b4da59bdad06
  custom:container-muxer-webm: aa71ff27fc2769a1b78a27578f13a17b -> 
  custom:scripting/monoscript/fileName/ValueExtensionException.cs: 5b7afaac55392dc878612093f55c2204 -> 
  custom:scripting/monoscript/fileName/ISettings.cs: dd6b2a632258d554449ffb39c1990761 -> 
========================================================================
Received Import Request.
  Time since last request: 170.876798 seconds.
  path: Assets/Antiguo/Recursos/Sprites/Clothes/ba침ador.png
  artifactKey: Guid(19efc2df2ac25174a9871afc6c3a27fa) Importer(815301076,1909f56bfc062723c751e8b465ee728b)
Start importing Assets/Antiguo/Recursos/Sprites/Clothes/ba침ador.png using Guid(19efc2df2ac25174a9871afc6c3a27fa) Importer(815301076,1909f56bfc062723c751e8b465ee728b) [PhysX] Initialized MultithreadedTaskDispatcher with 20 workers.
[PhysX] Initialized MultithreadedTaskDispatcher with 20 workers.
 -> (artifact id: '7c8d930bc430c89f45065fab821456aa') in 0.068964 seconds
Number of updated asset objects reloaded before import = 0
Number of asset objects unloaded after import = 3
========================================================================
Received Import Request.
  Time since last request: 0.000014 seconds.
  path: Assets/Antiguo/Recursos/Sprites/UI/botones.png
  artifactKey: Guid(cdedb49a156a89540a7793c59119ef35) Importer(815301076,1909f56bfc062723c751e8b465ee728b)
Start importing Assets/Antiguo/Recursos/Sprites/UI/botones.png using Guid(cdedb49a156a89540a7793c59119ef35) Importer(815301076,1909f56bfc062723c751e8b465ee728b) [PhysX] Initialized MultithreadedTaskDispatcher with 20 workers.
[PhysX] Initialized MultithreadedTaskDispatcher with 20 workers.
 -> (artifact id: '210269d5b1c4a75499df917f3e345a68') in 0.012107 seconds
Number of updated asset objects reloaded before import = 0
Number of asset objects unloaded after import = 3
========================================================================
Received Import Request.
  Time since last request: 1.141185 seconds.
  path: Assets/Sprites/Fondo/Comoda/cajon_abajo.png
  artifactKey: Guid(285e38642247c4c45afd50463ff20cec) Importer(815301076,1909f56bfc062723c751e8b465ee728b)
Start importing Assets/Sprites/Fondo/Comoda/cajon_abajo.png using Guid(285e38642247c4c45afd50463ff20cec) Importer(815301076,1909f56bfc062723c751e8b465ee728b) [PhysX] Initialized MultithreadedTaskDispatcher with 20 workers.
[PhysX] Initialized MultithreadedTaskDispatcher with 20 workers.
 -> (artifact id: 'add90bef3062df95b3816bc47677c6ef') in 0.009260 seconds
Number of updated asset objects reloaded before import = 0
Number of asset objects unloaded after import = 3
========================================================================
Received Import Request.
  Time since last request: 18.536387 seconds.
  path: Assets/Antiguo/Recursos/Sprites/UI/carpet.png
  artifactKey: Guid(4b369d64e239d2f4faaa25b8a5096fe0) Importer(815301076,1909f56bfc062723c751e8b465ee728b)
Start importing Assets/Antiguo/Recursos/Sprites/UI/carpet.png using Guid(4b369d64e239d2f4faaa25b8a5096fe0) Importer(815301076,1909f56bfc062723c751e8b465ee728b) [PhysX] Initialized MultithreadedTaskDispatcher with 20 workers.
[PhysX] Initialized MultithreadedTaskDispatcher with 20 workers.
 -> (artifact id: '17e4b47dbb87384bba87b5b63b6d2265') in 0.013638 seconds
Number of updated asset objects reloaded before import = 0
Number of asset objects unloaded after import = 3
========================================================================
Received Import Request.
  Time since last request: 0.020556 seconds.
  path: Assets/Antiguo/Recursos/Sprites/Clothes/chanclas2.png
  artifactKey: Guid(d1ea331253c19cd49bb2e5d030f3dac3) Importer(815301076,1909f56bfc062723c751e8b465ee728b)
Start importing Assets/Antiguo/Recursos/Sprites/Clothes/chanclas2.png using Guid(d1ea331253c19cd49bb2e5d030f3dac3) Importer(815301076,1909f56bfc062723c751e8b465ee728b) [PhysX] Initialized MultithreadedTaskDispatcher with 20 workers.
[PhysX] Initialized MultithreadedTaskDispatcher with 20 workers.
 -> (artifact id: '030b07ce9356df737a0267bfdf0a34a6') in 0.013494 seconds
Number of updated asset objects reloaded before import = 0
Number of asset objects unloaded after import = 3
========================================================================
Received Import Request.
  Time since last request: 0.793647 seconds.
  path: Assets/Sprites/Cursores/cursorPointer.png
  artifactKey: Guid(1b06f003ac0484f48be16aac90cfb4bd) Importer(815301076,1909f56bfc062723c751e8b465ee728b)
Start importing Assets/Sprites/Cursores/cursorPointer.png using Guid(1b06f003ac0484f48be16aac90cfb4bd) Importer(815301076,1909f56bfc062723c751e8b465ee728b) [PhysX] Initialized MultithreadedTaskDispatcher with 20 workers.
[PhysX] Initialized MultithreadedTaskDispatcher with 20 workers.
 -> (artifact id: '534348da874f7a899cb2d86ebcd9cae7') in 0.007724 seconds
Number of updated asset objects reloaded before import = 0
Number of asset objects unloaded after import = 2
========================================================================
Received Import Request.
  Time since last request: 0.264442 seconds.
  path: Assets/Antiguo/Recursos/Sprites/UI/dragger.png
  artifactKey: Guid(97b6bbf008cc1fa4288a8f6cc26778c5) Importer(815301076,1909f56bfc062723c751e8b465ee728b)
Start importing Assets/Antiguo/Recursos/Sprites/UI/dragger.png using Guid(97b6bbf008cc1fa4288a8f6cc26778c5) Importer(815301076,1909f56bfc062723c751e8b465ee728b) [PhysX] Initialized MultithreadedTaskDispatcher with 20 workers.
[PhysX] Initialized MultithreadedTaskDispatcher with 20 workers.
 -> (artifact id: '38af21e02c5e85122ded1345a0088fe8') in 0.013395 seconds
Number of updated asset objects reloaded before import = 0
Number of asset objects unloaded after import = 3
========================================================================
Received Import Request.
  Time since last request: 0.020085 seconds.
  path: Assets/Antiguo/Recursos/Sprites/enlanieve.png
  artifactKey: Guid(709dc9547c9bb9542a431634170b198c) Importer(815301076,1909f56bfc062723c751e8b465ee728b)
Start importing Assets/Antiguo/Recursos/Sprites/enlanieve.png using Guid(709dc9547c9bb9542a431634170b198c) Importer(815301076,1909f56bfc062723c751e8b465ee728b) [PhysX] Initialized MultithreadedTaskDispatcher with 20 workers.
[PhysX] Initialized MultithreadedTaskDispatcher with 20 workers.
 -> (artifact id: '2da47e5fd1dc734d459ba2ce0ec03edc') in 0.011067 seconds
Number of updated asset objects reloaded before import = 0
Number of asset objects unloaded after import = 3
========================================================================
Received Import Request.
  Time since last request: 0.018777 seconds.
  path: Assets/Sprites/Complementos/equipo_buceo.png
  artifactKey: Guid(6f499b22a17d57f4cbfd1f04211d8bcd) Importer(815301076,1909f56bfc062723c751e8b465ee728b)
Start importing Assets/Sprites/Complementos/equipo_buceo.png using Guid(6f499b22a17d57f4cbfd1f04211d8bcd) Importer(815301076,1909f56bfc062723c751e8b465ee728b) [PhysX] Initialized MultithreadedTaskDispatcher with 20 workers.
[PhysX] Initialized MultithreadedTaskDispatcher with 20 workers.
 -> (artifact id: '415f8b2ba2076add3b7390c0e157fbc6') in 0.010880 seconds
Number of updated asset objects reloaded before import = 0
Number of asset objects unloaded after import = 3
========================================================================
Received Import Request.
  Time since last request: 2.561540 seconds.
  path: Assets/Antiguo/Recursos/Fonts/Gotham Rounded Bold.otf
  artifactKey: Guid(e38efdbb2594b0d4881ef00dd9905534) Importer(815301076,1909f56bfc062723c751e8b465ee728b)
Start importing Assets/Antiguo/Recursos/Fonts/Gotham Rounded Bold.otf using Guid(e38efdbb2594b0d4881ef00dd9905534) Importer(815301076,1909f56bfc062723c751e8b465ee728b) [PhysX] Initialized MultithreadedTaskDispatcher with 20 workers.
[PhysX] Initialized MultithreadedTaskDispatcher with 20 workers.
[PhysX] Initialized MultithreadedTaskDispatcher with 20 workers.
 -> (artifact id: '679e52d6d1ae42454c412586bb0867c7') in 0.029301 seconds
Number of updated asset objects reloaded before import = 0
Number of asset objects unloaded after import = 4
========================================================================
Received Import Request.
  Time since last request: 0.000016 seconds.
  path: Assets/Sprites/Fondo/habitaci칩n.png
  artifactKey: Guid(dc3369afe342e8842965f2f6b96249ca) Importer(815301076,1909f56bfc062723c751e8b465ee728b)
Start importing Assets/Sprites/Fondo/habitaci칩n.png using Guid(dc3369afe342e8842965f2f6b96249ca) Importer(815301076,1909f56bfc062723c751e8b465ee728b) [PhysX] Initialized MultithreadedTaskDispatcher with 20 workers.
[PhysX] Initialized MultithreadedTaskDispatcher with 20 workers.
 -> (artifact id: '012a4b8f81f50d44da17e8e1b523c3aa') in 0.009429 seconds
Number of updated asset objects reloaded before import = 0
Number of asset objects unloaded after import = 3
========================================================================
Received Import Request.
  Time since last request: 0.008622 seconds.
  path: Assets/Antiguo/Recursos/Sprites/UI/icono_salir.png
  artifactKey: Guid(ab9f8255ef401f44b8da3b2c15554c46) Importer(815301076,1909f56bfc062723c751e8b465ee728b)
Start importing Assets/Antiguo/Recursos/Sprites/UI/icono_salir.png using Guid(ab9f8255ef401f44b8da3b2c15554c46) Importer(815301076,1909f56bfc062723c751e8b465ee728b) [PhysX] Initialized MultithreadedTaskDispatcher with 20 workers.
[PhysX] Initialized MultithreadedTaskDispatcher with 20 workers.
 -> (artifact id: 'e632b7fb7c9cebace54fc387d2eabe7f') in 0.012570 seconds
Number of updated asset objects reloaded before import = 0
Number of asset objects unloaded after import = 3
========================================================================
Received Import Request.
  Time since last request: 0.006333 seconds.
  path: Packages/com.unity.purchasing/Icons/LinkWhite.png
  artifactKey: Guid(e679a29ca22bc4fa0bd848bd79a42b79) Importer(815301076,1909f56bfc062723c751e8b465ee728b)
Start importing Packages/com.unity.purchasing/Icons/LinkWhite.png using Guid(e679a29ca22bc4fa0bd848bd79a42b79) Importer(815301076,1909f56bfc062723c751e8b465ee728b) [PhysX] Initialized MultithreadedTaskDispatcher with 20 workers.
[PhysX] Initialized MultithreadedTaskDispatcher with 20 workers.
 -> (artifact id: '02d861d660ec93395f43ae843ec6c69c') in 0.007956 seconds
Number of updated asset objects reloaded before import = 0
Number of asset objects unloaded after import = 2
========================================================================
Received Import Request.
  Time since last request: 0.260686 seconds.
  path: Assets/Antiguo/Recursos/Sprites/Luggage/maleta_abierta.png
  artifactKey: Guid(1ff7f68bf21ab3546be74a98a0af5278) Importer(815301076,1909f56bfc062723c751e8b465ee728b)
Start importing Assets/Antiguo/Recursos/Sprites/Luggage/maleta_abierta.png using Guid(1ff7f68bf21ab3546be74a98a0af5278) Importer(815301076,1909f56bfc062723c751e8b465ee728b) [PhysX] Initialized MultithreadedTaskDispatcher with 20 workers.
[PhysX] Initialized MultithreadedTaskDispatcher with 20 workers.
 -> (artifact id: '7ae1dec9b348e460ad18e9646f324c08') in 0.015547 seconds
Number of updated asset objects reloaded before import = 0
Number of asset objects unloaded after import = 3
========================================================================
Received Import Request.
  Time since last request: 0.000011 seconds.
  path: Assets/Antiguo/Recursos/Sprites/Luggage/maleta_mouseover.png
  artifactKey: Guid(8bad26a0fe110214fba3737203c0bb38) Importer(815301076,1909f56bfc062723c751e8b465ee728b)
Start importing Assets/Antiguo/Recursos/Sprites/Luggage/maleta_mouseover.png using Guid(8bad26a0fe110214fba3737203c0bb38) Importer(815301076,1909f56bfc062723c751e8b465ee728b) [PhysX] Initialized MultithreadedTaskDispatcher with 20 workers.
[PhysX] Initialized MultithreadedTaskDispatcher with 20 workers.
 -> (artifact id: '16c531806be5e118d3b402dd97d42c29') in 0.008884 seconds
Number of updated asset objects reloaded before import = 0
Number of asset objects unloaded after import = 3
========================================================================
Received Import Request.
  Time since last request: 0.025073 seconds.
  path: Assets/Antiguo/Recursos/Sprites/UI/objets_decoration.png
  artifactKey: Guid(aae3b536c4cf66943ac896ba0d650fba) Importer(815301076,1909f56bfc062723c751e8b465ee728b)
Start importing Assets/Antiguo/Recursos/Sprites/UI/objets_decoration.png using Guid(aae3b536c4cf66943ac896ba0d650fba) Importer(815301076,1909f56bfc062723c751e8b465ee728b) [PhysX] Initialized MultithreadedTaskDispatcher with 20 workers.
[PhysX] Initialized MultithreadedTaskDispatcher with 20 workers.
 -> (artifact id: 'ab09f77232859bca221aeef5709f16c7') in 0.009419 seconds
Number of updated asset objects reloaded before import = 0
Number of asset objects unloaded after import = 3
========================================================================
Received Import Request.
  Time since last request: 0.246102 seconds.
  path: Assets/Antiguo/Recursos/Sprites/Clothes/pantalon_doblado.png
  artifactKey: Guid(e6149631a4a3e2b489f66d9e42a785af) Importer(815301076,1909f56bfc062723c751e8b465ee728b)
Start importing Assets/Antiguo/Recursos/Sprites/Clothes/pantalon_doblado.png using Guid(e6149631a4a3e2b489f66d9e42a785af) Importer(815301076,1909f56bfc062723c751e8b465ee728b) [PhysX] Initialized MultithreadedTaskDispatcher with 20 workers.
[PhysX] Initialized MultithreadedTaskDispatcher with 20 workers.
 -> (artifact id: 'd2ca58c027dad34b222cd012b6f8a916') in 0.016907 seconds
Number of updated asset objects reloaded before import = 0
Number of asset objects unloaded after import = 3
========================================================================
Received Import Request.
  Time since last request: 0.020483 seconds.
  path: Assets/Sprites/Fondo/Armario/puerta_izquierda.png
  artifactKey: Guid(4e2af8e828e77aa4da8b1328408b6e6c) Importer(815301076,1909f56bfc062723c751e8b465ee728b)
Start importing Assets/Sprites/Fondo/Armario/puerta_izquierda.png using Guid(4e2af8e828e77aa4da8b1328408b6e6c) Importer(815301076,1909f56bfc062723c751e8b465ee728b) [PhysX] Initialized MultithreadedTaskDispatcher with 20 workers.
[PhysX] Initialized MultithreadedTaskDispatcher with 20 workers.
 -> (artifact id: 'ab60cc1881966196078944ffe5253489') in 0.009722 seconds
Number of updated asset objects reloaded before import = 0
Number of asset objects unloaded after import = 3
========================================================================
Received Import Request.
  Time since last request: 0.000017 seconds.
  path: Assets/Antiguo/Recursos/Sprites/UI/recuadro_verde.png
  artifactKey: Guid(46b72bb820eb6174ea1fa3bbc211620e) Importer(815301076,1909f56bfc062723c751e8b465ee728b)
Start importing Assets/Antiguo/Recursos/Sprites/UI/recuadro_verde.png using Guid(46b72bb820eb6174ea1fa3bbc211620e) Importer(815301076,1909f56bfc062723c751e8b465ee728b) [PhysX] Initialized MultithreadedTaskDispatcher with 20 workers.
[PhysX] Initialized MultithreadedTaskDispatcher with 20 workers.
 -> (artifact id: '7f809ee46de5fe5c535737caf6e47a3e') in 0.009659 seconds
Number of updated asset objects reloaded before import = 0
Number of asset objects unloaded after import = 3
========================================================================
Received Import Request.
  Time since last request: 0.247290 seconds.
  path: Assets/Antiguo/Recursos/Sprites/suelo.png
  artifactKey: Guid(45863a3c41fbb2e48a0d785cf6c4be8e) Importer(815301076,1909f56bfc062723c751e8b465ee728b)
Start importing Assets/Antiguo/Recursos/Sprites/suelo.png using Guid(45863a3c41fbb2e48a0d785cf6c4be8e) Importer(815301076,1909f56bfc062723c751e8b465ee728b) [PhysX] Initialized MultithreadedTaskDispatcher with 20 workers.
[PhysX] Initialized MultithreadedTaskDispatcher with 20 workers.
 -> (artifact id: '6186a04f465c8717e46589dc81d56525') in 0.012255 seconds
Number of updated asset objects reloaded before import = 0
Number of asset objects unloaded after import = 3
========================================================================
Received Import Request.
  Time since last request: 0.031420 seconds.
  path: Assets/Antiguo/Recursos/Sprites/UI/V.png
  artifactKey: Guid(d34e4b3911ba14742b87aa10362e8a60) Importer(815301076,1909f56bfc062723c751e8b465ee728b)
Start importing Assets/Antiguo/Recursos/Sprites/UI/V.png using Guid(d34e4b3911ba14742b87aa10362e8a60) Importer(815301076,1909f56bfc062723c751e8b465ee728b) [PhysX] Initialized MultithreadedTaskDispatcher with 20 workers.
[PhysX] Initialized MultithreadedTaskDispatcher with 20 workers.
 -> (artifact id: '4fd2388b5a47d1f27a3a2e8eaedc4247') in 0.009606 seconds
Number of updated asset objects reloaded before import = 0
Number of asset objects unloaded after import = 3
========================================================================
Received Import Request.
  Time since last request: 0.033229 seconds.
  path: Assets/Antiguo/Recursos/Sprites/UI/X.png
  artifactKey: Guid(8d4f789fad87c264ea3df7d1596c7dc2) Importer(815301076,1909f56bfc062723c751e8b465ee728b)
Start importing Assets/Antiguo/Recursos/Sprites/UI/X.png using Guid(8d4f789fad87c264ea3df7d1596c7dc2) Importer(815301076,1909f56bfc062723c751e8b465ee728b) [PhysX] Initialized MultithreadedTaskDispatcher with 20 workers.
[PhysX] Initialized MultithreadedTaskDispatcher with 20 workers.
 -> (artifact id: 'e366da5951334a92f1fe59093e54269f') in 0.010361 seconds
Number of updated asset objects reloaded before import = 0
Number of asset objects unloaded after import = 3
========================================================================
Received Import Request.
  Time since last request: 0.018895 seconds.
  path: Assets/Antiguo/Recursos/Sprites/Clothes/zapatos1.png
  artifactKey: Guid(e6fdcfeef2e7c8944a473b66c4752449) Importer(815301076,1909f56bfc062723c751e8b465ee728b)
Start importing Assets/Antiguo/Recursos/Sprites/Clothes/zapatos1.png using Guid(e6fdcfeef2e7c8944a473b66c4752449) Importer(815301076,1909f56bfc062723c751e8b465ee728b) [PhysX] Initialized MultithreadedTaskDispatcher with 20 workers.
[PhysX] Initialized MultithreadedTaskDispatcher with 20 workers.
 -> (artifact id: '90784e2a02609ac44eb461d3676d5a94') in 0.010664 seconds
Number of updated asset objects reloaded before import = 0
Number of asset objects unloaded after import = 3
========================================================================
Received Prepare
Begin MonoManager ReloadAssembly
Symbol file LoadedFromMemory is not a mono symbol file
- Loaded All Assemblies, in  0.389 seconds
Refreshing native plugins compatible for Editor in 5.46 ms, found 2 plugins.
Native extension for WindowsStandalone target not found
[Package Manager] Server::EnsureServerProcessIsRunning -- launch failed, reason: Unity was launched with the -noUpm command-line argument
[Package Manager] UpmClient::Send -- Unable to send message (not connected to UPM process).
[Package Manager] Cannot connect to Unity Package Manager local server
Mono: successfully reloaded assembly
- Finished resetting the current domain, in  0.566 seconds
Domain Reload Profiling: 954ms
	BeginReloadAssembly (198ms)
		ExecutionOrderSort (0ms)
		DisableScriptedObjects (3ms)
		BackupInstance (0ms)
		ReleaseScriptingObjects (0ms)
		CreateAndSetChildDomain (21ms)
	RebuildCommonClasses (19ms)
	RebuildNativeTypeToScriptingClass (6ms)
	initialDomainReloadingComplete (18ms)
	LoadAllAssembliesAndSetupDomain (146ms)
		LoadAssemblies (191ms)
		RebuildTransferFunctionScriptingTraits (0ms)
		AnalyzeDomain (7ms)
			TypeCache.Refresh (4ms)
				TypeCache.ScanAssembly (0ms)
			ScanForSourceGeneratedMonoScriptInfo (0ms)
			ResolveRequiredComponents (2ms)
	FinalizeReload (567ms)
		ReleaseScriptCaches (0ms)
		RebuildScriptCaches (0ms)
		SetupLoadedEditorAssemblies (335ms)
			LogAssemblyErrors (0ms)
			InitializePlatformSupportModulesInManaged (4ms)
			SetLoadedEditorAssemblies (3ms)
			RefreshPlugins (0ms)
			BeforeProcessingInitializeOnLoad (40ms)
			ProcessInitializeOnLoadAttributes (187ms)
			ProcessInitializeOnLoadMethodAttributes (96ms)
			AfterProcessingInitializeOnLoad (5ms)
			EditorAssembliesLoaded (0ms)
		ExecutionOrderSort2 (0ms)
		AwakeInstancesAfterBackupRestoration (6ms)
Refreshing native plugins compatible for Editor in 5.33 ms, found 2 plugins.
Preloading 0 native plugins for Editor in 0.00 ms.
Unloading 2528 Unused Serialized files (Serialized files now loaded: 0)
Unloading 57 unused Assets / (46.7 KB). Loaded Objects now: 3067.
Memory consumption went from 111.1 MB to 111.1 MB.
Total: 4.610600 ms (FindLiveObjects: 0.119300 ms CreateObjectMapping: 0.034800 ms MarkObjects: 4.402200 ms  DeleteObjects: 0.053700 ms)

Prepare: number of updated asset objects reloaded= 0
AssetImportParameters requested are different than current active one (requested -> active):
  custom:video-decoder-webm-vp8: 9c59270c3fd7afecdb556c50c9e8de78 -> 
  custom:scripting/monoscript/fileName/AssetManager.cs: 2b8749f5b94569975d472b5d20812787 -> 
  custom:scripting/monoscript/fileName/ActorXApiException.cs: 7fe7f0dede163a8484c4632f27aea59d -> 
  custom:scripting/monoscript/fileName/IWebServiceRequest.cs: 8622d5b914365b6a16e97ca6508d0a73 -> 
  custom:scripting/monoscript/fileName/TraceException.cs: 772bde6351e95f21e2d2ecebfce363f4 -> 
  custom:scripting/monoscript/fileName/Tracker.cs: a5be636750c3798cd02f09599a462662 -> 4c0b57620ab3ff043c5873c365f0e670
  custom:SearchIndexIgnoredProperties: e643bd26f0fe6173181afceb89e7c659 -> 
  custom:scripting/monoscript/fileName/SimpleJSON.cs: 854a6f2fe34cc0b6194ac82bb7b08943 -> 70c028a07c79c166db015acda1282d86
  custom:container-demuxer-ogg: 62fdf1f143b41e24485cea50d1cbac27 -> 
  custom:AudioImporter_EditorPlatform: d09bf68614088b80899f8185d706f6e7 -> 
  custom:scripting/monoscript/fileName/IBridge.cs: 32457dec32e97313c41f53c0accc2686 -> 
  custom:scripting/monoscript/fileName/TrackerAssetSettings.cs: 70a6058392f63e12402b11b84d1a1549 -> 
  custom:scripting/monoscript/fileName/ILog.cs: 6f2137e3b6623583aabb0c2fb100ff62 -> 
  custom:scripting/monoscript/fileName/IDefaultSettings.cs: 4db81ce6ffef35675e0c3b02f39fcdb4 -> 
  custom:video-decoder-ogg-theora: a1e56fd34408186e4bbccfd4996cb3dc -> 
  custom:scripting/monoscript/fileName/XApiException.cs: 5d0ff04588b0bc9f0cc88132ef409a51 -> 
  custom:framework-win-MediaFoundation: 216162199b28c13a410421893ffa2e32 -> 
  custom:scripting/monoscript/fileName/TargetXApiException.cs: adc7580ff01aba7428bd81451a1da61a -> 
  custom:scripting/monoscript/fileName/TrackerAssetUtils.cs: 6d485ad9961a73e7d344e7f39bc87d7b -> 
  custom:scripting/monoscript/fileName/IWebServiceRequestAsync.cs: dc6dca6add60f3d2a8c63f6c983bbd76 -> 
  custom:video-encoder-webm-vp8: eb34c28f22e8b96e1ab97ce403110664 -> 
  custom:scripting/monoscript/fileName/IAsset.cs: 06fad4d88d1228ea8f2608340109f7f8 -> 
  custom:scripting/monoscript/fileName/ExtensionXApiException.cs: 9a0daa22d9c21a18a38e23624c495cc4 -> 
  custom:audio-decoder-ogg-vorbis: bf7c407c2cedff20999df2af8eb42d56 -> 
  custom:scripting/monoscript/fileName/BaseAsset.cs: 50332eb09fde9a4746057be2ed404339 -> 
  custom:CustomObjectIndexerAttribute: 9a22284fe3817be447336de3de66b15e -> 
  custom:scripting/monoscript/fileName/TrackerAsset.cs: c18efb8e51dd29addd833a5d9a8f006b -> 
  custom:scripting/monoscript/fileName/VerbXApiException.cs: 3c2163b8f11428726cd27e339e1463ad -> 
  custom:scripting/monoscript/fileName/AccessibleTracker.cs: eb21079763ac04eee63314f4f3805ee1 -> 
  custom:scripting/monoscript/fileName/Messages.cs: e87a1e160e1707f77a4bc0fa0e5f7b4b -> 
  custom:scripting/monoscript/fileName/ConcurrentQueue.cs: 90647cc400823b41df847a6cbfc29026 -> 
  custom:scripting/monoscript/fileName/IDataStorage.cs: e3c8816fe5f5d539a27cff355fe3234a -> 
  custom:container-demuxer-webm: 4f35f7cbe854078d1ac9338744f61a02 -> 
  custom:scripting/monoscript/fileName/KeyExtensionException.cs: eea9973bfe05f3f56a1e408109d901c1 -> 
  custom:scripting/monoscript/fileName/RageVersionInfo.cs: c69b16abffa576f6810d336b85dd521f -> 
  custom:scripting/monoscript/fileName/GameObjectTracker.cs: 13d6ebee78eb69496005ae26cfb6798f -> 
  custom:scripting/monoscript/fileName/TrackerException.cs: fe1d9d9bf7d9815178e0a4dab50f8126 -> 
  custom:scripting/monoscript/fileName/ExtensionException.cs: 8b5dcb05962dfd55f355da6d1c4d1ca4 -> 
  custom:audio-encoder-webm-vorbis: bf7c407c2cedff20999df2af8eb42d56 -> 
  custom:scripting/monoscript/fileName/AlternativeTracker.cs: 6e7ee74b24aa0cbb0bbc186d7f468d5f -> 
  custom:scripting/monoscript/fileName/BaseSettings.cs: 0442d71ad0a6c7eb18ab844ef77193e7 -> 
  custom:scripting/monoscript/fileName/RageExtensions.cs: ecbb6a01ed8a8ea9c58246c78df2f45f -> 
  custom:scripting/monoscript/fileName/CompletableTracker.cs: 1ede3f8cd9ae60b9873298839c6d92da -> 
  custom:scripting/monoscript/fileName/UnityBridge.cs: fd5d9725a25d3d37df36ee8e2cc9ef16 -> 7177b8a7457b0afb5bc1b4da59bdad06
  custom:container-muxer-webm: aa71ff27fc2769a1b78a27578f13a17b -> 
  custom:scripting/monoscript/fileName/ValueExtensionException.cs: 5b7afaac55392dc878612093f55c2204 -> 
  custom:scripting/monoscript/fileName/ISettings.cs: dd6b2a632258d554449ffb39c1990761 -> 
========================================================================
Received Prepare
Begin MonoManager ReloadAssembly
Symbol file LoadedFromMemory is not a mono symbol file
- Loaded All Assemblies, in  0.388 seconds
Refreshing native plugins compatible for Editor in 5.28 ms, found 2 plugins.
Native extension for WindowsStandalone target not found
[Package Manager] Server::EnsureServerProcessIsRunning -- launch failed, reason: Unity was launched with the -noUpm command-line argument
[Package Manager] UpmClient::Send -- Unable to send message (not connected to UPM process).
[Package Manager] Cannot connect to Unity Package Manager local server
Mono: successfully reloaded assembly
- Finished resetting the current domain, in  0.580 seconds
Domain Reload Profiling: 966ms
	BeginReloadAssembly (192ms)
		ExecutionOrderSort (0ms)
		DisableScriptedObjects (3ms)
		BackupInstance (0ms)
		ReleaseScriptingObjects (0ms)
		CreateAndSetChildDomain (22ms)
	RebuildCommonClasses (22ms)
	RebuildNativeTypeToScriptingClass (8ms)
	initialDomainReloadingComplete (19ms)
	LoadAllAssembliesAndSetupDomain (144ms)
		LoadAssemblies (184ms)
		RebuildTransferFunctionScriptingTraits (0ms)
		AnalyzeDomain (7ms)
			TypeCache.Refresh (4ms)
				TypeCache.ScanAssembly (0ms)
			ScanForSourceGeneratedMonoScriptInfo (0ms)
			ResolveRequiredComponents (2ms)
	FinalizeReload (581ms)
		ReleaseScriptCaches (0ms)
		RebuildScriptCaches (0ms)
		SetupLoadedEditorAssemblies (339ms)
			LogAssemblyErrors (0ms)
			InitializePlatformSupportModulesInManaged (4ms)
			SetLoadedEditorAssemblies (3ms)
			RefreshPlugins (0ms)
			BeforeProcessingInitializeOnLoad (42ms)
			ProcessInitializeOnLoadAttributes (196ms)
			ProcessInitializeOnLoadMethodAttributes (90ms)
			AfterProcessingInitializeOnLoad (5ms)
			EditorAssembliesLoaded (0ms)
		ExecutionOrderSort2 (0ms)
		AwakeInstancesAfterBackupRestoration (5ms)
Refreshing native plugins compatible for Editor in 5.26 ms, found 2 plugins.
Preloading 0 native plugins for Editor in 0.00 ms.
Unloading 2529 Unused Serialized files (Serialized files now loaded: 0)
Unloading 57 unused Assets / (46.8 KB). Loaded Objects now: 3070.
Memory consumption went from 111.4 MB to 111.3 MB.
Total: 3.734500 ms (FindLiveObjects: 0.138700 ms CreateObjectMapping: 0.048000 ms MarkObjects: 3.491300 ms  DeleteObjects: 0.055300 ms)

Prepare: number of updated asset objects reloaded= 0
AssetImportParameters requested are different than current active one (requested -> active):
  custom:video-decoder-webm-vp8: 9c59270c3fd7afecdb556c50c9e8de78 -> 
  custom:scripting/monoscript/fileName/AssetManager.cs: 2b8749f5b94569975d472b5d20812787 -> 
  custom:scripting/monoscript/fileName/ActorXApiException.cs: 7fe7f0dede163a8484c4632f27aea59d -> 
  custom:scripting/monoscript/fileName/IWebServiceRequest.cs: 8622d5b914365b6a16e97ca6508d0a73 -> 
  custom:scripting/monoscript/fileName/TraceException.cs: 772bde6351e95f21e2d2ecebfce363f4 -> 
  custom:scripting/monoscript/fileName/Tracker.cs: a5be636750c3798cd02f09599a462662 -> 4c0b57620ab3ff043c5873c365f0e670
  custom:SearchIndexIgnoredProperties: e643bd26f0fe6173181afceb89e7c659 -> 
  custom:scripting/monoscript/fileName/SimpleJSON.cs: 854a6f2fe34cc0b6194ac82bb7b08943 -> 70c028a07c79c166db015acda1282d86
  custom:container-demuxer-ogg: 62fdf1f143b41e24485cea50d1cbac27 -> 
  custom:AudioImporter_EditorPlatform: d09bf68614088b80899f8185d706f6e7 -> 
  custom:scripting/monoscript/fileName/IBridge.cs: 32457dec32e97313c41f53c0accc2686 -> 
  custom:scripting/monoscript/fileName/TrackerAssetSettings.cs: 70a6058392f63e12402b11b84d1a1549 -> 
  custom:scripting/monoscript/fileName/ILog.cs: 6f2137e3b6623583aabb0c2fb100ff62 -> 
  custom:scripting/monoscript/fileName/IDefaultSettings.cs: 4db81ce6ffef35675e0c3b02f39fcdb4 -> 
  custom:video-decoder-ogg-theora: a1e56fd34408186e4bbccfd4996cb3dc -> 
  custom:scripting/monoscript/fileName/XApiException.cs: 5d0ff04588b0bc9f0cc88132ef409a51 -> 
  custom:framework-win-MediaFoundation: 216162199b28c13a410421893ffa2e32 -> 
  custom:scripting/monoscript/fileName/TargetXApiException.cs: adc7580ff01aba7428bd81451a1da61a -> 
  custom:scripting/monoscript/fileName/TrackerAssetUtils.cs: 6d485ad9961a73e7d344e7f39bc87d7b -> 
  custom:scripting/monoscript/fileName/IWebServiceRequestAsync.cs: dc6dca6add60f3d2a8c63f6c983bbd76 -> 
  custom:video-encoder-webm-vp8: eb34c28f22e8b96e1ab97ce403110664 -> 
  custom:scripting/monoscript/fileName/IAsset.cs: 06fad4d88d1228ea8f2608340109f7f8 -> 
  custom:scripting/monoscript/fileName/ExtensionXApiException.cs: 9a0daa22d9c21a18a38e23624c495cc4 -> 
  custom:audio-decoder-ogg-vorbis: bf7c407c2cedff20999df2af8eb42d56 -> 
  custom:scripting/monoscript/fileName/BaseAsset.cs: 50332eb09fde9a4746057be2ed404339 -> 
  custom:CustomObjectIndexerAttribute: 9a22284fe3817be447336de3de66b15e -> 
  custom:scripting/monoscript/fileName/TrackerAsset.cs: c18efb8e51dd29addd833a5d9a8f006b -> 
  custom:scripting/monoscript/fileName/VerbXApiException.cs: 3c2163b8f11428726cd27e339e1463ad -> 
  custom:scripting/monoscript/fileName/AccessibleTracker.cs: eb21079763ac04eee63314f4f3805ee1 -> 
  custom:scripting/monoscript/fileName/Messages.cs: e87a1e160e1707f77a4bc0fa0e5f7b4b -> 
  custom:scripting/monoscript/fileName/ConcurrentQueue.cs: 90647cc400823b41df847a6cbfc29026 -> 
  custom:scripting/monoscript/fileName/IDataStorage.cs: e3c8816fe5f5d539a27cff355fe3234a -> 
  custom:container-demuxer-webm: 4f35f7cbe854078d1ac9338744f61a02 -> 
  custom:scripting/monoscript/fileName/KeyExtensionException.cs: eea9973bfe05f3f56a1e408109d901c1 -> 
  custom:scripting/monoscript/fileName/RageVersionInfo.cs: c69b16abffa576f6810d336b85dd521f -> 
  custom:scripting/monoscript/fileName/GameObjectTracker.cs: 13d6ebee78eb69496005ae26cfb6798f -> 
  custom:scripting/monoscript/fileName/TrackerException.cs: fe1d9d9bf7d9815178e0a4dab50f8126 -> 
  custom:scripting/monoscript/fileName/ExtensionException.cs: 8b5dcb05962dfd55f355da6d1c4d1ca4 -> 
  custom:audio-encoder-webm-vorbis: bf7c407c2cedff20999df2af8eb42d56 -> 
  custom:scripting/monoscript/fileName/AlternativeTracker.cs: 6e7ee74b24aa0cbb0bbc186d7f468d5f -> 
  custom:scripting/monoscript/fileName/BaseSettings.cs: 0442d71ad0a6c7eb18ab844ef77193e7 -> 
  custom:scripting/monoscript/fileName/RageExtensions.cs: ecbb6a01ed8a8ea9c58246c78df2f45f -> 
  custom:scripting/monoscript/fileName/CompletableTracker.cs: 1ede3f8cd9ae60b9873298839c6d92da -> 
  custom:scripting/monoscript/fileName/UnityBridge.cs: fd5d9725a25d3d37df36ee8e2cc9ef16 -> 7177b8a7457b0afb5bc1b4da59bdad06
  custom:container-muxer-webm: aa71ff27fc2769a1b78a27578f13a17b -> 
  custom:scripting/monoscript/fileName/ValueExtensionException.cs: 5b7afaac55392dc878612093f55c2204 -> 
  custom:scripting/monoscript/fileName/ISettings.cs: dd6b2a632258d554449ffb39c1990761 -> 
========================================================================
Received Prepare
Begin MonoManager ReloadAssembly
Symbol file LoadedFromMemory is not a mono symbol file
- Loaded All Assemblies, in  0.393 seconds
Refreshing native plugins compatible for Editor in 5.43 ms, found 2 plugins.
Native extension for WindowsStandalone target not found
[Package Manager] Server::EnsureServerProcessIsRunning -- launch failed, reason: Unity was launched with the -noUpm command-line argument
[Package Manager] UpmClient::Send -- Unable to send message (not connected to UPM process).
[Package Manager] Cannot connect to Unity Package Manager local server
Mono: successfully reloaded assembly
- Finished resetting the current domain, in  0.574 seconds
Domain Reload Profiling: 966ms
	BeginReloadAssembly (194ms)
		ExecutionOrderSort (0ms)
		DisableScriptedObjects (3ms)
		BackupInstance (0ms)
		ReleaseScriptingObjects (0ms)
		CreateAndSetChildDomain (19ms)
	RebuildCommonClasses (19ms)
	RebuildNativeTypeToScriptingClass (6ms)
	initialDomainReloadingComplete (18ms)
	LoadAllAssembliesAndSetupDomain (153ms)
		LoadAssemblies (196ms)
		RebuildTransferFunctionScriptingTraits (0ms)
		AnalyzeDomain (7ms)
			TypeCache.Refresh (4ms)
				TypeCache.ScanAssembly (0ms)
			ScanForSourceGeneratedMonoScriptInfo (0ms)
			ResolveRequiredComponents (2ms)
	FinalizeReload (575ms)
		ReleaseScriptCaches (0ms)
		RebuildScriptCaches (0ms)
		SetupLoadedEditorAssemblies (339ms)
			LogAssemblyErrors (0ms)
			InitializePlatformSupportModulesInManaged (4ms)
			SetLoadedEditorAssemblies (3ms)
			RefreshPlugins (0ms)
			BeforeProcessingInitializeOnLoad (41ms)
			ProcessInitializeOnLoadAttributes (188ms)
			ProcessInitializeOnLoadMethodAttributes (97ms)
			AfterProcessingInitializeOnLoad (6ms)
			EditorAssembliesLoaded (0ms)
		ExecutionOrderSort2 (0ms)
		AwakeInstancesAfterBackupRestoration (6ms)
Refreshing native plugins compatible for Editor in 5.09 ms, found 2 plugins.
Preloading 0 native plugins for Editor in 0.00 ms.
Unloading 2529 Unused Serialized files (Serialized files now loaded: 0)
Unloading 57 unused Assets / (46.7 KB). Loaded Objects now: 3073.
Memory consumption went from 111.4 MB to 111.3 MB.
Total: 3.805800 ms (FindLiveObjects: 0.121600 ms CreateObjectMapping: 0.031000 ms MarkObjects: 3.571400 ms  DeleteObjects: 0.080900 ms)

Prepare: number of updated asset objects reloaded= 0
AssetImportParameters requested are different than current active one (requested -> active):
  custom:video-decoder-webm-vp8: 9c59270c3fd7afecdb556c50c9e8de78 -> 
  custom:scripting/monoscript/fileName/AssetManager.cs: 2b8749f5b94569975d472b5d20812787 -> 
  custom:scripting/monoscript/fileName/ActorXApiException.cs: 7fe7f0dede163a8484c4632f27aea59d -> 
  custom:scripting/monoscript/fileName/IWebServiceRequest.cs: 8622d5b914365b6a16e97ca6508d0a73 -> 
  custom:scripting/monoscript/fileName/TraceException.cs: 772bde6351e95f21e2d2ecebfce363f4 -> 
  custom:scripting/monoscript/fileName/Tracker.cs: a5be636750c3798cd02f09599a462662 -> 4c0b57620ab3ff043c5873c365f0e670
  custom:SearchIndexIgnoredProperties: e643bd26f0fe6173181afceb89e7c659 -> 
  custom:scripting/monoscript/fileName/SimpleJSON.cs: 854a6f2fe34cc0b6194ac82bb7b08943 -> 70c028a07c79c166db015acda1282d86
  custom:container-demuxer-ogg: 62fdf1f143b41e24485cea50d1cbac27 -> 
  custom:AudioImporter_EditorPlatform: d09bf68614088b80899f8185d706f6e7 -> 
  custom:scripting/monoscript/fileName/IBridge.cs: 32457dec32e97313c41f53c0accc2686 -> 
  custom:scripting/monoscript/fileName/TrackerAssetSettings.cs: 70a6058392f63e12402b11b84d1a1549 -> 
  custom:scripting/monoscript/fileName/ILog.cs: 6f2137e3b6623583aabb0c2fb100ff62 -> 
  custom:scripting/monoscript/fileName/IDefaultSettings.cs: 4db81ce6ffef35675e0c3b02f39fcdb4 -> 
  custom:video-decoder-ogg-theora: a1e56fd34408186e4bbccfd4996cb3dc -> 
  custom:scripting/monoscript/fileName/XApiException.cs: 5d0ff04588b0bc9f0cc88132ef409a51 -> 
  custom:framework-win-MediaFoundation: 216162199b28c13a410421893ffa2e32 -> 
  custom:scripting/monoscript/fileName/TargetXApiException.cs: adc7580ff01aba7428bd81451a1da61a -> 
  custom:scripting/monoscript/fileName/TrackerAssetUtils.cs: 6d485ad9961a73e7d344e7f39bc87d7b -> 
  custom:scripting/monoscript/fileName/IWebServiceRequestAsync.cs: dc6dca6add60f3d2a8c63f6c983bbd76 -> 
  custom:video-encoder-webm-vp8: eb34c28f22e8b96e1ab97ce403110664 -> 
  custom:scripting/monoscript/fileName/IAsset.cs: 06fad4d88d1228ea8f2608340109f7f8 -> 
  custom:scripting/monoscript/fileName/ExtensionXApiException.cs: 9a0daa22d9c21a18a38e23624c495cc4 -> 
  custom:audio-decoder-ogg-vorbis: bf7c407c2cedff20999df2af8eb42d56 -> 
  custom:scripting/monoscript/fileName/BaseAsset.cs: 50332eb09fde9a4746057be2ed404339 -> 
  custom:CustomObjectIndexerAttribute: 9a22284fe3817be447336de3de66b15e -> 
  custom:scripting/monoscript/fileName/TrackerAsset.cs: c18efb8e51dd29addd833a5d9a8f006b -> 
  custom:scripting/monoscript/fileName/VerbXApiException.cs: 3c2163b8f11428726cd27e339e1463ad -> 
  custom:scripting/monoscript/fileName/AccessibleTracker.cs: eb21079763ac04eee63314f4f3805ee1 -> 
  custom:scripting/monoscript/fileName/Messages.cs: e87a1e160e1707f77a4bc0fa0e5f7b4b -> 
  custom:scripting/monoscript/fileName/ConcurrentQueue.cs: 90647cc400823b41df847a6cbfc29026 -> 
  custom:scripting/monoscript/fileName/IDataStorage.cs: e3c8816fe5f5d539a27cff355fe3234a -> 
  custom:container-demuxer-webm: 4f35f7cbe854078d1ac9338744f61a02 -> 
  custom:scripting/monoscript/fileName/KeyExtensionException.cs: eea9973bfe05f3f56a1e408109d901c1 -> 
  custom:scripting/monoscript/fileName/RageVersionInfo.cs: c69b16abffa576f6810d336b85dd521f -> 
  custom:scripting/monoscript/fileName/GameObjectTracker.cs: 13d6ebee78eb69496005ae26cfb6798f -> 
  custom:scripting/monoscript/fileName/TrackerException.cs: fe1d9d9bf7d9815178e0a4dab50f8126 -> 
  custom:scripting/monoscript/fileName/ExtensionException.cs: 8b5dcb05962dfd55f355da6d1c4d1ca4 -> 
  custom:audio-encoder-webm-vorbis: bf7c407c2cedff20999df2af8eb42d56 -> 
  custom:scripting/monoscript/fileName/AlternativeTracker.cs: 6e7ee74b24aa0cbb0bbc186d7f468d5f -> 
  custom:scripting/monoscript/fileName/BaseSettings.cs: 0442d71ad0a6c7eb18ab844ef77193e7 -> 
  custom:scripting/monoscript/fileName/RageExtensions.cs: ecbb6a01ed8a8ea9c58246c78df2f45f -> 
  custom:scripting/monoscript/fileName/CompletableTracker.cs: 1ede3f8cd9ae60b9873298839c6d92da -> 
  custom:scripting/monoscript/fileName/UnityBridge.cs: fd5d9725a25d3d37df36ee8e2cc9ef16 -> 7177b8a7457b0afb5bc1b4da59bdad06
  custom:container-muxer-webm: aa71ff27fc2769a1b78a27578f13a17b -> 
  custom:scripting/monoscript/fileName/ValueExtensionException.cs: 5b7afaac55392dc878612093f55c2204 -> 
  custom:scripting/monoscript/fileName/ISettings.cs: dd6b2a632258d554449ffb39c1990761 -> 
========================================================================
Received Prepare
Begin MonoManager ReloadAssembly
Symbol file LoadedFromMemory is not a mono symbol file
- Loaded All Assemblies, in  0.390 seconds
Refreshing native plugins compatible for Editor in 4.88 ms, found 2 plugins.
Native extension for WindowsStandalone target not found
[Package Manager] Server::EnsureServerProcessIsRunning -- launch failed, reason: Unity was launched with the -noUpm command-line argument
[Package Manager] UpmClient::Send -- Unable to send message (not connected to UPM process).
[Package Manager] Cannot connect to Unity Package Manager local server
Mono: successfully reloaded assembly
- Finished resetting the current domain, in  0.577 seconds
Domain Reload Profiling: 965ms
	BeginReloadAssembly (200ms)
		ExecutionOrderSort (0ms)
		DisableScriptedObjects (3ms)
		BackupInstance (0ms)
		ReleaseScriptingObjects (0ms)
		CreateAndSetChildDomain (21ms)
	RebuildCommonClasses (19ms)
	RebuildNativeTypeToScriptingClass (6ms)
	initialDomainReloadingComplete (18ms)
	LoadAllAssembliesAndSetupDomain (145ms)
		LoadAssemblies (192ms)
		RebuildTransferFunctionScriptingTraits (0ms)
		AnalyzeDomain (7ms)
			TypeCache.Refresh (4ms)
				TypeCache.ScanAssembly (0ms)
			ScanForSourceGeneratedMonoScriptInfo (0ms)
			ResolveRequiredComponents (2ms)
	FinalizeReload (577ms)
		ReleaseScriptCaches (0ms)
		RebuildScriptCaches (0ms)
		SetupLoadedEditorAssemblies (332ms)
			LogAssemblyErrors (0ms)
			InitializePlatformSupportModulesInManaged (4ms)
			SetLoadedEditorAssemblies (3ms)
			RefreshPlugins (0ms)
			BeforeProcessingInitializeOnLoad (39ms)
			ProcessInitializeOnLoadAttributes (189ms)
			ProcessInitializeOnLoadMethodAttributes (93ms)
			AfterProcessingInitializeOnLoad (4ms)
			EditorAssembliesLoaded (0ms)
		ExecutionOrderSort2 (0ms)
		AwakeInstancesAfterBackupRestoration (6ms)
Refreshing native plugins compatible for Editor in 5.31 ms, found 2 plugins.
Preloading 0 native plugins for Editor in 0.00 ms.
Unloading 2529 Unused Serialized files (Serialized files now loaded: 0)
Unloading 57 unused Assets / (46.7 KB). Loaded Objects now: 3076.
Memory consumption went from 111.4 MB to 111.3 MB.
Total: 3.700400 ms (FindLiveObjects: 0.138100 ms CreateObjectMapping: 0.037900 ms MarkObjects: 3.462000 ms  DeleteObjects: 0.061700 ms)

Prepare: number of updated asset objects reloaded= 0
AssetImportParameters requested are different than current active one (requested -> active):
  custom:video-decoder-webm-vp8: 9c59270c3fd7afecdb556c50c9e8de78 -> 
  custom:scripting/monoscript/fileName/AssetManager.cs: 2b8749f5b94569975d472b5d20812787 -> 
  custom:scripting/monoscript/fileName/ActorXApiException.cs: 7fe7f0dede163a8484c4632f27aea59d -> 
  custom:scripting/monoscript/fileName/IWebServiceRequest.cs: 8622d5b914365b6a16e97ca6508d0a73 -> 
  custom:scripting/monoscript/fileName/TraceException.cs: 772bde6351e95f21e2d2ecebfce363f4 -> 
  custom:scripting/monoscript/fileName/Tracker.cs: a5be636750c3798cd02f09599a462662 -> 4c0b57620ab3ff043c5873c365f0e670
  custom:SearchIndexIgnoredProperties: e643bd26f0fe6173181afceb89e7c659 -> 
  custom:scripting/monoscript/fileName/SimpleJSON.cs: 854a6f2fe34cc0b6194ac82bb7b08943 -> 70c028a07c79c166db015acda1282d86
  custom:container-demuxer-ogg: 62fdf1f143b41e24485cea50d1cbac27 -> 
  custom:AudioImporter_EditorPlatform: d09bf68614088b80899f8185d706f6e7 -> 
  custom:scripting/monoscript/fileName/IBridge.cs: 32457dec32e97313c41f53c0accc2686 -> 
  custom:scripting/monoscript/fileName/TrackerAssetSettings.cs: 70a6058392f63e12402b11b84d1a1549 -> 
  custom:scripting/monoscript/fileName/ILog.cs: 6f2137e3b6623583aabb0c2fb100ff62 -> 
  custom:scripting/monoscript/fileName/IDefaultSettings.cs: 4db81ce6ffef35675e0c3b02f39fcdb4 -> 
  custom:video-decoder-ogg-theora: a1e56fd34408186e4bbccfd4996cb3dc -> 
  custom:scripting/monoscript/fileName/XApiException.cs: 5d0ff04588b0bc9f0cc88132ef409a51 -> 
  custom:framework-win-MediaFoundation: 216162199b28c13a410421893ffa2e32 -> 
  custom:scripting/monoscript/fileName/TargetXApiException.cs: adc7580ff01aba7428bd81451a1da61a -> 
  custom:scripting/monoscript/fileName/TrackerAssetUtils.cs: 6d485ad9961a73e7d344e7f39bc87d7b -> 
  custom:scripting/monoscript/fileName/IWebServiceRequestAsync.cs: dc6dca6add60f3d2a8c63f6c983bbd76 -> 
  custom:video-encoder-webm-vp8: eb34c28f22e8b96e1ab97ce403110664 -> 
  custom:scripting/monoscript/fileName/IAsset.cs: 06fad4d88d1228ea8f2608340109f7f8 -> 
  custom:scripting/monoscript/fileName/ExtensionXApiException.cs: 9a0daa22d9c21a18a38e23624c495cc4 -> 
  custom:audio-decoder-ogg-vorbis: bf7c407c2cedff20999df2af8eb42d56 -> 
  custom:scripting/monoscript/fileName/BaseAsset.cs: 50332eb09fde9a4746057be2ed404339 -> 
  custom:CustomObjectIndexerAttribute: 9a22284fe3817be447336de3de66b15e -> 
  custom:scripting/monoscript/fileName/TrackerAsset.cs: c18efb8e51dd29addd833a5d9a8f006b -> 
  custom:scripting/monoscript/fileName/VerbXApiException.cs: 3c2163b8f11428726cd27e339e1463ad -> 
  custom:scripting/monoscript/fileName/AccessibleTracker.cs: eb21079763ac04eee63314f4f3805ee1 -> 
  custom:scripting/monoscript/fileName/Messages.cs: e87a1e160e1707f77a4bc0fa0e5f7b4b -> 
  custom:scripting/monoscript/fileName/ConcurrentQueue.cs: 90647cc400823b41df847a6cbfc29026 -> 
  custom:scripting/monoscript/fileName/IDataStorage.cs: e3c8816fe5f5d539a27cff355fe3234a -> 
  custom:container-demuxer-webm: 4f35f7cbe854078d1ac9338744f61a02 -> 
  custom:scripting/monoscript/fileName/KeyExtensionException.cs: eea9973bfe05f3f56a1e408109d901c1 -> 
  custom:scripting/monoscript/fileName/RageVersionInfo.cs: c69b16abffa576f6810d336b85dd521f -> 
  custom:scripting/monoscript/fileName/GameObjectTracker.cs: 13d6ebee78eb69496005ae26cfb6798f -> 
  custom:scripting/monoscript/fileName/TrackerException.cs: fe1d9d9bf7d9815178e0a4dab50f8126 -> 
  custom:scripting/monoscript/fileName/ExtensionException.cs: 8b5dcb05962dfd55f355da6d1c4d1ca4 -> 
  custom:audio-encoder-webm-vorbis: bf7c407c2cedff20999df2af8eb42d56 -> 
  custom:scripting/monoscript/fileName/AlternativeTracker.cs: 6e7ee74b24aa0cbb0bbc186d7f468d5f -> 
  custom:scripting/monoscript/fileName/BaseSettings.cs: 0442d71ad0a6c7eb18ab844ef77193e7 -> 
  custom:scripting/monoscript/fileName/RageExtensions.cs: ecbb6a01ed8a8ea9c58246c78df2f45f -> 
  custom:scripting/monoscript/fileName/CompletableTracker.cs: 1ede3f8cd9ae60b9873298839c6d92da -> 
  custom:scripting/monoscript/fileName/UnityBridge.cs: fd5d9725a25d3d37df36ee8e2cc9ef16 -> 7177b8a7457b0afb5bc1b4da59bdad06
  custom:container-muxer-webm: aa71ff27fc2769a1b78a27578f13a17b -> 
  custom:scripting/monoscript/fileName/ValueExtensionException.cs: 5b7afaac55392dc878612093f55c2204 -> 
  custom:scripting/monoscript/fileName/ISettings.cs: dd6b2a632258d554449ffb39c1990761 -> 
========================================================================
Received Prepare
Begin MonoManager ReloadAssembly
Symbol file LoadedFromMemory is not a mono symbol file
- Loaded All Assemblies, in  0.390 seconds
Refreshing native plugins compatible for Editor in 5.83 ms, found 2 plugins.
Native extension for WindowsStandalone target not found
[Package Manager] Server::EnsureServerProcessIsRunning -- launch failed, reason: Unity was launched with the -noUpm command-line argument
[Package Manager] UpmClient::Send -- Unable to send message (not connected to UPM process).
[Package Manager] Cannot connect to Unity Package Manager local server
Mono: successfully reloaded assembly
- Finished resetting the current domain, in  0.571 seconds
Domain Reload Profiling: 959ms
	BeginReloadAssembly (196ms)
		ExecutionOrderSort (0ms)
		DisableScriptedObjects (3ms)
		BackupInstance (0ms)
		ReleaseScriptingObjects (0ms)
		CreateAndSetChildDomain (20ms)
	RebuildCommonClasses (19ms)
	RebuildNativeTypeToScriptingClass (6ms)
	initialDomainReloadingComplete (19ms)
	LoadAllAssembliesAndSetupDomain (148ms)
		LoadAssemblies (192ms)
		RebuildTransferFunctionScriptingTraits (0ms)
		AnalyzeDomain (6ms)
			TypeCache.Refresh (4ms)
				TypeCache.ScanAssembly (0ms)
			ScanForSourceGeneratedMonoScriptInfo (0ms)
			ResolveRequiredComponents (2ms)
	FinalizeReload (571ms)
		ReleaseScriptCaches (0ms)
		RebuildScriptCaches (0ms)
		SetupLoadedEditorAssemblies (338ms)
			LogAssemblyErrors (0ms)
			InitializePlatformSupportModulesInManaged (4ms)
			SetLoadedEditorAssemblies (3ms)
			RefreshPlugins (0ms)
			BeforeProcessingInitializeOnLoad (41ms)
			ProcessInitializeOnLoadAttributes (193ms)
			ProcessInitializeOnLoadMethodAttributes (93ms)
			AfterProcessingInitializeOnLoad (5ms)
			EditorAssembliesLoaded (0ms)
		ExecutionOrderSort2 (0ms)
		AwakeInstancesAfterBackupRestoration (5ms)
Refreshing native plugins compatible for Editor in 5.96 ms, found 2 plugins.
Preloading 0 native plugins for Editor in 0.00 ms.
Unloading 2529 Unused Serialized files (Serialized files now loaded: 0)
Unloading 57 unused Assets / (46.7 KB). Loaded Objects now: 3079.
Memory consumption went from 111.4 MB to 111.3 MB.
Total: 3.665800 ms (FindLiveObjects: 0.140300 ms CreateObjectMapping: 0.040200 ms MarkObjects: 3.420700 ms  DeleteObjects: 0.063900 ms)

Prepare: number of updated asset objects reloaded= 0
AssetImportParameters requested are different than current active one (requested -> active):
  custom:video-decoder-webm-vp8: 9c59270c3fd7afecdb556c50c9e8de78 -> 
  custom:scripting/monoscript/fileName/AssetManager.cs: 2b8749f5b94569975d472b5d20812787 -> 
  custom:scripting/monoscript/fileName/ActorXApiException.cs: 7fe7f0dede163a8484c4632f27aea59d -> 
  custom:scripting/monoscript/fileName/IWebServiceRequest.cs: 8622d5b914365b6a16e97ca6508d0a73 -> 
  custom:scripting/monoscript/fileName/TraceException.cs: 772bde6351e95f21e2d2ecebfce363f4 -> 
  custom:scripting/monoscript/fileName/Tracker.cs: a5be636750c3798cd02f09599a462662 -> 4c0b57620ab3ff043c5873c365f0e670
  custom:SearchIndexIgnoredProperties: e643bd26f0fe6173181afceb89e7c659 -> 
  custom:scripting/monoscript/fileName/SimpleJSON.cs: 854a6f2fe34cc0b6194ac82bb7b08943 -> 70c028a07c79c166db015acda1282d86
  custom:container-demuxer-ogg: 62fdf1f143b41e24485cea50d1cbac27 -> 
  custom:AudioImporter_EditorPlatform: d09bf68614088b80899f8185d706f6e7 -> 
  custom:scripting/monoscript/fileName/IBridge.cs: 32457dec32e97313c41f53c0accc2686 -> 
  custom:scripting/monoscript/fileName/TrackerAssetSettings.cs: 70a6058392f63e12402b11b84d1a1549 -> 
  custom:scripting/monoscript/fileName/ILog.cs: 6f2137e3b6623583aabb0c2fb100ff62 -> 
  custom:scripting/monoscript/fileName/IDefaultSettings.cs: 4db81ce6ffef35675e0c3b02f39fcdb4 -> 
  custom:video-decoder-ogg-theora: a1e56fd34408186e4bbccfd4996cb3dc -> 
  custom:scripting/monoscript/fileName/XApiException.cs: 5d0ff04588b0bc9f0cc88132ef409a51 -> 
  custom:framework-win-MediaFoundation: 216162199b28c13a410421893ffa2e32 -> 
  custom:scripting/monoscript/fileName/TargetXApiException.cs: adc7580ff01aba7428bd81451a1da61a -> 
  custom:scripting/monoscript/fileName/TrackerAssetUtils.cs: 6d485ad9961a73e7d344e7f39bc87d7b -> 
  custom:scripting/monoscript/fileName/IWebServiceRequestAsync.cs: dc6dca6add60f3d2a8c63f6c983bbd76 -> 
  custom:video-encoder-webm-vp8: eb34c28f22e8b96e1ab97ce403110664 -> 
  custom:scripting/monoscript/fileName/IAsset.cs: 06fad4d88d1228ea8f2608340109f7f8 -> 
  custom:scripting/monoscript/fileName/ExtensionXApiException.cs: 9a0daa22d9c21a18a38e23624c495cc4 -> 
  custom:audio-decoder-ogg-vorbis: bf7c407c2cedff20999df2af8eb42d56 -> 
  custom:scripting/monoscript/fileName/BaseAsset.cs: 50332eb09fde9a4746057be2ed404339 -> 
  custom:CustomObjectIndexerAttribute: 9a22284fe3817be447336de3de66b15e -> 
  custom:scripting/monoscript/fileName/TrackerAsset.cs: c18efb8e51dd29addd833a5d9a8f006b -> 
  custom:scripting/monoscript/fileName/VerbXApiException.cs: 3c2163b8f11428726cd27e339e1463ad -> 
  custom:scripting/monoscript/fileName/AccessibleTracker.cs: eb21079763ac04eee63314f4f3805ee1 -> 
  custom:scripting/monoscript/fileName/Messages.cs: e87a1e160e1707f77a4bc0fa0e5f7b4b -> 
  custom:scripting/monoscript/fileName/ConcurrentQueue.cs: 90647cc400823b41df847a6cbfc29026 -> 
  custom:scripting/monoscript/fileName/IDataStorage.cs: e3c8816fe5f5d539a27cff355fe3234a -> 
  custom:container-demuxer-webm: 4f35f7cbe854078d1ac9338744f61a02 -> 
  custom:scripting/monoscript/fileName/KeyExtensionException.cs: eea9973bfe05f3f56a1e408109d901c1 -> 
  custom:scripting/monoscript/fileName/RageVersionInfo.cs: c69b16abffa576f6810d336b85dd521f -> 
  custom:scripting/monoscript/fileName/GameObjectTracker.cs: 13d6ebee78eb69496005ae26cfb6798f -> 
  custom:scripting/monoscript/fileName/TrackerException.cs: fe1d9d9bf7d9815178e0a4dab50f8126 -> 
  custom:scripting/monoscript/fileName/ExtensionException.cs: 8b5dcb05962dfd55f355da6d1c4d1ca4 -> 
  custom:audio-encoder-webm-vorbis: bf7c407c2cedff20999df2af8eb42d56 -> 
  custom:scripting/monoscript/fileName/AlternativeTracker.cs: 6e7ee74b24aa0cbb0bbc186d7f468d5f -> 
  custom:scripting/monoscript/fileName/BaseSettings.cs: 0442d71ad0a6c7eb18ab844ef77193e7 -> 
  custom:scripting/monoscript/fileName/RageExtensions.cs: ecbb6a01ed8a8ea9c58246c78df2f45f -> 
  custom:scripting/monoscript/fileName/CompletableTracker.cs: 1ede3f8cd9ae60b9873298839c6d92da -> 
  custom:scripting/monoscript/fileName/UnityBridge.cs: fd5d9725a25d3d37df36ee8e2cc9ef16 -> 7177b8a7457b0afb5bc1b4da59bdad06
  custom:container-muxer-webm: aa71ff27fc2769a1b78a27578f13a17b -> 
  custom:scripting/monoscript/fileName/ValueExtensionException.cs: 5b7afaac55392dc878612093f55c2204 -> 
  custom:scripting/monoscript/fileName/ISettings.cs: dd6b2a632258d554449ffb39c1990761 -> 
