Using pre-set license
Built from '2022.3/staging' branch; Version is '2022.3.31f1 (4ede2d13e8b4) revision 5168685'; Using compiler version '192829333'; Build Type 'Release'
OS: 'Windows 11  (10.0.22631) 64bit Core' Language: 'en' Physical Memory: 32530 MB
BatchMode: 1, IsHumanControllingUs: 0, StartBugReporterOnCrash: 0, Is64bit: 1, IsPro: 1

COMMAND LINE ARGUMENTS:
C:\Program Files\Unity\Hub\Editor\2022.3.31f1\Editor\Unity.exe
-adb2
-batchMode
-noUpm
-name
AssetImportWorker5
-projectPath
C:/Users/jianu/Documents/College/PracticasEmpresas/HL2.0
-logFile
Logs/AssetImportWorker5.log
-srvPort
52629
Successfully changed project path to: C:/Users/jianu/Documents/College/PracticasEmpresas/HL2.0
C:/Users/jianu/Documents/College/PracticasEmpresas/HL2.0
[UnityMemory] Configuration Parameters - Can be set up in boot.config
    "memorysetup-bucket-allocator-granularity=16"
    "memorysetup-bucket-allocator-bucket-count=8"
    "memorysetup-bucket-allocator-block-size=33554432"
    "memorysetup-bucket-allocator-block-count=8"
    "memorysetup-main-allocator-block-size=16777216"
    "memorysetup-thread-allocator-block-size=16777216"
    "memorysetup-gfx-main-allocator-block-size=16777216"
    "memorysetup-gfx-thread-allocator-block-size=16777216"
    "memorysetup-cache-allocator-block-size=4194304"
    "memorysetup-typetree-allocator-block-size=2097152"
    "memorysetup-profiler-bucket-allocator-granularity=16"
    "memorysetup-profiler-bucket-allocator-bucket-count=8"
    "memorysetup-profiler-bucket-allocator-block-size=33554432"
    "memorysetup-profiler-bucket-allocator-block-count=8"
    "memorysetup-profiler-allocator-block-size=16777216"
    "memorysetup-profiler-editor-allocator-block-size=1048576"
    "memorysetup-temp-allocator-size-main=16777216"
    "memorysetup-job-temp-allocator-block-size=2097152"
    "memorysetup-job-temp-allocator-block-size-background=1048576"
    "memorysetup-job-temp-allocator-reduction-small-platforms=262144"
    "memorysetup-allocator-temp-initial-block-size-main=262144"
    "memorysetup-allocator-temp-initial-block-size-worker=262144"
    "memorysetup-temp-allocator-size-background-worker=32768"
    "memorysetup-temp-allocator-size-job-worker=262144"
    "memorysetup-temp-allocator-size-preload-manager=33554432"
    "memorysetup-temp-allocator-size-nav-mesh-worker=65536"
    "memorysetup-temp-allocator-size-audio-worker=65536"
    "memorysetup-temp-allocator-size-cloud-worker=32768"
    "memorysetup-temp-allocator-size-gi-baking-worker=262144"
    "memorysetup-temp-allocator-size-gfx=262144"
Player connection [22348] Host "[IP] 192.168.1.135 [Port] 0 [Flags] 2 [Guid] 392587083 [EditorId] 392587083 [Version] 1048832 [Id] WindowsEditor(7,DESKTOP-20P5S6B) [Debug] 1 [PackageName] WindowsEditor [ProjectName] Editor" joined multi-casting on [225.0.0.222:54997]...

Player connection [22348] Host "[IP] 192.168.1.135 [Port] 0 [Flags] 2 [Guid] 392587083 [EditorId] 392587083 [Version] 1048832 [Id] WindowsEditor(7,DESKTOP-20P5S6B) [Debug] 1 [PackageName] WindowsEditor [ProjectName] Editor" joined alternative multi-casting on [225.0.0.222:34997]...

[PhysX] Initialized MultithreadedTaskDispatcher with 20 workers.
Refreshing native plugins compatible for Editor in 8.09 ms, found 2 plugins.
Preloading 0 native plugins for Editor in 0.00 ms.
Initialize engine version: 2022.3.31f1 (4ede2d13e8b4)
[Subsystems] Discovering subsystems at path C:/Program Files/Unity/Hub/Editor/2022.3.31f1/Editor/Data/Resources/UnitySubsystems
[Subsystems] Discovering subsystems at path C:/Users/jianu/Documents/College/PracticasEmpresas/HL2.0/Assets
GfxDevice: creating device client; threaded=0; jobified=0
Direct3D:
    Version:  Direct3D 11.0 [level 11.1]
    Renderer: AMD Radeon RX 6800 XT (ID=0x73bf)
    Vendor:   ATI
    VRAM:     16337 MB
    Driver:   31.0.21031.1005
Initialize mono
Mono path[0] = 'C:/Program Files/Unity/Hub/Editor/2022.3.31f1/Editor/Data/Managed'
Mono path[1] = 'C:/Program Files/Unity/Hub/Editor/2022.3.31f1/Editor/Data/MonoBleedingEdge/lib/mono/unityjit-win32'
Mono config path = 'C:/Program Files/Unity/Hub/Editor/2022.3.31f1/Editor/Data/MonoBleedingEdge/etc'
Using monoOptions --debugger-agent=transport=dt_socket,embedding=1,server=y,suspend=n,address=127.0.0.1:56808
Begin MonoManager ReloadAssembly
Registering precompiled unity dll's ...
Register platform support module: C:/Program Files/Unity/Hub/Editor/2022.3.31f1/Editor/Data/PlaybackEngines/WindowsStandaloneSupport/UnityEditor.WindowsStandalone.Extensions.dll
Registered in 0.003729 seconds.
- Loaded All Assemblies, in  0.220 seconds
Native extension for WindowsStandalone target not found
Mono: successfully reloaded assembly
- Finished resetting the current domain, in  0.165 seconds
Domain Reload Profiling: 384ms
	BeginReloadAssembly (65ms)
		ExecutionOrderSort (0ms)
		DisableScriptedObjects (0ms)
		BackupInstance (0ms)
		ReleaseScriptingObjects (0ms)
		CreateAndSetChildDomain (1ms)
	RebuildCommonClasses (24ms)
	RebuildNativeTypeToScriptingClass (6ms)
	initialDomainReloadingComplete (38ms)
	LoadAllAssembliesAndSetupDomain (86ms)
		LoadAssemblies (64ms)
		RebuildTransferFunctionScriptingTraits (0ms)
		AnalyzeDomain (85ms)
			TypeCache.Refresh (84ms)
				TypeCache.ScanAssembly (76ms)
			ScanForSourceGeneratedMonoScriptInfo (0ms)
			ResolveRequiredComponents (0ms)
	FinalizeReload (165ms)
		ReleaseScriptCaches (0ms)
		RebuildScriptCaches (0ms)
		SetupLoadedEditorAssemblies (129ms)
			LogAssemblyErrors (0ms)
			InitializePlatformSupportModulesInManaged (5ms)
			SetLoadedEditorAssemblies (5ms)
			RefreshPlugins (0ms)
			BeforeProcessingInitializeOnLoad (2ms)
			ProcessInitializeOnLoadAttributes (88ms)
			ProcessInitializeOnLoadMethodAttributes (30ms)
			AfterProcessingInitializeOnLoad (0ms)
			EditorAssembliesLoaded (0ms)
		ExecutionOrderSort2 (0ms)
		AwakeInstancesAfterBackupRestoration (0ms)
========================================================================
Worker process is ready to serve import requests
Begin MonoManager ReloadAssembly
Symbol file LoadedFromMemory is not a mono symbol file
- Loaded All Assemblies, in  0.374 seconds
Refreshing native plugins compatible for Editor in 5.05 ms, found 2 plugins.
Native extension for WindowsStandalone target not found
Package Manager log level set to [2]
[Package Manager] Server::EnsureServerProcessIsRunning -- launch failed, reason: Unity was launched with the -noUpm command-line argument
[Package Manager] UpmClient::Send -- Unable to send message (not connected to UPM process).
[Package Manager] Cannot connect to Unity Package Manager local server
Mono: successfully reloaded assembly
- Finished resetting the current domain, in  0.432 seconds
Domain Reload Profiling: 804ms
	BeginReloadAssembly (91ms)
		ExecutionOrderSort (0ms)
		DisableScriptedObjects (4ms)
		BackupInstance (0ms)
		ReleaseScriptingObjects (0ms)
		CreateAndSetChildDomain (14ms)
	RebuildCommonClasses (19ms)
	RebuildNativeTypeToScriptingClass (6ms)
	initialDomainReloadingComplete (27ms)
	LoadAllAssembliesAndSetupDomain (229ms)
		LoadAssemblies (206ms)
		RebuildTransferFunctionScriptingTraits (0ms)
		AnalyzeDomain (74ms)
			TypeCache.Refresh (61ms)
				TypeCache.ScanAssembly (51ms)
			ScanForSourceGeneratedMonoScriptInfo (11ms)
			ResolveRequiredComponents (2ms)
	FinalizeReload (432ms)
		ReleaseScriptCaches (0ms)
		RebuildScriptCaches (0ms)
		SetupLoadedEditorAssemblies (339ms)
			LogAssemblyErrors (0ms)
			InitializePlatformSupportModulesInManaged (4ms)
			SetLoadedEditorAssemblies (3ms)
			RefreshPlugins (0ms)
			BeforeProcessingInitializeOnLoad (39ms)
			ProcessInitializeOnLoadAttributes (201ms)
			ProcessInitializeOnLoadMethodAttributes (88ms)
			AfterProcessingInitializeOnLoad (4ms)
			EditorAssembliesLoaded (0ms)
		ExecutionOrderSort2 (0ms)
		AwakeInstancesAfterBackupRestoration (4ms)
Launched and connected shader compiler UnityShaderCompiler.exe after 0.03 seconds
Refreshing native plugins compatible for Editor in 5.00 ms, found 2 plugins.
Preloading 0 native plugins for Editor in 0.00 ms.
Unloading 2535 Unused Serialized files (Serialized files now loaded: 0)
Unloading 66 unused Assets / (72.6 KB). Loaded Objects now: 2974.
Memory consumption went from 107.4 MB to 107.3 MB.
Total: 4.699100 ms (FindLiveObjects: 0.117800 ms CreateObjectMapping: 0.034400 ms MarkObjects: 4.449000 ms  DeleteObjects: 0.097100 ms)

AssetImportParameters requested are different than current active one (requested -> active):
  custom:video-decoder-webm-vp8: 9c59270c3fd7afecdb556c50c9e8de78 -> 
  custom:scripting/monoscript/fileName/AssetManager.cs: 2b8749f5b94569975d472b5d20812787 -> 
  custom:scripting/monoscript/fileName/ActorXApiException.cs: 7fe7f0dede163a8484c4632f27aea59d -> 
  custom:scripting/monoscript/fileName/IWebServiceRequest.cs: 8622d5b914365b6a16e97ca6508d0a73 -> 
  custom:scripting/monoscript/fileName/TraceException.cs: 772bde6351e95f21e2d2ecebfce363f4 -> 
  custom:scripting/monoscript/fileName/Tracker.cs: a5be636750c3798cd02f09599a462662 -> 4c0b57620ab3ff043c5873c365f0e670
  custom:SearchIndexIgnoredProperties: e643bd26f0fe6173181afceb89e7c659 -> 
  custom:scripting/monoscript/fileName/SimpleJSON.cs: 854a6f2fe34cc0b6194ac82bb7b08943 -> 70c028a07c79c166db015acda1282d86
  custom:container-demuxer-ogg: 62fdf1f143b41e24485cea50d1cbac27 -> 
  custom:AudioImporter_EditorPlatform: d09bf68614088b80899f8185d706f6e7 -> 
  custom:scripting/monoscript/fileName/IBridge.cs: 32457dec32e97313c41f53c0accc2686 -> 
  custom:scripting/monoscript/fileName/TrackerAssetSettings.cs: 70a6058392f63e12402b11b84d1a1549 -> 
  custom:scripting/monoscript/fileName/ILog.cs: 6f2137e3b6623583aabb0c2fb100ff62 -> 
  custom:scripting/monoscript/fileName/IDefaultSettings.cs: 4db81ce6ffef35675e0c3b02f39fcdb4 -> 
  custom:video-decoder-ogg-theora: a1e56fd34408186e4bbccfd4996cb3dc -> 
  custom:scripting/monoscript/fileName/XApiException.cs: 5d0ff04588b0bc9f0cc88132ef409a51 -> 
  custom:framework-win-MediaFoundation: 216162199b28c13a410421893ffa2e32 -> 
  custom:scripting/monoscript/fileName/TargetXApiException.cs: adc7580ff01aba7428bd81451a1da61a -> 
  custom:scripting/monoscript/fileName/TrackerAssetUtils.cs: 6d485ad9961a73e7d344e7f39bc87d7b -> 
  custom:scripting/monoscript/fileName/IWebServiceRequestAsync.cs: dc6dca6add60f3d2a8c63f6c983bbd76 -> 
  custom:video-encoder-webm-vp8: eb34c28f22e8b96e1ab97ce403110664 -> 
  custom:scripting/monoscript/fileName/IAsset.cs: 06fad4d88d1228ea8f2608340109f7f8 -> 
  custom:scripting/monoscript/fileName/ExtensionXApiException.cs: 9a0daa22d9c21a18a38e23624c495cc4 -> 
  custom:audio-decoder-ogg-vorbis: bf7c407c2cedff20999df2af8eb42d56 -> 
  custom:scripting/monoscript/fileName/BaseAsset.cs: 50332eb09fde9a4746057be2ed404339 -> 
  custom:CustomObjectIndexerAttribute: 9a22284fe3817be447336de3de66b15e -> 
  custom:scripting/monoscript/fileName/TrackerAsset.cs: c18efb8e51dd29addd833a5d9a8f006b -> 
  custom:scripting/monoscript/fileName/VerbXApiException.cs: 3c2163b8f11428726cd27e339e1463ad -> 
  custom:scripting/monoscript/fileName/AccessibleTracker.cs: eb21079763ac04eee63314f4f3805ee1 -> 
  custom:scripting/monoscript/fileName/Messages.cs: e87a1e160e1707f77a4bc0fa0e5f7b4b -> 
  custom:scripting/monoscript/fileName/ConcurrentQueue.cs: 90647cc400823b41df847a6cbfc29026 -> 
  custom:scripting/monoscript/fileName/IDataStorage.cs: e3c8816fe5f5d539a27cff355fe3234a -> 
  custom:container-demuxer-webm: 4f35f7cbe854078d1ac9338744f61a02 -> 
  custom:scripting/monoscript/fileName/KeyExtensionException.cs: eea9973bfe05f3f56a1e408109d901c1 -> 
  custom:scripting/monoscript/fileName/RageVersionInfo.cs: c69b16abffa576f6810d336b85dd521f -> 
  custom:scripting/monoscript/fileName/GameObjectTracker.cs: 13d6ebee78eb69496005ae26cfb6798f -> 
  custom:scripting/monoscript/fileName/TrackerException.cs: fe1d9d9bf7d9815178e0a4dab50f8126 -> 
  custom:scripting/monoscript/fileName/ExtensionException.cs: 8b5dcb05962dfd55f355da6d1c4d1ca4 -> 
  custom:audio-encoder-webm-vorbis: bf7c407c2cedff20999df2af8eb42d56 -> 
  custom:scripting/monoscript/fileName/AlternativeTracker.cs: 6e7ee74b24aa0cbb0bbc186d7f468d5f -> 
  custom:scripting/monoscript/fileName/BaseSettings.cs: 0442d71ad0a6c7eb18ab844ef77193e7 -> 
  custom:scripting/monoscript/fileName/RageExtensions.cs: ecbb6a01ed8a8ea9c58246c78df2f45f -> 
  custom:scripting/monoscript/fileName/CompletableTracker.cs: 1ede3f8cd9ae60b9873298839c6d92da -> 
  custom:scripting/monoscript/fileName/UnityBridge.cs: fd5d9725a25d3d37df36ee8e2cc9ef16 -> 7177b8a7457b0afb5bc1b4da59bdad06
  custom:container-muxer-webm: aa71ff27fc2769a1b78a27578f13a17b -> 
  custom:scripting/monoscript/fileName/ValueExtensionException.cs: 5b7afaac55392dc878612093f55c2204 -> 
  custom:scripting/monoscript/fileName/ISettings.cs: dd6b2a632258d554449ffb39c1990761 -> 
========================================================================
Received Prepare
Begin MonoManager ReloadAssembly
Symbol file LoadedFromMemory is not a mono symbol file
- Loaded All Assemblies, in  0.412 seconds
Refreshing native plugins compatible for Editor in 5.91 ms, found 2 plugins.
Native extension for WindowsStandalone target not found
[Package Manager] Server::EnsureServerProcessIsRunning -- launch failed, reason: Unity was launched with the -noUpm command-line argument
[Package Manager] UpmClient::Send -- Unable to send message (not connected to UPM process).
[Package Manager] Cannot connect to Unity Package Manager local server
Mono: successfully reloaded assembly
- Finished resetting the current domain, in  0.585 seconds
Domain Reload Profiling: 995ms
	BeginReloadAssembly (203ms)
		ExecutionOrderSort (0ms)
		DisableScriptedObjects (3ms)
		BackupInstance (0ms)
		ReleaseScriptingObjects (0ms)
		CreateAndSetChildDomain (21ms)
	RebuildCommonClasses (20ms)
	RebuildNativeTypeToScriptingClass (12ms)
	initialDomainReloadingComplete (19ms)
	LoadAllAssembliesAndSetupDomain (156ms)
		LoadAssemblies (203ms)
		RebuildTransferFunctionScriptingTraits (0ms)
		AnalyzeDomain (7ms)
			TypeCache.Refresh (4ms)
				TypeCache.ScanAssembly (0ms)
			ScanForSourceGeneratedMonoScriptInfo (0ms)
			ResolveRequiredComponents (3ms)
	FinalizeReload (585ms)
		ReleaseScriptCaches (0ms)
		RebuildScriptCaches (0ms)
		SetupLoadedEditorAssemblies (335ms)
			LogAssemblyErrors (0ms)
			InitializePlatformSupportModulesInManaged (4ms)
			SetLoadedEditorAssemblies (3ms)
			RefreshPlugins (0ms)
			BeforeProcessingInitializeOnLoad (40ms)
			ProcessInitializeOnLoadAttributes (198ms)
			ProcessInitializeOnLoadMethodAttributes (86ms)
			AfterProcessingInitializeOnLoad (4ms)
			EditorAssembliesLoaded (0ms)
		ExecutionOrderSort2 (0ms)
		AwakeInstancesAfterBackupRestoration (5ms)
Refreshing native plugins compatible for Editor in 5.78 ms, found 2 plugins.
Preloading 0 native plugins for Editor in 0.00 ms.
Unloading 2529 Unused Serialized files (Serialized files now loaded: 0)
Unloading 57 unused Assets / (46.7 KB). Loaded Objects now: 2977.
Memory consumption went from 106.5 MB to 106.4 MB.
Total: 4.867100 ms (FindLiveObjects: 0.121100 ms CreateObjectMapping: 0.034400 ms MarkObjects: 4.626100 ms  DeleteObjects: 0.084700 ms)

Prepare: number of updated asset objects reloaded= 0
AssetImportParameters requested are different than current active one (requested -> active):
  custom:video-decoder-webm-vp8: 9c59270c3fd7afecdb556c50c9e8de78 -> 
  custom:scripting/monoscript/fileName/AssetManager.cs: 2b8749f5b94569975d472b5d20812787 -> 
  custom:scripting/monoscript/fileName/ActorXApiException.cs: 7fe7f0dede163a8484c4632f27aea59d -> 
  custom:scripting/monoscript/fileName/IWebServiceRequest.cs: 8622d5b914365b6a16e97ca6508d0a73 -> 
  custom:scripting/monoscript/fileName/TraceException.cs: 772bde6351e95f21e2d2ecebfce363f4 -> 
  custom:scripting/monoscript/fileName/Tracker.cs: a5be636750c3798cd02f09599a462662 -> 4c0b57620ab3ff043c5873c365f0e670
  custom:SearchIndexIgnoredProperties: e643bd26f0fe6173181afceb89e7c659 -> 
  custom:scripting/monoscript/fileName/SimpleJSON.cs: 854a6f2fe34cc0b6194ac82bb7b08943 -> 70c028a07c79c166db015acda1282d86
  custom:container-demuxer-ogg: 62fdf1f143b41e24485cea50d1cbac27 -> 
  custom:AudioImporter_EditorPlatform: d09bf68614088b80899f8185d706f6e7 -> 
  custom:scripting/monoscript/fileName/IBridge.cs: 32457dec32e97313c41f53c0accc2686 -> 
  custom:scripting/monoscript/fileName/TrackerAssetSettings.cs: 70a6058392f63e12402b11b84d1a1549 -> 
  custom:scripting/monoscript/fileName/ILog.cs: 6f2137e3b6623583aabb0c2fb100ff62 -> 
  custom:scripting/monoscript/fileName/IDefaultSettings.cs: 4db81ce6ffef35675e0c3b02f39fcdb4 -> 
  custom:video-decoder-ogg-theora: a1e56fd34408186e4bbccfd4996cb3dc -> 
  custom:scripting/monoscript/fileName/XApiException.cs: 5d0ff04588b0bc9f0cc88132ef409a51 -> 
  custom:framework-win-MediaFoundation: 216162199b28c13a410421893ffa2e32 -> 
  custom:scripting/monoscript/fileName/TargetXApiException.cs: adc7580ff01aba7428bd81451a1da61a -> 
  custom:scripting/monoscript/fileName/TrackerAssetUtils.cs: 6d485ad9961a73e7d344e7f39bc87d7b -> 
  custom:scripting/monoscript/fileName/IWebServiceRequestAsync.cs: dc6dca6add60f3d2a8c63f6c983bbd76 -> 
  custom:video-encoder-webm-vp8: eb34c28f22e8b96e1ab97ce403110664 -> 
  custom:scripting/monoscript/fileName/IAsset.cs: 06fad4d88d1228ea8f2608340109f7f8 -> 
  custom:scripting/monoscript/fileName/ExtensionXApiException.cs: 9a0daa22d9c21a18a38e23624c495cc4 -> 
  custom:audio-decoder-ogg-vorbis: bf7c407c2cedff20999df2af8eb42d56 -> 
  custom:scripting/monoscript/fileName/BaseAsset.cs: 50332eb09fde9a4746057be2ed404339 -> 
  custom:CustomObjectIndexerAttribute: 9a22284fe3817be447336de3de66b15e -> 
  custom:scripting/monoscript/fileName/TrackerAsset.cs: c18efb8e51dd29addd833a5d9a8f006b -> 
  custom:scripting/monoscript/fileName/VerbXApiException.cs: 3c2163b8f11428726cd27e339e1463ad -> 
  custom:scripting/monoscript/fileName/AccessibleTracker.cs: eb21079763ac04eee63314f4f3805ee1 -> 
  custom:scripting/monoscript/fileName/Messages.cs: e87a1e160e1707f77a4bc0fa0e5f7b4b -> 
  custom:scripting/monoscript/fileName/ConcurrentQueue.cs: 90647cc400823b41df847a6cbfc29026 -> 
  custom:scripting/monoscript/fileName/IDataStorage.cs: e3c8816fe5f5d539a27cff355fe3234a -> 
  custom:container-demuxer-webm: 4f35f7cbe854078d1ac9338744f61a02 -> 
  custom:scripting/monoscript/fileName/KeyExtensionException.cs: eea9973bfe05f3f56a1e408109d901c1 -> 
  custom:scripting/monoscript/fileName/RageVersionInfo.cs: c69b16abffa576f6810d336b85dd521f -> 
  custom:scripting/monoscript/fileName/GameObjectTracker.cs: 13d6ebee78eb69496005ae26cfb6798f -> 
  custom:scripting/monoscript/fileName/TrackerException.cs: fe1d9d9bf7d9815178e0a4dab50f8126 -> 
  custom:scripting/monoscript/fileName/ExtensionException.cs: 8b5dcb05962dfd55f355da6d1c4d1ca4 -> 
  custom:audio-encoder-webm-vorbis: bf7c407c2cedff20999df2af8eb42d56 -> 
  custom:scripting/monoscript/fileName/AlternativeTracker.cs: 6e7ee74b24aa0cbb0bbc186d7f468d5f -> 
  custom:scripting/monoscript/fileName/BaseSettings.cs: 0442d71ad0a6c7eb18ab844ef77193e7 -> 
  custom:scripting/monoscript/fileName/RageExtensions.cs: ecbb6a01ed8a8ea9c58246c78df2f45f -> 
  custom:scripting/monoscript/fileName/CompletableTracker.cs: 1ede3f8cd9ae60b9873298839c6d92da -> 
  custom:scripting/monoscript/fileName/UnityBridge.cs: fd5d9725a25d3d37df36ee8e2cc9ef16 -> 7177b8a7457b0afb5bc1b4da59bdad06
  custom:container-muxer-webm: aa71ff27fc2769a1b78a27578f13a17b -> 
  custom:scripting/monoscript/fileName/ValueExtensionException.cs: 5b7afaac55392dc878612093f55c2204 -> 
  custom:scripting/monoscript/fileName/ISettings.cs: dd6b2a632258d554449ffb39c1990761 -> 
========================================================================
Received Prepare
Begin MonoManager ReloadAssembly
Symbol file LoadedFromMemory is not a mono symbol file
- Loaded All Assemblies, in  0.380 seconds
Refreshing native plugins compatible for Editor in 5.31 ms, found 2 plugins.
Native extension for WindowsStandalone target not found
[Package Manager] Server::EnsureServerProcessIsRunning -- launch failed, reason: Unity was launched with the -noUpm command-line argument
[Package Manager] UpmClient::Send -- Unable to send message (not connected to UPM process).
[Package Manager] Cannot connect to Unity Package Manager local server
Mono: successfully reloaded assembly
- Finished resetting the current domain, in  0.610 seconds
Domain Reload Profiling: 988ms
	BeginReloadAssembly (201ms)
		ExecutionOrderSort (0ms)
		DisableScriptedObjects (3ms)
		BackupInstance (0ms)
		ReleaseScriptingObjects (0ms)
		CreateAndSetChildDomain (20ms)
	RebuildCommonClasses (19ms)
	RebuildNativeTypeToScriptingClass (6ms)
	initialDomainReloadingComplete (17ms)
	LoadAllAssembliesAndSetupDomain (136ms)
		LoadAssemblies (181ms)
		RebuildTransferFunctionScriptingTraits (0ms)
		AnalyzeDomain (6ms)
			TypeCache.Refresh (3ms)
				TypeCache.ScanAssembly (0ms)
			ScanForSourceGeneratedMonoScriptInfo (0ms)
			ResolveRequiredComponents (2ms)
	FinalizeReload (610ms)
		ReleaseScriptCaches (0ms)
		RebuildScriptCaches (0ms)
		SetupLoadedEditorAssemblies (352ms)
			LogAssemblyErrors (0ms)
			InitializePlatformSupportModulesInManaged (5ms)
			SetLoadedEditorAssemblies (3ms)
			RefreshPlugins (0ms)
			BeforeProcessingInitializeOnLoad (43ms)
			ProcessInitializeOnLoadAttributes (198ms)
			ProcessInitializeOnLoadMethodAttributes (99ms)
			AfterProcessingInitializeOnLoad (4ms)
			EditorAssembliesLoaded (0ms)
		ExecutionOrderSort2 (0ms)
		AwakeInstancesAfterBackupRestoration (6ms)
Refreshing native plugins compatible for Editor in 6.05 ms, found 2 plugins.
Preloading 0 native plugins for Editor in 0.00 ms.
Unloading 2529 Unused Serialized files (Serialized files now loaded: 0)
Unloading 57 unused Assets / (46.7 KB). Loaded Objects now: 2980.
Memory consumption went from 106.5 MB to 106.4 MB.
Total: 3.806900 ms (FindLiveObjects: 0.137700 ms CreateObjectMapping: 0.043900 ms MarkObjects: 3.562900 ms  DeleteObjects: 0.061600 ms)

Prepare: number of updated asset objects reloaded= 0
AssetImportParameters requested are different than current active one (requested -> active):
  custom:video-decoder-webm-vp8: 9c59270c3fd7afecdb556c50c9e8de78 -> 
  custom:scripting/monoscript/fileName/AssetManager.cs: 2b8749f5b94569975d472b5d20812787 -> 
  custom:scripting/monoscript/fileName/ActorXApiException.cs: 7fe7f0dede163a8484c4632f27aea59d -> 
  custom:scripting/monoscript/fileName/IWebServiceRequest.cs: 8622d5b914365b6a16e97ca6508d0a73 -> 
  custom:scripting/monoscript/fileName/TraceException.cs: 772bde6351e95f21e2d2ecebfce363f4 -> 
  custom:scripting/monoscript/fileName/Tracker.cs: a5be636750c3798cd02f09599a462662 -> 4c0b57620ab3ff043c5873c365f0e670
  custom:SearchIndexIgnoredProperties: e643bd26f0fe6173181afceb89e7c659 -> 
  custom:scripting/monoscript/fileName/SimpleJSON.cs: 854a6f2fe34cc0b6194ac82bb7b08943 -> 70c028a07c79c166db015acda1282d86
  custom:container-demuxer-ogg: 62fdf1f143b41e24485cea50d1cbac27 -> 
  custom:AudioImporter_EditorPlatform: d09bf68614088b80899f8185d706f6e7 -> 
  custom:scripting/monoscript/fileName/IBridge.cs: 32457dec32e97313c41f53c0accc2686 -> 
  custom:scripting/monoscript/fileName/TrackerAssetSettings.cs: 70a6058392f63e12402b11b84d1a1549 -> 
  custom:scripting/monoscript/fileName/ILog.cs: 6f2137e3b6623583aabb0c2fb100ff62 -> 
  custom:scripting/monoscript/fileName/IDefaultSettings.cs: 4db81ce6ffef35675e0c3b02f39fcdb4 -> 
  custom:video-decoder-ogg-theora: a1e56fd34408186e4bbccfd4996cb3dc -> 
  custom:scripting/monoscript/fileName/XApiException.cs: 5d0ff04588b0bc9f0cc88132ef409a51 -> 
  custom:framework-win-MediaFoundation: 216162199b28c13a410421893ffa2e32 -> 
  custom:scripting/monoscript/fileName/TargetXApiException.cs: adc7580ff01aba7428bd81451a1da61a -> 
  custom:scripting/monoscript/fileName/TrackerAssetUtils.cs: 6d485ad9961a73e7d344e7f39bc87d7b -> 
  custom:scripting/monoscript/fileName/IWebServiceRequestAsync.cs: dc6dca6add60f3d2a8c63f6c983bbd76 -> 
  custom:video-encoder-webm-vp8: eb34c28f22e8b96e1ab97ce403110664 -> 
  custom:scripting/monoscript/fileName/IAsset.cs: 06fad4d88d1228ea8f2608340109f7f8 -> 
  custom:scripting/monoscript/fileName/ExtensionXApiException.cs: 9a0daa22d9c21a18a38e23624c495cc4 -> 
  custom:audio-decoder-ogg-vorbis: bf7c407c2cedff20999df2af8eb42d56 -> 
  custom:scripting/monoscript/fileName/BaseAsset.cs: 50332eb09fde9a4746057be2ed404339 -> 
  custom:CustomObjectIndexerAttribute: 9a22284fe3817be447336de3de66b15e -> 
  custom:scripting/monoscript/fileName/TrackerAsset.cs: c18efb8e51dd29addd833a5d9a8f006b -> 
  custom:scripting/monoscript/fileName/VerbXApiException.cs: 3c2163b8f11428726cd27e339e1463ad -> 
  custom:scripting/monoscript/fileName/AccessibleTracker.cs: eb21079763ac04eee63314f4f3805ee1 -> 
  custom:scripting/monoscript/fileName/Messages.cs: e87a1e160e1707f77a4bc0fa0e5f7b4b -> 
  custom:scripting/monoscript/fileName/ConcurrentQueue.cs: 90647cc400823b41df847a6cbfc29026 -> 
  custom:scripting/monoscript/fileName/IDataStorage.cs: e3c8816fe5f5d539a27cff355fe3234a -> 
  custom:container-demuxer-webm: 4f35f7cbe854078d1ac9338744f61a02 -> 
  custom:scripting/monoscript/fileName/KeyExtensionException.cs: eea9973bfe05f3f56a1e408109d901c1 -> 
  custom:scripting/monoscript/fileName/RageVersionInfo.cs: c69b16abffa576f6810d336b85dd521f -> 
  custom:scripting/monoscript/fileName/GameObjectTracker.cs: 13d6ebee78eb69496005ae26cfb6798f -> 
  custom:scripting/monoscript/fileName/TrackerException.cs: fe1d9d9bf7d9815178e0a4dab50f8126 -> 
  custom:scripting/monoscript/fileName/ExtensionException.cs: 8b5dcb05962dfd55f355da6d1c4d1ca4 -> 
  custom:audio-encoder-webm-vorbis: bf7c407c2cedff20999df2af8eb42d56 -> 
  custom:scripting/monoscript/fileName/AlternativeTracker.cs: 6e7ee74b24aa0cbb0bbc186d7f468d5f -> 
  custom:scripting/monoscript/fileName/BaseSettings.cs: 0442d71ad0a6c7eb18ab844ef77193e7 -> 
  custom:scripting/monoscript/fileName/RageExtensions.cs: ecbb6a01ed8a8ea9c58246c78df2f45f -> 
  custom:scripting/monoscript/fileName/CompletableTracker.cs: 1ede3f8cd9ae60b9873298839c6d92da -> 
  custom:scripting/monoscript/fileName/UnityBridge.cs: fd5d9725a25d3d37df36ee8e2cc9ef16 -> 7177b8a7457b0afb5bc1b4da59bdad06
  custom:container-muxer-webm: aa71ff27fc2769a1b78a27578f13a17b -> 
  custom:scripting/monoscript/fileName/ValueExtensionException.cs: 5b7afaac55392dc878612093f55c2204 -> 
  custom:scripting/monoscript/fileName/ISettings.cs: dd6b2a632258d554449ffb39c1990761 -> 
========================================================================
Received Prepare
Begin MonoManager ReloadAssembly
Symbol file LoadedFromMemory is not a mono symbol file
- Loaded All Assemblies, in  0.445 seconds
Refreshing native plugins compatible for Editor in 5.43 ms, found 2 plugins.
Native extension for WindowsStandalone target not found
[Package Manager] Server::EnsureServerProcessIsRunning -- launch failed, reason: Unity was launched with the -noUpm command-line argument
[Package Manager] UpmClient::Send -- Unable to send message (not connected to UPM process).
[Package Manager] Cannot connect to Unity Package Manager local server
Mono: successfully reloaded assembly
- Finished resetting the current domain, in  0.575 seconds
Domain Reload Profiling: 1018ms
	BeginReloadAssembly (224ms)
		ExecutionOrderSort (0ms)
		DisableScriptedObjects (3ms)
		BackupInstance (0ms)
		ReleaseScriptingObjects (0ms)
		CreateAndSetChildDomain (21ms)
	RebuildCommonClasses (18ms)
	RebuildNativeTypeToScriptingClass (6ms)
	initialDomainReloadingComplete (18ms)
	LoadAllAssembliesAndSetupDomain (176ms)
		LoadAssemblies (191ms)
		RebuildTransferFunctionScriptingTraits (0ms)
		AnalyzeDomain (40ms)
			TypeCache.Refresh (28ms)
				TypeCache.ScanAssembly (21ms)
			ScanForSourceGeneratedMonoScriptInfo (10ms)
			ResolveRequiredComponents (2ms)
	FinalizeReload (576ms)
		ReleaseScriptCaches (0ms)
		RebuildScriptCaches (0ms)
		SetupLoadedEditorAssemblies (334ms)
			LogAssemblyErrors (0ms)
			InitializePlatformSupportModulesInManaged (4ms)
			SetLoadedEditorAssemblies (3ms)
			RefreshPlugins (0ms)
			BeforeProcessingInitializeOnLoad (42ms)
			ProcessInitializeOnLoadAttributes (192ms)
			ProcessInitializeOnLoadMethodAttributes (88ms)
			AfterProcessingInitializeOnLoad (5ms)
			EditorAssembliesLoaded (0ms)
		ExecutionOrderSort2 (0ms)
		AwakeInstancesAfterBackupRestoration (6ms)
Refreshing native plugins compatible for Editor in 6.58 ms, found 2 plugins.
Preloading 0 native plugins for Editor in 0.00 ms.
Unloading 2529 Unused Serialized files (Serialized files now loaded: 0)
Unloading 57 unused Assets / (46.7 KB). Loaded Objects now: 2983.
Memory consumption went from 106.5 MB to 106.5 MB.
Total: 3.647600 ms (FindLiveObjects: 0.108700 ms CreateObjectMapping: 0.030300 ms MarkObjects: 3.453200 ms  DeleteObjects: 0.054000 ms)

Prepare: number of updated asset objects reloaded= 0
AssetImportParameters requested are different than current active one (requested -> active):
  custom:video-decoder-webm-vp8: 9c59270c3fd7afecdb556c50c9e8de78 -> 
  custom:scripting/monoscript/fileName/AssetManager.cs: 2b8749f5b94569975d472b5d20812787 -> 
  custom:scripting/monoscript/fileName/ActorXApiException.cs: 7fe7f0dede163a8484c4632f27aea59d -> 
  custom:scripting/monoscript/fileName/IWebServiceRequest.cs: 8622d5b914365b6a16e97ca6508d0a73 -> 
  custom:scripting/monoscript/fileName/TraceException.cs: 772bde6351e95f21e2d2ecebfce363f4 -> 
  custom:scripting/monoscript/fileName/Tracker.cs: a5be636750c3798cd02f09599a462662 -> 4c0b57620ab3ff043c5873c365f0e670
  custom:SearchIndexIgnoredProperties: e643bd26f0fe6173181afceb89e7c659 -> 
  custom:scripting/monoscript/fileName/SimpleJSON.cs: 854a6f2fe34cc0b6194ac82bb7b08943 -> 70c028a07c79c166db015acda1282d86
  custom:container-demuxer-ogg: 62fdf1f143b41e24485cea50d1cbac27 -> 
  custom:AudioImporter_EditorPlatform: d09bf68614088b80899f8185d706f6e7 -> 
  custom:scripting/monoscript/fileName/IBridge.cs: 32457dec32e97313c41f53c0accc2686 -> 
  custom:scripting/monoscript/fileName/TrackerAssetSettings.cs: 70a6058392f63e12402b11b84d1a1549 -> 
  custom:scripting/monoscript/fileName/ILog.cs: 6f2137e3b6623583aabb0c2fb100ff62 -> 
  custom:scripting/monoscript/fileName/IDefaultSettings.cs: 4db81ce6ffef35675e0c3b02f39fcdb4 -> 
  custom:video-decoder-ogg-theora: a1e56fd34408186e4bbccfd4996cb3dc -> 
  custom:scripting/monoscript/fileName/XApiException.cs: 5d0ff04588b0bc9f0cc88132ef409a51 -> 
  custom:framework-win-MediaFoundation: 216162199b28c13a410421893ffa2e32 -> 
  custom:scripting/monoscript/fileName/TargetXApiException.cs: adc7580ff01aba7428bd81451a1da61a -> 
  custom:scripting/monoscript/fileName/TrackerAssetUtils.cs: 6d485ad9961a73e7d344e7f39bc87d7b -> 
  custom:scripting/monoscript/fileName/IWebServiceRequestAsync.cs: dc6dca6add60f3d2a8c63f6c983bbd76 -> 
  custom:video-encoder-webm-vp8: eb34c28f22e8b96e1ab97ce403110664 -> 
  custom:scripting/monoscript/fileName/IAsset.cs: 06fad4d88d1228ea8f2608340109f7f8 -> 
  custom:scripting/monoscript/fileName/ExtensionXApiException.cs: 9a0daa22d9c21a18a38e23624c495cc4 -> 
  custom:audio-decoder-ogg-vorbis: bf7c407c2cedff20999df2af8eb42d56 -> 
  custom:scripting/monoscript/fileName/BaseAsset.cs: 50332eb09fde9a4746057be2ed404339 -> 
  custom:CustomObjectIndexerAttribute: 9a22284fe3817be447336de3de66b15e -> 
  custom:scripting/monoscript/fileName/TrackerAsset.cs: c18efb8e51dd29addd833a5d9a8f006b -> 
  custom:scripting/monoscript/fileName/VerbXApiException.cs: 3c2163b8f11428726cd27e339e1463ad -> 
  custom:scripting/monoscript/fileName/AccessibleTracker.cs: eb21079763ac04eee63314f4f3805ee1 -> 
  custom:scripting/monoscript/fileName/Messages.cs: e87a1e160e1707f77a4bc0fa0e5f7b4b -> 
  custom:scripting/monoscript/fileName/ConcurrentQueue.cs: 90647cc400823b41df847a6cbfc29026 -> 
  custom:scripting/monoscript/fileName/IDataStorage.cs: e3c8816fe5f5d539a27cff355fe3234a -> 
  custom:container-demuxer-webm: 4f35f7cbe854078d1ac9338744f61a02 -> 
  custom:scripting/monoscript/fileName/KeyExtensionException.cs: eea9973bfe05f3f56a1e408109d901c1 -> 
  custom:scripting/monoscript/fileName/RageVersionInfo.cs: c69b16abffa576f6810d336b85dd521f -> 
  custom:scripting/monoscript/fileName/GameObjectTracker.cs: 13d6ebee78eb69496005ae26cfb6798f -> 
  custom:scripting/monoscript/fileName/TrackerException.cs: fe1d9d9bf7d9815178e0a4dab50f8126 -> 
  custom:scripting/monoscript/fileName/ExtensionException.cs: 8b5dcb05962dfd55f355da6d1c4d1ca4 -> 
  custom:audio-encoder-webm-vorbis: bf7c407c2cedff20999df2af8eb42d56 -> 
  custom:scripting/monoscript/fileName/AlternativeTracker.cs: 6e7ee74b24aa0cbb0bbc186d7f468d5f -> 
  custom:scripting/monoscript/fileName/BaseSettings.cs: 0442d71ad0a6c7eb18ab844ef77193e7 -> 
  custom:scripting/monoscript/fileName/RageExtensions.cs: ecbb6a01ed8a8ea9c58246c78df2f45f -> 
  custom:scripting/monoscript/fileName/CompletableTracker.cs: 1ede3f8cd9ae60b9873298839c6d92da -> 
  custom:scripting/monoscript/fileName/UnityBridge.cs: fd5d9725a25d3d37df36ee8e2cc9ef16 -> 7177b8a7457b0afb5bc1b4da59bdad06
  custom:container-muxer-webm: aa71ff27fc2769a1b78a27578f13a17b -> 
  custom:scripting/monoscript/fileName/ValueExtensionException.cs: 5b7afaac55392dc878612093f55c2204 -> 
  custom:scripting/monoscript/fileName/ISettings.cs: dd6b2a632258d554449ffb39c1990761 -> 
========================================================================
Received Import Request.
  Time since last request: 4936.401380 seconds.
  path: Assets/Antiguo/Recursos/Sprites/Clothes/bañador_doblado.png
  artifactKey: Guid(441f3b4f4db4e4b49a3a5b1a33a613d4) Importer(815301076,1909f56bfc062723c751e8b465ee728b)
Start importing Assets/Antiguo/Recursos/Sprites/Clothes/bañador_doblado.png using Guid(441f3b4f4db4e4b49a3a5b1a33a613d4) Importer(815301076,1909f56bfc062723c751e8b465ee728b) [PhysX] Initialized MultithreadedTaskDispatcher with 20 workers.
[PhysX] Initialized MultithreadedTaskDispatcher with 20 workers.
 -> (artifact id: '67a328bb255c97f41a7a3f7aeea40164') in 0.068346 seconds
Number of updated asset objects reloaded before import = 0
Number of asset objects unloaded after import = 3
========================================================================
Received Import Request.
  Time since last request: 0.000019 seconds.
  path: Assets/Antiguo/Recursos/Sprites/cajon.png
  artifactKey: Guid(63d8d5d984dcde5449289e3f4f111999) Importer(815301076,1909f56bfc062723c751e8b465ee728b)
Start importing Assets/Antiguo/Recursos/Sprites/cajon.png using Guid(63d8d5d984dcde5449289e3f4f111999) Importer(815301076,1909f56bfc062723c751e8b465ee728b) [PhysX] Initialized MultithreadedTaskDispatcher with 20 workers.
[PhysX] Initialized MultithreadedTaskDispatcher with 20 workers.
 -> (artifact id: '525835b0aec499d420bf8b3a462a9051') in 0.013119 seconds
Number of updated asset objects reloaded before import = 0
Number of asset objects unloaded after import = 3
========================================================================
Received Import Request.
  Time since last request: 19.686359 seconds.
  path: Assets/Antiguo/Recursos/Sprites/Clothes/chanclas.png
  artifactKey: Guid(6da9752162ed8cb40b6a2c05bc963dcf) Importer(815301076,1909f56bfc062723c751e8b465ee728b)
Start importing Assets/Antiguo/Recursos/Sprites/Clothes/chanclas.png using Guid(6da9752162ed8cb40b6a2c05bc963dcf) Importer(815301076,1909f56bfc062723c751e8b465ee728b) [PhysX] Initialized MultithreadedTaskDispatcher with 20 workers.
[PhysX] Initialized MultithreadedTaskDispatcher with 20 workers.
 -> (artifact id: 'afbd3b035aeeb69526125c7df4f721d2') in 0.013578 seconds
Number of updated asset objects reloaded before import = 0
Number of asset objects unloaded after import = 3
========================================================================
Received Import Request.
  Time since last request: 0.020610 seconds.
  path: Assets/Sprites/Fondo/Comoda/comoda.png
  artifactKey: Guid(ed7ac06566fa8d248bd17b01cc30f6ed) Importer(815301076,1909f56bfc062723c751e8b465ee728b)
Start importing Assets/Sprites/Fondo/Comoda/comoda.png using Guid(ed7ac06566fa8d248bd17b01cc30f6ed) Importer(815301076,1909f56bfc062723c751e8b465ee728b) [PhysX] Initialized MultithreadedTaskDispatcher with 20 workers.
[PhysX] Initialized MultithreadedTaskDispatcher with 20 workers.
 -> (artifact id: 'c9430de94a086bd5ecf7830c2724b7ac') in 0.013204 seconds
Number of updated asset objects reloaded before import = 0
Number of asset objects unloaded after import = 3
========================================================================
Received Import Request.
  Time since last request: 1.066885 seconds.
  path: Assets/Antiguo/Recursos/Sprites/enlaciudad.png
  artifactKey: Guid(c5b726df7a7e41d4682aeafa2356e377) Importer(815301076,1909f56bfc062723c751e8b465ee728b)
Start importing Assets/Antiguo/Recursos/Sprites/enlaciudad.png using Guid(c5b726df7a7e41d4682aeafa2356e377) Importer(815301076,1909f56bfc062723c751e8b465ee728b) [PhysX] Initialized MultithreadedTaskDispatcher with 20 workers.
[PhysX] Initialized MultithreadedTaskDispatcher with 20 workers.
 -> (artifact id: '8f4996d47e3d3577c6b1c4ae21cc663e') in 0.012965 seconds
Number of updated asset objects reloaded before import = 0
Number of asset objects unloaded after import = 3
========================================================================
Received Import Request.
  Time since last request: 0.020283 seconds.
  path: Assets/Antiguo/Recursos/Sprites/enlaplaya.png
  artifactKey: Guid(8292abbd96c0402448bcbc3f63cee565) Importer(815301076,1909f56bfc062723c751e8b465ee728b)
Start importing Assets/Antiguo/Recursos/Sprites/enlaplaya.png using Guid(8292abbd96c0402448bcbc3f63cee565) Importer(815301076,1909f56bfc062723c751e8b465ee728b) [PhysX] Initialized MultithreadedTaskDispatcher with 20 workers.
[PhysX] Initialized MultithreadedTaskDispatcher with 20 workers.
 -> (artifact id: '81521742d78b5c4dc10170b7bf42c0b6') in 0.010796 seconds
Number of updated asset objects reloaded before import = 0
Number of asset objects unloaded after import = 3
========================================================================
Received Import Request.
  Time since last request: 0.019001 seconds.
  path: Assets/Antiguo/Recursos/Sprites/UI/exitButton.png
  artifactKey: Guid(1d826c5337bd96f428f978b202a64047) Importer(815301076,1909f56bfc062723c751e8b465ee728b)
Start importing Assets/Antiguo/Recursos/Sprites/UI/exitButton.png using Guid(1d826c5337bd96f428f978b202a64047) Importer(815301076,1909f56bfc062723c751e8b465ee728b) [PhysX] Initialized MultithreadedTaskDispatcher with 20 workers.
[PhysX] Initialized MultithreadedTaskDispatcher with 20 workers.
 -> (artifact id: '978c85ddc58b39ce9bcb70f24fe03d7b') in 0.010589 seconds
Number of updated asset objects reloaded before import = 0
Number of asset objects unloaded after import = 3
========================================================================
Received Import Request.
  Time since last request: 2.562074 seconds.
  path: Assets/Antiguo/Recursos/Fonts/Gotham-Medium.otf
  artifactKey: Guid(3d9cdb20fc9092a4c9d312d676d4c8da) Importer(815301076,1909f56bfc062723c751e8b465ee728b)
Start importing Assets/Antiguo/Recursos/Fonts/Gotham-Medium.otf using Guid(3d9cdb20fc9092a4c9d312d676d4c8da) Importer(815301076,1909f56bfc062723c751e8b465ee728b) [PhysX] Initialized MultithreadedTaskDispatcher with 20 workers.
[PhysX] Initialized MultithreadedTaskDispatcher with 20 workers.
[PhysX] Initialized MultithreadedTaskDispatcher with 20 workers.
 -> (artifact id: '28a226ec0cf62ded2b91d661d669f839') in 0.029108 seconds
Number of updated asset objects reloaded before import = 0
Number of asset objects unloaded after import = 4
========================================================================
Received Import Request.
  Time since last request: 0.000015 seconds.
  path: Assets/Antiguo/Recursos/Sprites/UI/frame_right.png
  artifactKey: Guid(c243e49501fe37344ba65b0cb99c849e) Importer(815301076,1909f56bfc062723c751e8b465ee728b)
Start importing Assets/Antiguo/Recursos/Sprites/UI/frame_right.png using Guid(c243e49501fe37344ba65b0cb99c849e) Importer(815301076,1909f56bfc062723c751e8b465ee728b) [PhysX] Initialized MultithreadedTaskDispatcher with 20 workers.
[PhysX] Initialized MultithreadedTaskDispatcher with 20 workers.
 -> (artifact id: '0bd1caf9ee9b5585436661d9e13b2624') in 0.009824 seconds
Number of updated asset objects reloaded before import = 0
Number of asset objects unloaded after import = 3
========================================================================
Received Import Request.
  Time since last request: 0.008488 seconds.
  path: Packages/com.unity.purchasing/Icons/LinkBlack.png
  artifactKey: Guid(33d3dd2c39dfd49a3b2d36b20225624a) Importer(815301076,1909f56bfc062723c751e8b465ee728b)
Start importing Packages/com.unity.purchasing/Icons/LinkBlack.png using Guid(33d3dd2c39dfd49a3b2d36b20225624a) Importer(815301076,1909f56bfc062723c751e8b465ee728b) [PhysX] Initialized MultithreadedTaskDispatcher with 20 workers.
[PhysX] Initialized MultithreadedTaskDispatcher with 20 workers.
 -> (artifact id: '49efb28e8e5683efce2d8aafd1f10abc') in 0.007687 seconds
Number of updated asset objects reloaded before import = 0
Number of asset objects unloaded after import = 2
========================================================================
Received Import Request.
  Time since last request: 0.010972 seconds.
  path: Assets/Sprites/maleta.png
  artifactKey: Guid(c513ae32fe3dbd44bb307b0df3fee39d) Importer(815301076,1909f56bfc062723c751e8b465ee728b)
Start importing Assets/Sprites/maleta.png using Guid(c513ae32fe3dbd44bb307b0df3fee39d) Importer(815301076,1909f56bfc062723c751e8b465ee728b) [PhysX] Initialized MultithreadedTaskDispatcher with 20 workers.
[PhysX] Initialized MultithreadedTaskDispatcher with 20 workers.
 -> (artifact id: '84a386cf34d2dd246feffdea224a1f36') in 0.009826 seconds
Number of updated asset objects reloaded before import = 0
Number of asset objects unloaded after import = 3
========================================================================
Received Import Request.
  Time since last request: 0.259104 seconds.
  path: Assets/Antiguo/Recursos/Sprites/UI/maleta_icono.png
  artifactKey: Guid(fa170553ededaf94c80a8ca14136691d) Importer(815301076,1909f56bfc062723c751e8b465ee728b)
Start importing Assets/Antiguo/Recursos/Sprites/UI/maleta_icono.png using Guid(fa170553ededaf94c80a8ca14136691d) Importer(815301076,1909f56bfc062723c751e8b465ee728b) [PhysX] Initialized MultithreadedTaskDispatcher with 20 workers.
[PhysX] Initialized MultithreadedTaskDispatcher with 20 workers.
 -> (artifact id: 'b69cec4985fcd417ff0c1c9761e46ea1') in 0.014468 seconds
Number of updated asset objects reloaded before import = 0
Number of asset objects unloaded after import = 3
========================================================================
Received Import Request.
  Time since last request: 0.000015 seconds.
  path: Assets/Antiguo/Recursos/Sprites/NombreTitulo.png
  artifactKey: Guid(ce2862fd0de38774497f9aac5c4ead9e) Importer(815301076,1909f56bfc062723c751e8b465ee728b)
Start importing Assets/Antiguo/Recursos/Sprites/NombreTitulo.png using Guid(ce2862fd0de38774497f9aac5c4ead9e) Importer(815301076,1909f56bfc062723c751e8b465ee728b) [PhysX] Initialized MultithreadedTaskDispatcher with 20 workers.
[PhysX] Initialized MultithreadedTaskDispatcher with 20 workers.
 -> (artifact id: '641ef88731e0ac408f7a828eba6bb2a0') in 0.010089 seconds
Number of updated asset objects reloaded before import = 0
Number of asset objects unloaded after import = 3
========================================================================
Received Import Request.
  Time since last request: 0.024538 seconds.
  path: Assets/Antiguo/Recursos/Sprites/Furniture/Dragger/objets_decoration.png
  artifactKey: Guid(6ea21d2cd52d730488abbea5899dca08) Importer(815301076,1909f56bfc062723c751e8b465ee728b)
Start importing Assets/Antiguo/Recursos/Sprites/Furniture/Dragger/objets_decoration.png using Guid(6ea21d2cd52d730488abbea5899dca08) Importer(815301076,1909f56bfc062723c751e8b465ee728b) [PhysX] Initialized MultithreadedTaskDispatcher with 20 workers.
[PhysX] Initialized MultithreadedTaskDispatcher with 20 workers.
 -> (artifact id: '741527619a6b1362d0e84b913f3c0431') in 0.009786 seconds
Number of updated asset objects reloaded before import = 0
Number of asset objects unloaded after import = 3
========================================================================
Received Import Request.
  Time since last request: 0.246212 seconds.
  path: Assets/Sprites/Ropa/pantalones.png
  artifactKey: Guid(993f287b8d7f42c4782abe402beb9beb) Importer(815301076,1909f56bfc062723c751e8b465ee728b)
Start importing Assets/Sprites/Ropa/pantalones.png using Guid(993f287b8d7f42c4782abe402beb9beb) Importer(815301076,1909f56bfc062723c751e8b465ee728b) [PhysX] Initialized MultithreadedTaskDispatcher with 20 workers.
[PhysX] Initialized MultithreadedTaskDispatcher with 20 workers.
 -> (artifact id: '70d8a2fec9b64c04f358cdcecb2b07ac') in 0.016358 seconds
Number of updated asset objects reloaded before import = 0
Number of asset objects unloaded after import = 3
========================================================================
Received Import Request.
  Time since last request: 0.029205 seconds.
  path: Assets/Antiguo/Recursos/Sprites/UI/recuadro_rojo.png
  artifactKey: Guid(04c29cdb38e566643b6d6462287187af) Importer(815301076,1909f56bfc062723c751e8b465ee728b)
Start importing Assets/Antiguo/Recursos/Sprites/UI/recuadro_rojo.png using Guid(04c29cdb38e566643b6d6462287187af) Importer(815301076,1909f56bfc062723c751e8b465ee728b) [PhysX] Initialized MultithreadedTaskDispatcher with 20 workers.
[PhysX] Initialized MultithreadedTaskDispatcher with 20 workers.
 -> (artifact id: 'c38b9ec2f5f9b353d7e504a8cea0c1b0') in 0.011423 seconds
Number of updated asset objects reloaded before import = 0
Number of asset objects unloaded after import = 3
========================================================================
Received Import Request.
  Time since last request: 0.247397 seconds.
  path: Packages/com.unity.purchasing/Icons/UnityEngine.Purchasing.IAPButtonIcon.png
  artifactKey: Guid(55e457740fe60405dac77af143e1a867) Importer(815301076,1909f56bfc062723c751e8b465ee728b)
Start importing Packages/com.unity.purchasing/Icons/UnityEngine.Purchasing.IAPButtonIcon.png using Guid(55e457740fe60405dac77af143e1a867) Importer(815301076,1909f56bfc062723c751e8b465ee728b) [PhysX] Initialized MultithreadedTaskDispatcher with 20 workers.
[PhysX] Initialized MultithreadedTaskDispatcher with 20 workers.
 -> (artifact id: '93754d8fbd7f53a32e7784253599c706') in 0.009082 seconds
Number of updated asset objects reloaded before import = 0
Number of asset objects unloaded after import = 2
========================================================================
Received Import Request.
  Time since last request: 0.034426 seconds.
  path: Assets/Sprites/Fondo/ventana.png
  artifactKey: Guid(478c7e6ccf8f5ca41837fe7fb9cceaee) Importer(815301076,1909f56bfc062723c751e8b465ee728b)
Start importing Assets/Sprites/Fondo/ventana.png using Guid(478c7e6ccf8f5ca41837fe7fb9cceaee) Importer(815301076,1909f56bfc062723c751e8b465ee728b) [PhysX] Initialized MultithreadedTaskDispatcher with 20 workers.
[PhysX] Initialized MultithreadedTaskDispatcher with 20 workers.
 -> (artifact id: '83a2fd59b343b118dc3f406d0f12297c') in 0.010128 seconds
Number of updated asset objects reloaded before import = 0
Number of asset objects unloaded after import = 3
========================================================================
Received Import Request.
  Time since last request: 0.062314 seconds.
  path: Assets/Antiguo/Recursos/Sprites/Clothes/zapatos2.png
  artifactKey: Guid(02eb2bcb46d921b4ea0032f1573040b5) Importer(815301076,1909f56bfc062723c751e8b465ee728b)
Start importing Assets/Antiguo/Recursos/Sprites/Clothes/zapatos2.png using Guid(02eb2bcb46d921b4ea0032f1573040b5) Importer(815301076,1909f56bfc062723c751e8b465ee728b) [PhysX] Initialized MultithreadedTaskDispatcher with 20 workers.
[PhysX] Initialized MultithreadedTaskDispatcher with 20 workers.
 -> (artifact id: 'c695e248ca66a1fc006748c5b8635f7c') in 0.010195 seconds
Number of updated asset objects reloaded before import = 0
Number of asset objects unloaded after import = 3
========================================================================
Received Prepare
Begin MonoManager ReloadAssembly
Symbol file LoadedFromMemory is not a mono symbol file
- Loaded All Assemblies, in  0.389 seconds
Refreshing native plugins compatible for Editor in 5.42 ms, found 2 plugins.
Native extension for WindowsStandalone target not found
[Package Manager] Server::EnsureServerProcessIsRunning -- launch failed, reason: Unity was launched with the -noUpm command-line argument
[Package Manager] UpmClient::Send -- Unable to send message (not connected to UPM process).
[Package Manager] Cannot connect to Unity Package Manager local server
Mono: successfully reloaded assembly
- Finished resetting the current domain, in  0.569 seconds
Domain Reload Profiling: 958ms
	BeginReloadAssembly (202ms)
		ExecutionOrderSort (0ms)
		DisableScriptedObjects (3ms)
		BackupInstance (0ms)
		ReleaseScriptingObjects (0ms)
		CreateAndSetChildDomain (20ms)
	RebuildCommonClasses (18ms)
	RebuildNativeTypeToScriptingClass (6ms)
	initialDomainReloadingComplete (18ms)
	LoadAllAssembliesAndSetupDomain (143ms)
		LoadAssemblies (191ms)
		RebuildTransferFunctionScriptingTraits (0ms)
		AnalyzeDomain (7ms)
			TypeCache.Refresh (4ms)
				TypeCache.ScanAssembly (0ms)
			ScanForSourceGeneratedMonoScriptInfo (0ms)
			ResolveRequiredComponents (2ms)
	FinalizeReload (570ms)
		ReleaseScriptCaches (0ms)
		RebuildScriptCaches (0ms)
		SetupLoadedEditorAssemblies (337ms)
			LogAssemblyErrors (0ms)
			InitializePlatformSupportModulesInManaged (4ms)
			SetLoadedEditorAssemblies (3ms)
			RefreshPlugins (0ms)
			BeforeProcessingInitializeOnLoad (41ms)
			ProcessInitializeOnLoadAttributes (187ms)
			ProcessInitializeOnLoadMethodAttributes (97ms)
			AfterProcessingInitializeOnLoad (4ms)
			EditorAssembliesLoaded (0ms)
		ExecutionOrderSort2 (0ms)
		AwakeInstancesAfterBackupRestoration (6ms)
Refreshing native plugins compatible for Editor in 5.44 ms, found 2 plugins.
Preloading 0 native plugins for Editor in 0.00 ms.
Unloading 2528 Unused Serialized files (Serialized files now loaded: 0)
Unloading 57 unused Assets / (46.6 KB). Loaded Objects now: 3059.
Memory consumption went from 111.1 MB to 111.1 MB.
Total: 4.153500 ms (FindLiveObjects: 0.117000 ms CreateObjectMapping: 0.030600 ms MarkObjects: 3.948600 ms  DeleteObjects: 0.056400 ms)

Prepare: number of updated asset objects reloaded= 0
AssetImportParameters requested are different than current active one (requested -> active):
  custom:video-decoder-webm-vp8: 9c59270c3fd7afecdb556c50c9e8de78 -> 
  custom:scripting/monoscript/fileName/AssetManager.cs: 2b8749f5b94569975d472b5d20812787 -> 
  custom:scripting/monoscript/fileName/ActorXApiException.cs: 7fe7f0dede163a8484c4632f27aea59d -> 
  custom:scripting/monoscript/fileName/IWebServiceRequest.cs: 8622d5b914365b6a16e97ca6508d0a73 -> 
  custom:scripting/monoscript/fileName/TraceException.cs: 772bde6351e95f21e2d2ecebfce363f4 -> 
  custom:scripting/monoscript/fileName/Tracker.cs: a5be636750c3798cd02f09599a462662 -> 4c0b57620ab3ff043c5873c365f0e670
  custom:SearchIndexIgnoredProperties: e643bd26f0fe6173181afceb89e7c659 -> 
  custom:scripting/monoscript/fileName/SimpleJSON.cs: 854a6f2fe34cc0b6194ac82bb7b08943 -> 70c028a07c79c166db015acda1282d86
  custom:container-demuxer-ogg: 62fdf1f143b41e24485cea50d1cbac27 -> 
  custom:AudioImporter_EditorPlatform: d09bf68614088b80899f8185d706f6e7 -> 
  custom:scripting/monoscript/fileName/IBridge.cs: 32457dec32e97313c41f53c0accc2686 -> 
  custom:scripting/monoscript/fileName/TrackerAssetSettings.cs: 70a6058392f63e12402b11b84d1a1549 -> 
  custom:scripting/monoscript/fileName/ILog.cs: 6f2137e3b6623583aabb0c2fb100ff62 -> 
  custom:scripting/monoscript/fileName/IDefaultSettings.cs: 4db81ce6ffef35675e0c3b02f39fcdb4 -> 
  custom:video-decoder-ogg-theora: a1e56fd34408186e4bbccfd4996cb3dc -> 
  custom:scripting/monoscript/fileName/XApiException.cs: 5d0ff04588b0bc9f0cc88132ef409a51 -> 
  custom:framework-win-MediaFoundation: 216162199b28c13a410421893ffa2e32 -> 
  custom:scripting/monoscript/fileName/TargetXApiException.cs: adc7580ff01aba7428bd81451a1da61a -> 
  custom:scripting/monoscript/fileName/TrackerAssetUtils.cs: 6d485ad9961a73e7d344e7f39bc87d7b -> 
  custom:scripting/monoscript/fileName/IWebServiceRequestAsync.cs: dc6dca6add60f3d2a8c63f6c983bbd76 -> 
  custom:video-encoder-webm-vp8: eb34c28f22e8b96e1ab97ce403110664 -> 
  custom:scripting/monoscript/fileName/IAsset.cs: 06fad4d88d1228ea8f2608340109f7f8 -> 
  custom:scripting/monoscript/fileName/ExtensionXApiException.cs: 9a0daa22d9c21a18a38e23624c495cc4 -> 
  custom:audio-decoder-ogg-vorbis: bf7c407c2cedff20999df2af8eb42d56 -> 
  custom:scripting/monoscript/fileName/BaseAsset.cs: 50332eb09fde9a4746057be2ed404339 -> 
  custom:CustomObjectIndexerAttribute: 9a22284fe3817be447336de3de66b15e -> 
  custom:scripting/monoscript/fileName/TrackerAsset.cs: c18efb8e51dd29addd833a5d9a8f006b -> 
  custom:scripting/monoscript/fileName/VerbXApiException.cs: 3c2163b8f11428726cd27e339e1463ad -> 
  custom:scripting/monoscript/fileName/AccessibleTracker.cs: eb21079763ac04eee63314f4f3805ee1 -> 
  custom:scripting/monoscript/fileName/Messages.cs: e87a1e160e1707f77a4bc0fa0e5f7b4b -> 
  custom:scripting/monoscript/fileName/ConcurrentQueue.cs: 90647cc400823b41df847a6cbfc29026 -> 
  custom:scripting/monoscript/fileName/IDataStorage.cs: e3c8816fe5f5d539a27cff355fe3234a -> 
  custom:container-demuxer-webm: 4f35f7cbe854078d1ac9338744f61a02 -> 
  custom:scripting/monoscript/fileName/KeyExtensionException.cs: eea9973bfe05f3f56a1e408109d901c1 -> 
  custom:scripting/monoscript/fileName/RageVersionInfo.cs: c69b16abffa576f6810d336b85dd521f -> 
  custom:scripting/monoscript/fileName/GameObjectTracker.cs: 13d6ebee78eb69496005ae26cfb6798f -> 
  custom:scripting/monoscript/fileName/TrackerException.cs: fe1d9d9bf7d9815178e0a4dab50f8126 -> 
  custom:scripting/monoscript/fileName/ExtensionException.cs: 8b5dcb05962dfd55f355da6d1c4d1ca4 -> 
  custom:audio-encoder-webm-vorbis: bf7c407c2cedff20999df2af8eb42d56 -> 
  custom:scripting/monoscript/fileName/AlternativeTracker.cs: 6e7ee74b24aa0cbb0bbc186d7f468d5f -> 
  custom:scripting/monoscript/fileName/BaseSettings.cs: 0442d71ad0a6c7eb18ab844ef77193e7 -> 
  custom:scripting/monoscript/fileName/RageExtensions.cs: ecbb6a01ed8a8ea9c58246c78df2f45f -> 
  custom:scripting/monoscript/fileName/CompletableTracker.cs: 1ede3f8cd9ae60b9873298839c6d92da -> 
  custom:scripting/monoscript/fileName/UnityBridge.cs: fd5d9725a25d3d37df36ee8e2cc9ef16 -> 7177b8a7457b0afb5bc1b4da59bdad06
  custom:container-muxer-webm: aa71ff27fc2769a1b78a27578f13a17b -> 
  custom:scripting/monoscript/fileName/ValueExtensionException.cs: 5b7afaac55392dc878612093f55c2204 -> 
  custom:scripting/monoscript/fileName/ISettings.cs: dd6b2a632258d554449ffb39c1990761 -> 
========================================================================
Received Prepare
Begin MonoManager ReloadAssembly
Symbol file LoadedFromMemory is not a mono symbol file
- Loaded All Assemblies, in  0.388 seconds
Refreshing native plugins compatible for Editor in 5.49 ms, found 2 plugins.
Native extension for WindowsStandalone target not found
[Package Manager] Server::EnsureServerProcessIsRunning -- launch failed, reason: Unity was launched with the -noUpm command-line argument
[Package Manager] UpmClient::Send -- Unable to send message (not connected to UPM process).
[Package Manager] Cannot connect to Unity Package Manager local server
Mono: successfully reloaded assembly
- Finished resetting the current domain, in  0.580 seconds
Domain Reload Profiling: 967ms
	BeginReloadAssembly (192ms)
		ExecutionOrderSort (0ms)
		DisableScriptedObjects (3ms)
		BackupInstance (0ms)
		ReleaseScriptingObjects (0ms)
		CreateAndSetChildDomain (20ms)
	RebuildCommonClasses (23ms)
	RebuildNativeTypeToScriptingClass (8ms)
	initialDomainReloadingComplete (19ms)
	LoadAllAssembliesAndSetupDomain (144ms)
		LoadAssemblies (187ms)
		RebuildTransferFunctionScriptingTraits (0ms)
		AnalyzeDomain (7ms)
			TypeCache.Refresh (4ms)
				TypeCache.ScanAssembly (0ms)
			ScanForSourceGeneratedMonoScriptInfo (0ms)
			ResolveRequiredComponents (2ms)
	FinalizeReload (581ms)
		ReleaseScriptCaches (0ms)
		RebuildScriptCaches (0ms)
		SetupLoadedEditorAssemblies (339ms)
			LogAssemblyErrors (0ms)
			InitializePlatformSupportModulesInManaged (4ms)
			SetLoadedEditorAssemblies (3ms)
			RefreshPlugins (0ms)
			BeforeProcessingInitializeOnLoad (41ms)
			ProcessInitializeOnLoadAttributes (197ms)
			ProcessInitializeOnLoadMethodAttributes (89ms)
			AfterProcessingInitializeOnLoad (4ms)
			EditorAssembliesLoaded (0ms)
		ExecutionOrderSort2 (0ms)
		AwakeInstancesAfterBackupRestoration (5ms)
Refreshing native plugins compatible for Editor in 5.42 ms, found 2 plugins.
Preloading 0 native plugins for Editor in 0.00 ms.
Unloading 2529 Unused Serialized files (Serialized files now loaded: 0)
Unloading 57 unused Assets / (46.7 KB). Loaded Objects now: 3062.
Memory consumption went from 111.4 MB to 111.3 MB.
Total: 3.668700 ms (FindLiveObjects: 0.115400 ms CreateObjectMapping: 0.033100 ms MarkObjects: 3.469800 ms  DeleteObjects: 0.049800 ms)

Prepare: number of updated asset objects reloaded= 0
AssetImportParameters requested are different than current active one (requested -> active):
  custom:video-decoder-webm-vp8: 9c59270c3fd7afecdb556c50c9e8de78 -> 
  custom:scripting/monoscript/fileName/AssetManager.cs: 2b8749f5b94569975d472b5d20812787 -> 
  custom:scripting/monoscript/fileName/ActorXApiException.cs: 7fe7f0dede163a8484c4632f27aea59d -> 
  custom:scripting/monoscript/fileName/IWebServiceRequest.cs: 8622d5b914365b6a16e97ca6508d0a73 -> 
  custom:scripting/monoscript/fileName/TraceException.cs: 772bde6351e95f21e2d2ecebfce363f4 -> 
  custom:scripting/monoscript/fileName/Tracker.cs: a5be636750c3798cd02f09599a462662 -> 4c0b57620ab3ff043c5873c365f0e670
  custom:SearchIndexIgnoredProperties: e643bd26f0fe6173181afceb89e7c659 -> 
  custom:scripting/monoscript/fileName/SimpleJSON.cs: 854a6f2fe34cc0b6194ac82bb7b08943 -> 70c028a07c79c166db015acda1282d86
  custom:container-demuxer-ogg: 62fdf1f143b41e24485cea50d1cbac27 -> 
  custom:AudioImporter_EditorPlatform: d09bf68614088b80899f8185d706f6e7 -> 
  custom:scripting/monoscript/fileName/IBridge.cs: 32457dec32e97313c41f53c0accc2686 -> 
  custom:scripting/monoscript/fileName/TrackerAssetSettings.cs: 70a6058392f63e12402b11b84d1a1549 -> 
  custom:scripting/monoscript/fileName/ILog.cs: 6f2137e3b6623583aabb0c2fb100ff62 -> 
  custom:scripting/monoscript/fileName/IDefaultSettings.cs: 4db81ce6ffef35675e0c3b02f39fcdb4 -> 
  custom:video-decoder-ogg-theora: a1e56fd34408186e4bbccfd4996cb3dc -> 
  custom:scripting/monoscript/fileName/XApiException.cs: 5d0ff04588b0bc9f0cc88132ef409a51 -> 
  custom:framework-win-MediaFoundation: 216162199b28c13a410421893ffa2e32 -> 
  custom:scripting/monoscript/fileName/TargetXApiException.cs: adc7580ff01aba7428bd81451a1da61a -> 
  custom:scripting/monoscript/fileName/TrackerAssetUtils.cs: 6d485ad9961a73e7d344e7f39bc87d7b -> 
  custom:scripting/monoscript/fileName/IWebServiceRequestAsync.cs: dc6dca6add60f3d2a8c63f6c983bbd76 -> 
  custom:video-encoder-webm-vp8: eb34c28f22e8b96e1ab97ce403110664 -> 
  custom:scripting/monoscript/fileName/IAsset.cs: 06fad4d88d1228ea8f2608340109f7f8 -> 
  custom:scripting/monoscript/fileName/ExtensionXApiException.cs: 9a0daa22d9c21a18a38e23624c495cc4 -> 
  custom:audio-decoder-ogg-vorbis: bf7c407c2cedff20999df2af8eb42d56 -> 
  custom:scripting/monoscript/fileName/BaseAsset.cs: 50332eb09fde9a4746057be2ed404339 -> 
  custom:CustomObjectIndexerAttribute: 9a22284fe3817be447336de3de66b15e -> 
  custom:scripting/monoscript/fileName/TrackerAsset.cs: c18efb8e51dd29addd833a5d9a8f006b -> 
  custom:scripting/monoscript/fileName/VerbXApiException.cs: 3c2163b8f11428726cd27e339e1463ad -> 
  custom:scripting/monoscript/fileName/AccessibleTracker.cs: eb21079763ac04eee63314f4f3805ee1 -> 
  custom:scripting/monoscript/fileName/Messages.cs: e87a1e160e1707f77a4bc0fa0e5f7b4b -> 
  custom:scripting/monoscript/fileName/ConcurrentQueue.cs: 90647cc400823b41df847a6cbfc29026 -> 
  custom:scripting/monoscript/fileName/IDataStorage.cs: e3c8816fe5f5d539a27cff355fe3234a -> 
  custom:container-demuxer-webm: 4f35f7cbe854078d1ac9338744f61a02 -> 
  custom:scripting/monoscript/fileName/KeyExtensionException.cs: eea9973bfe05f3f56a1e408109d901c1 -> 
  custom:scripting/monoscript/fileName/RageVersionInfo.cs: c69b16abffa576f6810d336b85dd521f -> 
  custom:scripting/monoscript/fileName/GameObjectTracker.cs: 13d6ebee78eb69496005ae26cfb6798f -> 
  custom:scripting/monoscript/fileName/TrackerException.cs: fe1d9d9bf7d9815178e0a4dab50f8126 -> 
  custom:scripting/monoscript/fileName/ExtensionException.cs: 8b5dcb05962dfd55f355da6d1c4d1ca4 -> 
  custom:audio-encoder-webm-vorbis: bf7c407c2cedff20999df2af8eb42d56 -> 
  custom:scripting/monoscript/fileName/AlternativeTracker.cs: 6e7ee74b24aa0cbb0bbc186d7f468d5f -> 
  custom:scripting/monoscript/fileName/BaseSettings.cs: 0442d71ad0a6c7eb18ab844ef77193e7 -> 
  custom:scripting/monoscript/fileName/RageExtensions.cs: ecbb6a01ed8a8ea9c58246c78df2f45f -> 
  custom:scripting/monoscript/fileName/CompletableTracker.cs: 1ede3f8cd9ae60b9873298839c6d92da -> 
  custom:scripting/monoscript/fileName/UnityBridge.cs: fd5d9725a25d3d37df36ee8e2cc9ef16 -> 7177b8a7457b0afb5bc1b4da59bdad06
  custom:container-muxer-webm: aa71ff27fc2769a1b78a27578f13a17b -> 
  custom:scripting/monoscript/fileName/ValueExtensionException.cs: 5b7afaac55392dc878612093f55c2204 -> 
  custom:scripting/monoscript/fileName/ISettings.cs: dd6b2a632258d554449ffb39c1990761 -> 
========================================================================
Received Prepare
Begin MonoManager ReloadAssembly
Symbol file LoadedFromMemory is not a mono symbol file
- Loaded All Assemblies, in  0.393 seconds
Refreshing native plugins compatible for Editor in 5.21 ms, found 2 plugins.
Native extension for WindowsStandalone target not found
[Package Manager] Server::EnsureServerProcessIsRunning -- launch failed, reason: Unity was launched with the -noUpm command-line argument
[Package Manager] UpmClient::Send -- Unable to send message (not connected to UPM process).
[Package Manager] Cannot connect to Unity Package Manager local server
Mono: successfully reloaded assembly
- Finished resetting the current domain, in  0.574 seconds
Domain Reload Profiling: 966ms
	BeginReloadAssembly (194ms)
		ExecutionOrderSort (0ms)
		DisableScriptedObjects (3ms)
		BackupInstance (0ms)
		ReleaseScriptingObjects (0ms)
		CreateAndSetChildDomain (19ms)
	RebuildCommonClasses (19ms)
	RebuildNativeTypeToScriptingClass (6ms)
	initialDomainReloadingComplete (18ms)
	LoadAllAssembliesAndSetupDomain (154ms)
		LoadAssemblies (197ms)
		RebuildTransferFunctionScriptingTraits (0ms)
		AnalyzeDomain (7ms)
			TypeCache.Refresh (4ms)
				TypeCache.ScanAssembly (0ms)
			ScanForSourceGeneratedMonoScriptInfo (0ms)
			ResolveRequiredComponents (2ms)
	FinalizeReload (575ms)
		ReleaseScriptCaches (0ms)
		RebuildScriptCaches (0ms)
		SetupLoadedEditorAssemblies (341ms)
			LogAssemblyErrors (0ms)
			InitializePlatformSupportModulesInManaged (4ms)
			SetLoadedEditorAssemblies (3ms)
			RefreshPlugins (0ms)
			BeforeProcessingInitializeOnLoad (42ms)
			ProcessInitializeOnLoadAttributes (188ms)
			ProcessInitializeOnLoadMethodAttributes (99ms)
			AfterProcessingInitializeOnLoad (5ms)
			EditorAssembliesLoaded (0ms)
		ExecutionOrderSort2 (0ms)
		AwakeInstancesAfterBackupRestoration (6ms)
Refreshing native plugins compatible for Editor in 5.49 ms, found 2 plugins.
Preloading 0 native plugins for Editor in 0.00 ms.
Unloading 2529 Unused Serialized files (Serialized files now loaded: 0)
Unloading 57 unused Assets / (46.7 KB). Loaded Objects now: 3065.
Memory consumption went from 111.4 MB to 111.3 MB.
Total: 3.699400 ms (FindLiveObjects: 0.120100 ms CreateObjectMapping: 0.035700 ms MarkObjects: 3.485900 ms  DeleteObjects: 0.056400 ms)

Prepare: number of updated asset objects reloaded= 0
AssetImportParameters requested are different than current active one (requested -> active):
  custom:video-decoder-webm-vp8: 9c59270c3fd7afecdb556c50c9e8de78 -> 
  custom:scripting/monoscript/fileName/AssetManager.cs: 2b8749f5b94569975d472b5d20812787 -> 
  custom:scripting/monoscript/fileName/ActorXApiException.cs: 7fe7f0dede163a8484c4632f27aea59d -> 
  custom:scripting/monoscript/fileName/IWebServiceRequest.cs: 8622d5b914365b6a16e97ca6508d0a73 -> 
  custom:scripting/monoscript/fileName/TraceException.cs: 772bde6351e95f21e2d2ecebfce363f4 -> 
  custom:scripting/monoscript/fileName/Tracker.cs: a5be636750c3798cd02f09599a462662 -> 4c0b57620ab3ff043c5873c365f0e670
  custom:SearchIndexIgnoredProperties: e643bd26f0fe6173181afceb89e7c659 -> 
  custom:scripting/monoscript/fileName/SimpleJSON.cs: 854a6f2fe34cc0b6194ac82bb7b08943 -> 70c028a07c79c166db015acda1282d86
  custom:container-demuxer-ogg: 62fdf1f143b41e24485cea50d1cbac27 -> 
  custom:AudioImporter_EditorPlatform: d09bf68614088b80899f8185d706f6e7 -> 
  custom:scripting/monoscript/fileName/IBridge.cs: 32457dec32e97313c41f53c0accc2686 -> 
  custom:scripting/monoscript/fileName/TrackerAssetSettings.cs: 70a6058392f63e12402b11b84d1a1549 -> 
  custom:scripting/monoscript/fileName/ILog.cs: 6f2137e3b6623583aabb0c2fb100ff62 -> 
  custom:scripting/monoscript/fileName/IDefaultSettings.cs: 4db81ce6ffef35675e0c3b02f39fcdb4 -> 
  custom:video-decoder-ogg-theora: a1e56fd34408186e4bbccfd4996cb3dc -> 
  custom:scripting/monoscript/fileName/XApiException.cs: 5d0ff04588b0bc9f0cc88132ef409a51 -> 
  custom:framework-win-MediaFoundation: 216162199b28c13a410421893ffa2e32 -> 
  custom:scripting/monoscript/fileName/TargetXApiException.cs: adc7580ff01aba7428bd81451a1da61a -> 
  custom:scripting/monoscript/fileName/TrackerAssetUtils.cs: 6d485ad9961a73e7d344e7f39bc87d7b -> 
  custom:scripting/monoscript/fileName/IWebServiceRequestAsync.cs: dc6dca6add60f3d2a8c63f6c983bbd76 -> 
  custom:video-encoder-webm-vp8: eb34c28f22e8b96e1ab97ce403110664 -> 
  custom:scripting/monoscript/fileName/IAsset.cs: 06fad4d88d1228ea8f2608340109f7f8 -> 
  custom:scripting/monoscript/fileName/ExtensionXApiException.cs: 9a0daa22d9c21a18a38e23624c495cc4 -> 
  custom:audio-decoder-ogg-vorbis: bf7c407c2cedff20999df2af8eb42d56 -> 
  custom:scripting/monoscript/fileName/BaseAsset.cs: 50332eb09fde9a4746057be2ed404339 -> 
  custom:CustomObjectIndexerAttribute: 9a22284fe3817be447336de3de66b15e -> 
  custom:scripting/monoscript/fileName/TrackerAsset.cs: c18efb8e51dd29addd833a5d9a8f006b -> 
  custom:scripting/monoscript/fileName/VerbXApiException.cs: 3c2163b8f11428726cd27e339e1463ad -> 
  custom:scripting/monoscript/fileName/AccessibleTracker.cs: eb21079763ac04eee63314f4f3805ee1 -> 
  custom:scripting/monoscript/fileName/Messages.cs: e87a1e160e1707f77a4bc0fa0e5f7b4b -> 
  custom:scripting/monoscript/fileName/ConcurrentQueue.cs: 90647cc400823b41df847a6cbfc29026 -> 
  custom:scripting/monoscript/fileName/IDataStorage.cs: e3c8816fe5f5d539a27cff355fe3234a -> 
  custom:container-demuxer-webm: 4f35f7cbe854078d1ac9338744f61a02 -> 
  custom:scripting/monoscript/fileName/KeyExtensionException.cs: eea9973bfe05f3f56a1e408109d901c1 -> 
  custom:scripting/monoscript/fileName/RageVersionInfo.cs: c69b16abffa576f6810d336b85dd521f -> 
  custom:scripting/monoscript/fileName/GameObjectTracker.cs: 13d6ebee78eb69496005ae26cfb6798f -> 
  custom:scripting/monoscript/fileName/TrackerException.cs: fe1d9d9bf7d9815178e0a4dab50f8126 -> 
  custom:scripting/monoscript/fileName/ExtensionException.cs: 8b5dcb05962dfd55f355da6d1c4d1ca4 -> 
  custom:audio-encoder-webm-vorbis: bf7c407c2cedff20999df2af8eb42d56 -> 
  custom:scripting/monoscript/fileName/AlternativeTracker.cs: 6e7ee74b24aa0cbb0bbc186d7f468d5f -> 
  custom:scripting/monoscript/fileName/BaseSettings.cs: 0442d71ad0a6c7eb18ab844ef77193e7 -> 
  custom:scripting/monoscript/fileName/RageExtensions.cs: ecbb6a01ed8a8ea9c58246c78df2f45f -> 
  custom:scripting/monoscript/fileName/CompletableTracker.cs: 1ede3f8cd9ae60b9873298839c6d92da -> 
  custom:scripting/monoscript/fileName/UnityBridge.cs: fd5d9725a25d3d37df36ee8e2cc9ef16 -> 7177b8a7457b0afb5bc1b4da59bdad06
  custom:container-muxer-webm: aa71ff27fc2769a1b78a27578f13a17b -> 
  custom:scripting/monoscript/fileName/ValueExtensionException.cs: 5b7afaac55392dc878612093f55c2204 -> 
  custom:scripting/monoscript/fileName/ISettings.cs: dd6b2a632258d554449ffb39c1990761 -> 
========================================================================
Received Prepare
Begin MonoManager ReloadAssembly
Symbol file LoadedFromMemory is not a mono symbol file
- Loaded All Assemblies, in  0.390 seconds
Refreshing native plugins compatible for Editor in 5.31 ms, found 2 plugins.
Native extension for WindowsStandalone target not found
[Package Manager] Server::EnsureServerProcessIsRunning -- launch failed, reason: Unity was launched with the -noUpm command-line argument
[Package Manager] UpmClient::Send -- Unable to send message (not connected to UPM process).
[Package Manager] Cannot connect to Unity Package Manager local server
Mono: successfully reloaded assembly
- Finished resetting the current domain, in  0.571 seconds
Domain Reload Profiling: 960ms
	BeginReloadAssembly (199ms)
		ExecutionOrderSort (0ms)
		DisableScriptedObjects (3ms)
		BackupInstance (0ms)
		ReleaseScriptingObjects (0ms)
		CreateAndSetChildDomain (19ms)
	RebuildCommonClasses (19ms)
	RebuildNativeTypeToScriptingClass (7ms)
	initialDomainReloadingComplete (18ms)
	LoadAllAssembliesAndSetupDomain (145ms)
		LoadAssemblies (191ms)
		RebuildTransferFunctionScriptingTraits (0ms)
		AnalyzeDomain (6ms)
			TypeCache.Refresh (4ms)
				TypeCache.ScanAssembly (0ms)
			ScanForSourceGeneratedMonoScriptInfo (0ms)
			ResolveRequiredComponents (2ms)
	FinalizeReload (572ms)
		ReleaseScriptCaches (0ms)
		RebuildScriptCaches (0ms)
		SetupLoadedEditorAssemblies (331ms)
			LogAssemblyErrors (0ms)
			InitializePlatformSupportModulesInManaged (4ms)
			SetLoadedEditorAssemblies (3ms)
			RefreshPlugins (0ms)
			BeforeProcessingInitializeOnLoad (39ms)
			ProcessInitializeOnLoadAttributes (189ms)
			ProcessInitializeOnLoadMethodAttributes (91ms)
			AfterProcessingInitializeOnLoad (4ms)
			EditorAssembliesLoaded (0ms)
		ExecutionOrderSort2 (0ms)
		AwakeInstancesAfterBackupRestoration (5ms)
Refreshing native plugins compatible for Editor in 5.50 ms, found 2 plugins.
Preloading 0 native plugins for Editor in 0.00 ms.
Unloading 2529 Unused Serialized files (Serialized files now loaded: 0)
Unloading 57 unused Assets / (46.8 KB). Loaded Objects now: 3068.
Memory consumption went from 111.4 MB to 111.3 MB.
Total: 3.811500 ms (FindLiveObjects: 0.139000 ms CreateObjectMapping: 0.036300 ms MarkObjects: 3.548000 ms  DeleteObjects: 0.087400 ms)

Prepare: number of updated asset objects reloaded= 0
AssetImportParameters requested are different than current active one (requested -> active):
  custom:video-decoder-webm-vp8: 9c59270c3fd7afecdb556c50c9e8de78 -> 
  custom:scripting/monoscript/fileName/AssetManager.cs: 2b8749f5b94569975d472b5d20812787 -> 
  custom:scripting/monoscript/fileName/ActorXApiException.cs: 7fe7f0dede163a8484c4632f27aea59d -> 
  custom:scripting/monoscript/fileName/IWebServiceRequest.cs: 8622d5b914365b6a16e97ca6508d0a73 -> 
  custom:scripting/monoscript/fileName/TraceException.cs: 772bde6351e95f21e2d2ecebfce363f4 -> 
  custom:scripting/monoscript/fileName/Tracker.cs: a5be636750c3798cd02f09599a462662 -> 4c0b57620ab3ff043c5873c365f0e670
  custom:SearchIndexIgnoredProperties: e643bd26f0fe6173181afceb89e7c659 -> 
  custom:scripting/monoscript/fileName/SimpleJSON.cs: 854a6f2fe34cc0b6194ac82bb7b08943 -> 70c028a07c79c166db015acda1282d86
  custom:container-demuxer-ogg: 62fdf1f143b41e24485cea50d1cbac27 -> 
  custom:AudioImporter_EditorPlatform: d09bf68614088b80899f8185d706f6e7 -> 
  custom:scripting/monoscript/fileName/IBridge.cs: 32457dec32e97313c41f53c0accc2686 -> 
  custom:scripting/monoscript/fileName/TrackerAssetSettings.cs: 70a6058392f63e12402b11b84d1a1549 -> 
  custom:scripting/monoscript/fileName/ILog.cs: 6f2137e3b6623583aabb0c2fb100ff62 -> 
  custom:scripting/monoscript/fileName/IDefaultSettings.cs: 4db81ce6ffef35675e0c3b02f39fcdb4 -> 
  custom:video-decoder-ogg-theora: a1e56fd34408186e4bbccfd4996cb3dc -> 
  custom:scripting/monoscript/fileName/XApiException.cs: 5d0ff04588b0bc9f0cc88132ef409a51 -> 
  custom:framework-win-MediaFoundation: 216162199b28c13a410421893ffa2e32 -> 
  custom:scripting/monoscript/fileName/TargetXApiException.cs: adc7580ff01aba7428bd81451a1da61a -> 
  custom:scripting/monoscript/fileName/TrackerAssetUtils.cs: 6d485ad9961a73e7d344e7f39bc87d7b -> 
  custom:scripting/monoscript/fileName/IWebServiceRequestAsync.cs: dc6dca6add60f3d2a8c63f6c983bbd76 -> 
  custom:video-encoder-webm-vp8: eb34c28f22e8b96e1ab97ce403110664 -> 
  custom:scripting/monoscript/fileName/IAsset.cs: 06fad4d88d1228ea8f2608340109f7f8 -> 
  custom:scripting/monoscript/fileName/ExtensionXApiException.cs: 9a0daa22d9c21a18a38e23624c495cc4 -> 
  custom:audio-decoder-ogg-vorbis: bf7c407c2cedff20999df2af8eb42d56 -> 
  custom:scripting/monoscript/fileName/BaseAsset.cs: 50332eb09fde9a4746057be2ed404339 -> 
  custom:CustomObjectIndexerAttribute: 9a22284fe3817be447336de3de66b15e -> 
  custom:scripting/monoscript/fileName/TrackerAsset.cs: c18efb8e51dd29addd833a5d9a8f006b -> 
  custom:scripting/monoscript/fileName/VerbXApiException.cs: 3c2163b8f11428726cd27e339e1463ad -> 
  custom:scripting/monoscript/fileName/AccessibleTracker.cs: eb21079763ac04eee63314f4f3805ee1 -> 
  custom:scripting/monoscript/fileName/Messages.cs: e87a1e160e1707f77a4bc0fa0e5f7b4b -> 
  custom:scripting/monoscript/fileName/ConcurrentQueue.cs: 90647cc400823b41df847a6cbfc29026 -> 
  custom:scripting/monoscript/fileName/IDataStorage.cs: e3c8816fe5f5d539a27cff355fe3234a -> 
  custom:container-demuxer-webm: 4f35f7cbe854078d1ac9338744f61a02 -> 
  custom:scripting/monoscript/fileName/KeyExtensionException.cs: eea9973bfe05f3f56a1e408109d901c1 -> 
  custom:scripting/monoscript/fileName/RageVersionInfo.cs: c69b16abffa576f6810d336b85dd521f -> 
  custom:scripting/monoscript/fileName/GameObjectTracker.cs: 13d6ebee78eb69496005ae26cfb6798f -> 
  custom:scripting/monoscript/fileName/TrackerException.cs: fe1d9d9bf7d9815178e0a4dab50f8126 -> 
  custom:scripting/monoscript/fileName/ExtensionException.cs: 8b5dcb05962dfd55f355da6d1c4d1ca4 -> 
  custom:audio-encoder-webm-vorbis: bf7c407c2cedff20999df2af8eb42d56 -> 
  custom:scripting/monoscript/fileName/AlternativeTracker.cs: 6e7ee74b24aa0cbb0bbc186d7f468d5f -> 
  custom:scripting/monoscript/fileName/BaseSettings.cs: 0442d71ad0a6c7eb18ab844ef77193e7 -> 
  custom:scripting/monoscript/fileName/RageExtensions.cs: ecbb6a01ed8a8ea9c58246c78df2f45f -> 
  custom:scripting/monoscript/fileName/CompletableTracker.cs: 1ede3f8cd9ae60b9873298839c6d92da -> 
  custom:scripting/monoscript/fileName/UnityBridge.cs: fd5d9725a25d3d37df36ee8e2cc9ef16 -> 7177b8a7457b0afb5bc1b4da59bdad06
  custom:container-muxer-webm: aa71ff27fc2769a1b78a27578f13a17b -> 
  custom:scripting/monoscript/fileName/ValueExtensionException.cs: 5b7afaac55392dc878612093f55c2204 -> 
  custom:scripting/monoscript/fileName/ISettings.cs: dd6b2a632258d554449ffb39c1990761 -> 
========================================================================
Received Prepare
Begin MonoManager ReloadAssembly
Symbol file LoadedFromMemory is not a mono symbol file
- Loaded All Assemblies, in  0.390 seconds
Refreshing native plugins compatible for Editor in 5.71 ms, found 2 plugins.
Native extension for WindowsStandalone target not found
[Package Manager] Server::EnsureServerProcessIsRunning -- launch failed, reason: Unity was launched with the -noUpm command-line argument
[Package Manager] UpmClient::Send -- Unable to send message (not connected to UPM process).
[Package Manager] Cannot connect to Unity Package Manager local server
Mono: successfully reloaded assembly
- Finished resetting the current domain, in  0.573 seconds
Domain Reload Profiling: 960ms
	BeginReloadAssembly (196ms)
		ExecutionOrderSort (0ms)
		DisableScriptedObjects (3ms)
		BackupInstance (0ms)
		ReleaseScriptingObjects (0ms)
		CreateAndSetChildDomain (20ms)
	RebuildCommonClasses (19ms)
	RebuildNativeTypeToScriptingClass (6ms)
	initialDomainReloadingComplete (19ms)
	LoadAllAssembliesAndSetupDomain (148ms)
		LoadAssemblies (192ms)
		RebuildTransferFunctionScriptingTraits (0ms)
		AnalyzeDomain (7ms)
			TypeCache.Refresh (4ms)
				TypeCache.ScanAssembly (0ms)
			ScanForSourceGeneratedMonoScriptInfo (0ms)
			ResolveRequiredComponents (2ms)
	FinalizeReload (573ms)
		ReleaseScriptCaches (0ms)
		RebuildScriptCaches (0ms)
		SetupLoadedEditorAssemblies (342ms)
			LogAssemblyErrors (0ms)
			InitializePlatformSupportModulesInManaged (4ms)
			SetLoadedEditorAssemblies (3ms)
			RefreshPlugins (0ms)
			BeforeProcessingInitializeOnLoad (41ms)
			ProcessInitializeOnLoadAttributes (196ms)
			ProcessInitializeOnLoadMethodAttributes (93ms)
			AfterProcessingInitializeOnLoad (4ms)
			EditorAssembliesLoaded (0ms)
		ExecutionOrderSort2 (0ms)
		AwakeInstancesAfterBackupRestoration (5ms)
Refreshing native plugins compatible for Editor in 5.32 ms, found 2 plugins.
Preloading 0 native plugins for Editor in 0.00 ms.
Unloading 2529 Unused Serialized files (Serialized files now loaded: 0)
Unloading 57 unused Assets / (46.7 KB). Loaded Objects now: 3071.
Memory consumption went from 111.4 MB to 111.4 MB.
Total: 3.630200 ms (FindLiveObjects: 0.113400 ms CreateObjectMapping: 0.032400 ms MarkObjects: 3.423400 ms  DeleteObjects: 0.060300 ms)

Prepare: number of updated asset objects reloaded= 0
AssetImportParameters requested are different than current active one (requested -> active):
  custom:video-decoder-webm-vp8: 9c59270c3fd7afecdb556c50c9e8de78 -> 
  custom:scripting/monoscript/fileName/AssetManager.cs: 2b8749f5b94569975d472b5d20812787 -> 
  custom:scripting/monoscript/fileName/ActorXApiException.cs: 7fe7f0dede163a8484c4632f27aea59d -> 
  custom:scripting/monoscript/fileName/IWebServiceRequest.cs: 8622d5b914365b6a16e97ca6508d0a73 -> 
  custom:scripting/monoscript/fileName/TraceException.cs: 772bde6351e95f21e2d2ecebfce363f4 -> 
  custom:scripting/monoscript/fileName/Tracker.cs: a5be636750c3798cd02f09599a462662 -> 4c0b57620ab3ff043c5873c365f0e670
  custom:SearchIndexIgnoredProperties: e643bd26f0fe6173181afceb89e7c659 -> 
  custom:scripting/monoscript/fileName/SimpleJSON.cs: 854a6f2fe34cc0b6194ac82bb7b08943 -> 70c028a07c79c166db015acda1282d86
  custom:container-demuxer-ogg: 62fdf1f143b41e24485cea50d1cbac27 -> 
  custom:AudioImporter_EditorPlatform: d09bf68614088b80899f8185d706f6e7 -> 
  custom:scripting/monoscript/fileName/IBridge.cs: 32457dec32e97313c41f53c0accc2686 -> 
  custom:scripting/monoscript/fileName/TrackerAssetSettings.cs: 70a6058392f63e12402b11b84d1a1549 -> 
  custom:scripting/monoscript/fileName/ILog.cs: 6f2137e3b6623583aabb0c2fb100ff62 -> 
  custom:scripting/monoscript/fileName/IDefaultSettings.cs: 4db81ce6ffef35675e0c3b02f39fcdb4 -> 
  custom:video-decoder-ogg-theora: a1e56fd34408186e4bbccfd4996cb3dc -> 
  custom:scripting/monoscript/fileName/XApiException.cs: 5d0ff04588b0bc9f0cc88132ef409a51 -> 
  custom:framework-win-MediaFoundation: 216162199b28c13a410421893ffa2e32 -> 
  custom:scripting/monoscript/fileName/TargetXApiException.cs: adc7580ff01aba7428bd81451a1da61a -> 
  custom:scripting/monoscript/fileName/TrackerAssetUtils.cs: 6d485ad9961a73e7d344e7f39bc87d7b -> 
  custom:scripting/monoscript/fileName/IWebServiceRequestAsync.cs: dc6dca6add60f3d2a8c63f6c983bbd76 -> 
  custom:video-encoder-webm-vp8: eb34c28f22e8b96e1ab97ce403110664 -> 
  custom:scripting/monoscript/fileName/IAsset.cs: 06fad4d88d1228ea8f2608340109f7f8 -> 
  custom:scripting/monoscript/fileName/ExtensionXApiException.cs: 9a0daa22d9c21a18a38e23624c495cc4 -> 
  custom:audio-decoder-ogg-vorbis: bf7c407c2cedff20999df2af8eb42d56 -> 
  custom:scripting/monoscript/fileName/BaseAsset.cs: 50332eb09fde9a4746057be2ed404339 -> 
  custom:CustomObjectIndexerAttribute: 9a22284fe3817be447336de3de66b15e -> 
  custom:scripting/monoscript/fileName/TrackerAsset.cs: c18efb8e51dd29addd833a5d9a8f006b -> 
  custom:scripting/monoscript/fileName/VerbXApiException.cs: 3c2163b8f11428726cd27e339e1463ad -> 
  custom:scripting/monoscript/fileName/AccessibleTracker.cs: eb21079763ac04eee63314f4f3805ee1 -> 
  custom:scripting/monoscript/fileName/Messages.cs: e87a1e160e1707f77a4bc0fa0e5f7b4b -> 
  custom:scripting/monoscript/fileName/ConcurrentQueue.cs: 90647cc400823b41df847a6cbfc29026 -> 
  custom:scripting/monoscript/fileName/IDataStorage.cs: e3c8816fe5f5d539a27cff355fe3234a -> 
  custom:container-demuxer-webm: 4f35f7cbe854078d1ac9338744f61a02 -> 
  custom:scripting/monoscript/fileName/KeyExtensionException.cs: eea9973bfe05f3f56a1e408109d901c1 -> 
  custom:scripting/monoscript/fileName/RageVersionInfo.cs: c69b16abffa576f6810d336b85dd521f -> 
  custom:scripting/monoscript/fileName/GameObjectTracker.cs: 13d6ebee78eb69496005ae26cfb6798f -> 
  custom:scripting/monoscript/fileName/TrackerException.cs: fe1d9d9bf7d9815178e0a4dab50f8126 -> 
  custom:scripting/monoscript/fileName/ExtensionException.cs: 8b5dcb05962dfd55f355da6d1c4d1ca4 -> 
  custom:audio-encoder-webm-vorbis: bf7c407c2cedff20999df2af8eb42d56 -> 
  custom:scripting/monoscript/fileName/AlternativeTracker.cs: 6e7ee74b24aa0cbb0bbc186d7f468d5f -> 
  custom:scripting/monoscript/fileName/BaseSettings.cs: 0442d71ad0a6c7eb18ab844ef77193e7 -> 
  custom:scripting/monoscript/fileName/RageExtensions.cs: ecbb6a01ed8a8ea9c58246c78df2f45f -> 
  custom:scripting/monoscript/fileName/CompletableTracker.cs: 1ede3f8cd9ae60b9873298839c6d92da -> 
  custom:scripting/monoscript/fileName/UnityBridge.cs: fd5d9725a25d3d37df36ee8e2cc9ef16 -> 7177b8a7457b0afb5bc1b4da59bdad06
  custom:container-muxer-webm: aa71ff27fc2769a1b78a27578f13a17b -> 
  custom:scripting/monoscript/fileName/ValueExtensionException.cs: 5b7afaac55392dc878612093f55c2204 -> 
  custom:scripting/monoscript/fileName/ISettings.cs: dd6b2a632258d554449ffb39c1990761 -> 
